<?xml version="1.0" encoding="UTF-8"?>
<testsuite name="marquez.db.mappers.JobFacetsMapperTest" tests="1" skipped="0" failures="0" errors="0" timestamp="2024-02-09T04:43:45" hostname="MacBook-Air.local" time="0.047">
  <properties/>
  <testcase name="shouldMapFullJobFacets()" classname="marquez.db.mappers.JobFacetsMapperTest" time="0.047"/>
  <system-out><![CDATA[]]></system-out>
  <system-err><![CDATA[]]></system-err>
</testsuite>
