<?xml version="1.0" encoding="UTF-8"?>
<testsuite name="marquez.db.migrations.V67_2_JobFacetsBackfillJobVersionTest" tests="1" skipped="0" failures="0" errors="0" timestamp="2024-02-09T04:43:50" hostname="MacBook-Air.local" time="0.169">
  <properties/>
  <testcase name="testBackFill()" classname="marquez.db.migrations.V67_2_JobFacetsBackfillJobVersionTest" time="0.169"/>
  <system-out><![CDATA[INFO  [2024-02-09 10:13:49,559] org.flywaydb.core.internal.license.VersionPrinter: Flyway Community Edition 8.5.13 by Redgate
INFO  [2024-02-09 10:13:49,559] org.flywaydb.core.internal.license.VersionPrinter: See what's new here: https://flywaydb.org/documentation/learnmore/releaseNotes#8.5.13
INFO  [2024-02-09 10:13:49,559] org.flywaydb.core.internal.license.VersionPrinter: 
INFO  [2024-02-09 10:13:49,561] org.flywaydb.core.internal.resource.ResourceNameValidator: 3 SQL migrations were detected but not run because they did not follow the filename convention.
INFO  [2024-02-09 10:13:49,561] org.flywaydb.core.internal.resource.ResourceNameValidator: If this is in error, enable debug logging or 'validateMigrationNaming' to fail fast and see a list of the invalid file names.
INFO  [2024-02-09 10:13:49,571] org.flywaydb.core.internal.database.base.BaseDatabaseType: Database: jdbc:postgresql://localhost:55773/test (PostgreSQL 14.10)
INFO  [2024-02-09 10:13:49,582] org.flywaydb.core.internal.command.DbValidate: Successfully validated 79 migrations (execution time 00:00.007s)
INFO  [2024-02-09 10:13:49,587] org.flywaydb.core.internal.schemahistory.JdbcTableSchemaHistory: Creating Schema History table "public"."flyway_schema_history" ...
INFO  [2024-02-09 10:13:49,593] org.flywaydb.core.internal.command.DbMigrate: Current version of schema "public": << Empty Schema >>
INFO  [2024-02-09 10:13:49,595] org.flywaydb.core.internal.command.DbMigrate: Migrating schema "public" to version "1 - initial schema"
INFO  [2024-02-09 10:13:49,615] org.flywaydb.core.internal.command.DbMigrate: Migrating schema "public" to version "2 - add job contexts"
INFO  [2024-02-09 10:13:49,623] org.flywaydb.core.internal.command.DbMigrate: Migrating schema "public" to version "2.1 - alter job versions to add job context uuid"
INFO  [2024-02-09 10:13:49,630] org.flywaydb.core.internal.command.DbMigrate: Migrating schema "public" to version "3 - drop not null constraint on job location"
INFO  [2024-02-09 10:13:49,637] org.flywaydb.core.internal.command.DbMigrate: Migrating schema "public" to version "4 - add dataset fields"
INFO  [2024-02-09 10:13:49,645] org.flywaydb.core.internal.command.DbMigrate: Migrating schema "public" to version "5 - add tags"
INFO  [2024-02-09 10:13:49,655] org.flywaydb.core.internal.command.DbMigrate: Migrating schema "public" to version "6 - alter datasets to add last modified"
INFO  [2024-02-09 10:13:49,662] org.flywaydb.core.internal.command.DbMigrate: Migrating schema "public" to version "7 - alter run args to change args"
INFO  [2024-02-09 10:13:49,669] org.flywaydb.core.internal.command.DbMigrate: Migrating schema "public" to version "8 - alter datasets to change unique constraint"
INFO  [2024-02-09 10:13:49,677] org.flywaydb.core.internal.command.DbMigrate: Migrating schema "public" to version "9 - alter sources to drop composite unique constraint"
INFO  [2024-02-09 10:13:49,686] org.flywaydb.core.internal.command.DbMigrate: Migrating schema "public" to version "10 - drop unique constraint on job name"
INFO  [2024-02-09 10:13:49,694] org.flywaydb.core.internal.command.DbMigrate: Migrating schema "public" to version "11 - alter datasets to rename last modified"
INFO  [2024-02-09 10:13:49,700] org.flywaydb.core.internal.command.DbMigrate: Migrating schema "public" to version "12 - alter dataset fields to change unique constraint"
INFO  [2024-02-09 10:13:49,708] org.flywaydb.core.internal.command.DbMigrate: Migrating schema "public" to version "13 - alter run add start end state"
INFO  [2024-02-09 10:13:49,715] org.flywaydb.core.internal.command.DbMigrate: Migrating schema "public" to version "14 - index datasetversion datasetid"
INFO  [2024-02-09 10:13:49,722] org.flywaydb.core.internal.command.DbMigrate: Migrating schema "public" to version "15 - index created at and current run state on runs"
INFO  [2024-02-09 10:13:49,729] org.flywaydb.core.internal.command.DbMigrate: Migrating schema "public" to version "16 - index created at on runs"
INFO  [2024-02-09 10:13:49,735] org.flywaydb.core.internal.command.DbMigrate: Migrating schema "public" to version "17.1 - unique version constraint"
INFO  [2024-02-09 10:13:49,743] org.flywaydb.core.internal.command.DbMigrate: Migrating schema "public" to version "17.2 - open lineage"
INFO  [2024-02-09 10:13:49,750] org.flywaydb.core.internal.command.DbMigrate: Migrating schema "public" to version "18 - drop dataset constraint"
INFO  [2024-02-09 10:13:49,756] org.flywaydb.core.internal.command.DbMigrate: Migrating schema "public" to version "19 - alter run to add external id"
INFO  [2024-02-09 10:13:49,763] org.flywaydb.core.internal.command.DbMigrate: Migrating schema "public" to version "20 - drop lineage pk"
INFO  [2024-02-09 10:13:49,770] org.flywaydb.core.internal.command.DbMigrate: Migrating schema "public" to version "21 - alter jobs to add namespace name"
INFO  [2024-02-09 10:13:49,778] org.flywaydb.core.internal.command.DbMigrate: Migrating schema "public" to version "22 - alter job versions to add namespace"
INFO  [2024-02-09 10:13:49,787] org.flywaydb.core.internal.command.DbMigrate: Migrating schema "public" to version "23 - alter runs"
INFO  [2024-02-09 10:13:49,803] org.flywaydb.core.internal.command.DbMigrate: Migrating schema "public" to version "24 - alter jobs"
INFO  [2024-02-09 10:13:49,813] org.flywaydb.core.internal.command.DbMigrate: Migrating schema "public" to version "25 - alter datasets"
INFO  [2024-02-09 10:13:49,822] org.flywaydb.core.internal.command.DbMigrate: Migrating schema "public" to version "26 - alter jobs change type"
INFO  [2024-02-09 10:13:49,839] org.flywaydb.core.internal.command.DbMigrate: Migrating schema "public" to version "27 - alter runs add context"
INFO  [2024-02-09 10:13:49,848] org.flywaydb.core.internal.command.DbMigrate: Migrating schema "public" to version "28 - update jobs fix inputs"
INFO  [2024-02-09 10:13:49,856] org.flywaydb.core.internal.command.DbMigrate: Migrating schema "public" to version "29 - alter dataset versions add fields"
INFO  [2024-02-09 10:13:49,882] org.flywaydb.core.internal.command.DbMigrate: Migrating schema "public" to version "30 - alter runs change transitioned at type"
INFO  [2024-02-09 10:13:49,890] org.flywaydb.core.internal.command.DbMigrate: Migrating schema "public" to version "31 - alter job io mapping"
INFO  [2024-02-09 10:13:49,900] org.flywaydb.core.internal.command.DbMigrate: Migrating schema "public" to version "32 - index runs created at"
INFO  [2024-02-09 10:13:49,907] org.flywaydb.core.internal.command.DbMigrate: Migrating schema "public" to version "33 - index lineage events run id"
INFO  [2024-02-09 10:13:49,917] org.flywaydb.core.internal.command.DbMigrate: Migrating schema "public" to version "34 - drop not null constraint on field type"
INFO  [2024-02-09 10:13:49,924] org.flywaydb.core.internal.command.DbMigrate: Migrating schema "public" to version "35 - drop io mapping tables"
INFO  [2024-02-09 10:13:49,931] org.flywaydb.core.internal.command.DbMigrate: Migrating schema "public" to version "36 - drop run id column in lineage events"
INFO  [2024-02-09 10:13:49,940] org.flywaydb.core.internal.command.DbMigrate: Migrating schema "public" to version "37 - alter dataset fields to change type"
INFO  [2024-02-09 10:13:49,947] org.flywaydb.core.internal.command.DbMigrate: Migrating schema "public" to version "38 - alter namespaces to resize name"
INFO  [2024-02-09 10:13:49,954] org.flywaydb.core.internal.command.DbMigrate: Migrating schema "public" to version "39 - alter sources to resize name"
INFO  [2024-02-09 10:13:49,961] org.flywaydb.core.internal.command.DbMigrate: Migrating schema "public" to version "40 - alter tables resize namespace and connection url"
INFO  [2024-02-09 10:13:49,972] org.flywaydb.core.internal.command.DbMigrate: Migrating schema "public" to version "41 - add operation to dataset versions"
INFO  [2024-02-09 10:13:49,979] org.flywaydb.core.internal.command.DbMigrate: Migrating schema "public" to version "42 - add job symlink target"
INFO  [2024-02-09 10:13:49,986] org.flywaydb.core.internal.command.DbMigrate: Migrating schema "public" to version "43 - alter jobs add job parent uuid"
INFO  [2024-02-09 10:13:49,989] org.flywaydb.core.internal.sqlscript.DefaultSqlScriptExecutor: DB: index "jobs_namespace_uuid_name_key" does not exist, skipping
INFO  [2024-02-09 10:13:49,991] org.flywaydb.core.internal.sqlscript.DefaultSqlScriptExecutor: DB: ALTER TABLE / ADD CONSTRAINT USING INDEX will rename index "jobs_namespace_uuid_name_parent" to "unique_jobs_namespace_uuid_name_parent"
INFO  [2024-02-09 10:13:49,999] org.flywaydb.core.internal.command.DbMigrate: Migrating schema "public" to version "44 - runs job versions add job uuid"
INFO  [2024-02-09 10:13:50,001] org.flywaydb.core.internal.sqlscript.DefaultSqlScriptExecutor: DB: trigger "runs_insert_job_uuid" for relation "runs" does not exist, skipping
INFO  [2024-02-09 10:13:50,008] org.flywaydb.core.internal.command.DbMigrate: Migrating schema "public" to version "44.1 - UpdateRunsWithJobUUID" [non-transactional]
INFO  [2024-02-09 10:13:50,014] org.flywaydb.core.internal.command.DbMigrate: Migrating schema "public" to version "44.2 - BackfillAirflowParentRuns" [non-transactional]
INFO  [2024-02-09 10:13:50,023] org.flywaydb.core.internal.command.DbMigrate: Migrating schema "public" to version "44.3 - BackfillJobsWithParents" [non-transactional]
INFO  [2024-02-09 10:13:50,031] org.flywaydb.core.internal.command.DbMigrate: Migrating schema "public" to version "45 - update jobs view rule"
INFO  [2024-02-09 10:13:50,032] org.flywaydb.core.internal.sqlscript.DefaultSqlScriptExecutor: DB: constraint "jobs_namespace_uuid_name_key" of relation "jobs" does not exist, skipping
INFO  [2024-02-09 10:13:50,033] org.flywaydb.core.internal.sqlscript.DefaultSqlScriptExecutor: DB: index "jobs_namespace_uuid_name_key" does not exist, skipping
INFO  [2024-02-09 10:13:50,033] org.flywaydb.core.internal.sqlscript.DefaultSqlScriptExecutor: DB: constraint "jobs_namespace_uuid_name_null_parent" of relation "jobs" does not exist, skipping
INFO  [2024-02-09 10:13:50,034] org.flywaydb.core.internal.sqlscript.DefaultSqlScriptExecutor: DB: index "jobs_namespace_uuid_name_parent" does not exist, skipping
INFO  [2024-02-09 10:13:50,035] org.flywaydb.core.internal.sqlscript.DefaultSqlScriptExecutor: DB: index "unique_jobs_namespace_uuid_name_parent" does not exist, skipping
INFO  [2024-02-09 10:13:50,044] org.flywaydb.core.internal.command.DbMigrate: Migrating schema "public" to version "46 - add hidden column to jobs and datasets"
INFO  [2024-02-09 10:13:50,052] org.flywaydb.core.internal.command.DbMigrate: Migrating schema "public" to version "47 - add lineage event indexes" [non-transactional]
INFO  [2024-02-09 10:13:50,058] org.flywaydb.core.internal.command.DbMigrate: Migrating schema "public" to version "48 - dataset symlinks"
INFO  [2024-02-09 10:13:50,062] org.flywaydb.core.internal.sqlscript.DefaultSqlScriptExecutor: DB: type "dataset_name" does not exist, skipping
INFO  [2024-02-09 10:13:50,068] org.flywaydb.core.internal.command.DbMigrate: Migrating schema "public" to version "49 - column lineage"
INFO  [2024-02-09 10:13:50,076] org.flywaydb.core.internal.command.DbMigrate: Migrating schema "public" to version "50 - index dataset fields"
INFO  [2024-02-09 10:13:50,082] org.flywaydb.core.internal.command.DbMigrate: Migrating schema "public" to version "51 - job indices for lineage"
INFO  [2024-02-09 10:13:50,090] org.flywaydb.core.internal.command.DbMigrate: Migrating schema "public" to version "52 - alter dataset symlinks"
INFO  [2024-02-09 10:13:50,097] org.flywaydb.core.internal.command.DbMigrate: Migrating schema "public" to version "53 - add hidden namespace"
INFO  [2024-02-09 10:13:50,104] org.flywaydb.core.internal.command.DbMigrate: Migrating schema "public" to version "54 - lineage events created at indexed"
INFO  [2024-02-09 10:13:50,111] org.flywaydb.core.internal.command.DbMigrate: Migrating schema "public" to version "55.1 - add dataset facets"
INFO  [2024-02-09 10:13:50,118] org.flywaydb.core.internal.command.DbMigrate: Migrating schema "public" to version "55.2 - add job facets"
INFO  [2024-02-09 10:13:50,127] org.flywaydb.core.internal.command.DbMigrate: Migrating schema "public" to version "55.3 - add run facets"
INFO  [2024-02-09 10:13:50,135] org.flywaydb.core.internal.command.DbMigrate: Migrating schema "public" to version "56.1 - CreateFacetViews" [non-transactional]
INFO  [2024-02-09 10:13:50,152] org.flywaydb.core.internal.command.DbMigrate: Migrating schema "public" to version "57.1 - add migration lock"
INFO  [2024-02-09 10:13:50,159] org.flywaydb.core.internal.command.DbMigrate: Migrating schema "public" to version "57.2 - BackFillFacets" [non-transactional]
INFO  [2024-02-09 10:13:50,161] marquez.db.migrations.V57_1__BackfillFacets: Vacuuming lineage_events table
INFO  [2024-02-09 10:13:50,173] marquez.db.migrations.V57_1__BackfillFacets: Vacuuming lineage_events table finished
INFO  [2024-02-09 10:13:50,174] marquez.db.migrations.V57_1__BackfillFacets: Estimating 0 events in lineage_events table
INFO  [2024-02-09 10:13:50,190] org.flywaydb.core.internal.command.DbMigrate: Migrating schema "public" to version "58 - job fqn name index"
INFO  [2024-02-09 10:13:50,196] org.flywaydb.core.internal.command.DbMigrate: Migrating schema "public" to version "59.1 - column lineage add indexes"
INFO  [2024-02-09 10:13:50,205] org.flywaydb.core.internal.command.DbMigrate: Migrating schema "public" to version "59.2 - facet tables indexes"
INFO  [2024-02-09 10:13:50,213] org.flywaydb.core.internal.command.DbMigrate: Migrating schema "public" to version "60 - alter job versions to drop job context uuid"
INFO  [2024-02-09 10:13:50,220] org.flywaydb.core.internal.command.DbMigrate: Migrating schema "public" to version "61 - unique job fqn index"
INFO  [2024-02-09 10:13:50,230] org.flywaydb.core.internal.command.DbMigrate: Migrating schema "public" to version "62 - index run states and parent run"
INFO  [2024-02-09 10:13:50,240] org.flywaydb.core.internal.command.DbMigrate: Migrating schema "public" to version "63 - alter tables add on cascade delete"
INFO  [2024-02-09 10:13:50,275] org.flywaydb.core.internal.command.DbMigrate: Migrating schema "public" to version "64 - drop job contexts"
INFO  [2024-02-09 10:13:50,284] org.flywaydb.core.internal.command.DbMigrate: Migrating schema "public" to version "65 - alter dataset facets to change lineage event type as nullable"
INFO  [2024-02-09 10:13:50,290] org.flywaydb.core.internal.command.DbMigrate: Migrating schema "public" to version "66.1 - alter job facets"
INFO  [2024-02-09 10:13:50,299] org.flywaydb.core.internal.command.DbMigrate: Migrating schema "public" to version "66.2 - alter lineage events add event type"
INFO  [2024-02-09 10:13:50,306] org.flywaydb.core.internal.command.DbMigrate: Migrating schema "public" to version "66.3 - BackfillJobFacetsWithJobVersion" [non-transactional]
INFO  [2024-02-09 10:13:50,313] org.flywaydb.core.internal.command.DbMigrate: Migrating schema "public" to version "67.1 - job versions io mapping add job reference"
INFO  [2024-02-09 10:13:50,324] org.flywaydb.core.internal.command.DbMigrate: Migrating schema "public" to version "67.2 - Back fill job_uuid and is_current_job_version in job_versions_io_mapping table" [non-transactional]
INFO  [2024-02-09 10:13:50,331] org.flywaydb.core.internal.command.DbMigrate: Successfully applied 79 migrations to schema "public", now at version v67.2 (execution time 00:00.740s)
INFO  [2024-02-09 10:13:50,515] org.flywaydb.core.internal.license.VersionPrinter: Flyway Community Edition 8.5.13 by Redgate
INFO  [2024-02-09 10:13:50,515] org.flywaydb.core.internal.license.VersionPrinter: See what's new here: https://flywaydb.org/documentation/learnmore/releaseNotes#8.5.13
INFO  [2024-02-09 10:13:50,515] org.flywaydb.core.internal.license.VersionPrinter: 
INFO  [2024-02-09 10:13:50,516] org.flywaydb.core.internal.resource.ResourceNameValidator: 3 SQL migrations were detected but not run because they did not follow the filename convention.
INFO  [2024-02-09 10:13:50,516] org.flywaydb.core.internal.resource.ResourceNameValidator: If this is in error, enable debug logging or 'validateMigrationNaming' to fail fast and see a list of the invalid file names.
INFO  [2024-02-09 10:13:50,532] org.flywaydb.core.internal.command.DbClean: Successfully dropped pre-schema database level objects (execution time 00:00.000s)
INFO  [2024-02-09 10:13:50,582] org.flywaydb.core.internal.command.DbClean: Successfully cleaned schema "public" (execution time 00:00.049s)
INFO  [2024-02-09 10:13:50,589] org.flywaydb.core.internal.command.DbClean: Successfully cleaned schema "public" (execution time 00:00.006s)
INFO  [2024-02-09 10:13:50,589] org.flywaydb.core.internal.command.DbClean: Successfully dropped post-schema database level objects (execution time 00:00.000s)
]]></system-out>
  <system-err><![CDATA[]]></system-err>
</testsuite>
