<?xml version="1.0" encoding="UTF-8"?>
<testsuite name="marquez.service.OpenLineageServiceIntegrationTest" tests="30" skipped="0" failures="0" errors="0" timestamp="2024-02-09T04:44:11" hostname="MacBook-Air.local" time="5.901">
  <properties/>
  <testcase name="testDatasetVersionUpdatedOnRunCompletion()" classname="marquez.service.OpenLineageServiceIntegrationTest" time="0.459"/>
  <testcase name="[1] uris=[file:/Users/anwar/Fahim/marquez/api/build/resources/test/open_lineage/event_required_only.json], expectedResults=marquez.service.OpenLineageServiceIntegrationTest$ExpectedResults@50c9458a" classname="marquez.service.OpenLineageServiceIntegrationTest" time="0.086"/>
  <testcase name="[2] uris=[file:/Users/anwar/Fahim/marquez/api/build/resources/test/open_lineage/event_simple.json], expectedResults=marquez.service.OpenLineageServiceIntegrationTest$ExpectedResults@4539dfd5" classname="marquez.service.OpenLineageServiceIntegrationTest" time="0.147"/>
  <testcase name="[3] uris=[file:/Users/anwar/Fahim/marquez/api/build/resources/test/open_lineage/event_full.json], expectedResults=marquez.service.OpenLineageServiceIntegrationTest$ExpectedResults@151e3690" classname="marquez.service.OpenLineageServiceIntegrationTest" time="0.172"/>
  <testcase name="[4] uris=[file:/Users/anwar/Fahim/marquez/api/build/resources/test/open_lineage/event_unicode.json], expectedResults=marquez.service.OpenLineageServiceIntegrationTest$ExpectedResults@5ed4752" classname="marquez.service.OpenLineageServiceIntegrationTest" time="0.166"/>
  <testcase name="[5] uris=[file:/Users/anwar/Fahim/marquez/api/build/resources/test/open_lineage/listener/1.json, file:/Users/anwar/Fahim/marquez/api/build/resources/test/open_lineage/listener/2.json], expectedResults=marquez.service.OpenLineageServiceIntegrationTest$ExpectedResults@8bdea9" classname="marquez.service.OpenLineageServiceIntegrationTest" time="0.213"/>
  <testcase name="[6] uris=[file:/Users/anwar/Fahim/marquez/api/build/resources/test/open_lineage/event_large.json], expectedResults=marquez.service.OpenLineageServiceIntegrationTest$ExpectedResults@336ba745" classname="marquez.service.OpenLineageServiceIntegrationTest" time="0.186"/>
  <testcase name="testJobEvent()" classname="marquez.service.OpenLineageServiceIntegrationTest" time="0.142"/>
  <testcase name="testJobIsNotHiddenAfterSubsequentOLEvent()" classname="marquez.service.OpenLineageServiceIntegrationTest" time="0.211"/>
  <testcase name="testDatasetEvent()" classname="marquez.service.OpenLineageServiceIntegrationTest" time="0.096"/>
  <testcase name="testStreamingJob()" classname="marquez.service.OpenLineageServiceIntegrationTest" time="0.299"/>
  <testcase name="[1] uris=[file:/Users/anwar/Fahim/marquez/api/build/resources/test/open_lineage/event_required_only.json], expectedResults=marquez.service.OpenLineageServiceIntegrationTest$ExpectedResults@278ec3df" classname="marquez.service.OpenLineageServiceIntegrationTest" time="0.126"/>
  <testcase name="[2] uris=[file:/Users/anwar/Fahim/marquez/api/build/resources/test/open_lineage/event_simple.json], expectedResults=marquez.service.OpenLineageServiceIntegrationTest$ExpectedResults@2767b2ff" classname="marquez.service.OpenLineageServiceIntegrationTest" time="0.219"/>
  <testcase name="[3] uris=[file:/Users/anwar/Fahim/marquez/api/build/resources/test/open_lineage/event_full.json], expectedResults=marquez.service.OpenLineageServiceIntegrationTest$ExpectedResults@2d07d0f3" classname="marquez.service.OpenLineageServiceIntegrationTest" time="0.249"/>
  <testcase name="[4] uris=[file:/Users/anwar/Fahim/marquez/api/build/resources/test/open_lineage/event_unicode.json], expectedResults=marquez.service.OpenLineageServiceIntegrationTest$ExpectedResults@75ae8988" classname="marquez.service.OpenLineageServiceIntegrationTest" time="0.219"/>
  <testcase name="[5] uris=[file:/Users/anwar/Fahim/marquez/api/build/resources/test/open_lineage/listener/1.json, file:/Users/anwar/Fahim/marquez/api/build/resources/test/open_lineage/listener/2.json], expectedResults=marquez.service.OpenLineageServiceIntegrationTest$ExpectedResults@59801dfc" classname="marquez.service.OpenLineageServiceIntegrationTest" time="0.299"/>
  <testcase name="[6] uris=[file:/Users/anwar/Fahim/marquez/api/build/resources/test/open_lineage/event_large.json], expectedResults=marquez.service.OpenLineageServiceIntegrationTest$ExpectedResults@3592c0d" classname="marquez.service.OpenLineageServiceIntegrationTest" time="0.258"/>
  <testcase name="[1] uris=[file:/Users/anwar/Fahim/marquez/api/build/resources/test/open_lineage/event_required_only.json], expectedResults=marquez.service.OpenLineageServiceIntegrationTest$ExpectedResults@13381c89" classname="marquez.service.OpenLineageServiceIntegrationTest" time="0.083"/>
  <testcase name="[2] uris=[file:/Users/anwar/Fahim/marquez/api/build/resources/test/open_lineage/event_simple.json], expectedResults=marquez.service.OpenLineageServiceIntegrationTest$ExpectedResults@667b66f5" classname="marquez.service.OpenLineageServiceIntegrationTest" time="0.147"/>
  <testcase name="[3] uris=[file:/Users/anwar/Fahim/marquez/api/build/resources/test/open_lineage/event_full.json], expectedResults=marquez.service.OpenLineageServiceIntegrationTest$ExpectedResults@4e5e0a75" classname="marquez.service.OpenLineageServiceIntegrationTest" time="0.166"/>
  <testcase name="[4] uris=[file:/Users/anwar/Fahim/marquez/api/build/resources/test/open_lineage/event_unicode.json], expectedResults=marquez.service.OpenLineageServiceIntegrationTest$ExpectedResults@734fa36" classname="marquez.service.OpenLineageServiceIntegrationTest" time="0.163"/>
  <testcase name="[5] uris=[file:/Users/anwar/Fahim/marquez/api/build/resources/test/open_lineage/listener/1.json, file:/Users/anwar/Fahim/marquez/api/build/resources/test/open_lineage/listener/2.json], expectedResults=marquez.service.OpenLineageServiceIntegrationTest$ExpectedResults@18c6566f" classname="marquez.service.OpenLineageServiceIntegrationTest" time="0.212"/>
  <testcase name="[6] uris=[file:/Users/anwar/Fahim/marquez/api/build/resources/test/open_lineage/event_large.json], expectedResults=marquez.service.OpenLineageServiceIntegrationTest$ExpectedResults@111e66e9" classname="marquez.service.OpenLineageServiceIntegrationTest" time="0.179"/>
  <testcase name="testStreamingJobCreateSingleJobAndDatasetVersion()" classname="marquez.service.OpenLineageServiceIntegrationTest" time="0.446"/>
  <testcase name="[1] uris=[file:/Users/anwar/Fahim/marquez/api/build/resources/test/open_lineage/event_required_only.json], expectedResults=marquez.service.OpenLineageServiceIntegrationTest$ExpectedResults@1d1c840f" classname="marquez.service.OpenLineageServiceIntegrationTest" time="0.082"/>
  <testcase name="[2] uris=[file:/Users/anwar/Fahim/marquez/api/build/resources/test/open_lineage/event_simple.json], expectedResults=marquez.service.OpenLineageServiceIntegrationTest$ExpectedResults@2191b80" classname="marquez.service.OpenLineageServiceIntegrationTest" time="0.147"/>
  <testcase name="[3] uris=[file:/Users/anwar/Fahim/marquez/api/build/resources/test/open_lineage/event_full.json], expectedResults=marquez.service.OpenLineageServiceIntegrationTest$ExpectedResults@356e8c25" classname="marquez.service.OpenLineageServiceIntegrationTest" time="0.161"/>
  <testcase name="[4] uris=[file:/Users/anwar/Fahim/marquez/api/build/resources/test/open_lineage/event_unicode.json], expectedResults=marquez.service.OpenLineageServiceIntegrationTest$ExpectedResults@4f598e96" classname="marquez.service.OpenLineageServiceIntegrationTest" time="0.144"/>
  <testcase name="[5] uris=[file:/Users/anwar/Fahim/marquez/api/build/resources/test/open_lineage/listener/1.json, file:/Users/anwar/Fahim/marquez/api/build/resources/test/open_lineage/listener/2.json], expectedResults=marquez.service.OpenLineageServiceIntegrationTest$ExpectedResults@3f2e4f70" classname="marquez.service.OpenLineageServiceIntegrationTest" time="0.206"/>
  <testcase name="[6] uris=[file:/Users/anwar/Fahim/marquez/api/build/resources/test/open_lineage/event_large.json], expectedResults=marquez.service.OpenLineageServiceIntegrationTest$ExpectedResults@53c24c9a" classname="marquez.service.OpenLineageServiceIntegrationTest" time="0.207"/>
  <system-out><![CDATA[INFO  [2024-02-09 10:14:10,869] org.flywaydb.core.internal.license.VersionPrinter: Flyway Community Edition 8.5.13 by Redgate
INFO  [2024-02-09 10:14:10,869] org.flywaydb.core.internal.license.VersionPrinter: See what's new here: https://flywaydb.org/documentation/learnmore/releaseNotes#8.5.13
INFO  [2024-02-09 10:14:10,869] org.flywaydb.core.internal.license.VersionPrinter: 
INFO  [2024-02-09 10:14:10,882] org.flywaydb.core.internal.database.base.BaseDatabaseType: Database: jdbc:postgresql://localhost:55773/test (PostgreSQL 14.10)
INFO  [2024-02-09 10:14:10,893] org.flywaydb.core.internal.command.DbValidate: Successfully validated 82 migrations (execution time 00:00.007s)
INFO  [2024-02-09 10:14:10,898] org.flywaydb.core.internal.schemahistory.JdbcTableSchemaHistory: Creating Schema History table "public"."flyway_schema_history" ...
INFO  [2024-02-09 10:14:10,905] org.flywaydb.core.internal.command.DbMigrate: Current version of schema "public": << Empty Schema >>
INFO  [2024-02-09 10:14:10,908] org.flywaydb.core.internal.command.DbMigrate: Migrating schema "public" to version "1 - initial schema"
INFO  [2024-02-09 10:14:10,929] org.flywaydb.core.internal.command.DbMigrate: Migrating schema "public" to version "2 - add job contexts"
INFO  [2024-02-09 10:14:10,937] org.flywaydb.core.internal.command.DbMigrate: Migrating schema "public" to version "2.1 - alter job versions to add job context uuid"
INFO  [2024-02-09 10:14:10,944] org.flywaydb.core.internal.command.DbMigrate: Migrating schema "public" to version "3 - drop not null constraint on job location"
INFO  [2024-02-09 10:14:10,951] org.flywaydb.core.internal.command.DbMigrate: Migrating schema "public" to version "4 - add dataset fields"
INFO  [2024-02-09 10:14:10,960] org.flywaydb.core.internal.command.DbMigrate: Migrating schema "public" to version "5 - add tags"
INFO  [2024-02-09 10:14:10,971] org.flywaydb.core.internal.command.DbMigrate: Migrating schema "public" to version "6 - alter datasets to add last modified"
INFO  [2024-02-09 10:14:10,977] org.flywaydb.core.internal.command.DbMigrate: Migrating schema "public" to version "7 - alter run args to change args"
INFO  [2024-02-09 10:14:10,985] org.flywaydb.core.internal.command.DbMigrate: Migrating schema "public" to version "8 - alter datasets to change unique constraint"
INFO  [2024-02-09 10:14:10,993] org.flywaydb.core.internal.command.DbMigrate: Migrating schema "public" to version "9 - alter sources to drop composite unique constraint"
INFO  [2024-02-09 10:14:11,000] org.flywaydb.core.internal.command.DbMigrate: Migrating schema "public" to version "10 - drop unique constraint on job name"
INFO  [2024-02-09 10:14:11,007] org.flywaydb.core.internal.command.DbMigrate: Migrating schema "public" to version "11 - alter datasets to rename last modified"
INFO  [2024-02-09 10:14:11,013] org.flywaydb.core.internal.command.DbMigrate: Migrating schema "public" to version "12 - alter dataset fields to change unique constraint"
INFO  [2024-02-09 10:14:11,020] org.flywaydb.core.internal.command.DbMigrate: Migrating schema "public" to version "13 - alter run add start end state"
INFO  [2024-02-09 10:14:11,028] org.flywaydb.core.internal.command.DbMigrate: Migrating schema "public" to version "14 - index datasetversion datasetid"
INFO  [2024-02-09 10:14:11,034] org.flywaydb.core.internal.command.DbMigrate: Migrating schema "public" to version "15 - index created at and current run state on runs"
INFO  [2024-02-09 10:14:11,041] org.flywaydb.core.internal.command.DbMigrate: Migrating schema "public" to version "16 - index created at on runs"
INFO  [2024-02-09 10:14:11,048] org.flywaydb.core.internal.command.DbMigrate: Migrating schema "public" to version "17.1 - unique version constraint"
INFO  [2024-02-09 10:14:11,056] org.flywaydb.core.internal.command.DbMigrate: Migrating schema "public" to version "17.2 - open lineage"
INFO  [2024-02-09 10:14:11,063] org.flywaydb.core.internal.command.DbMigrate: Migrating schema "public" to version "18 - drop dataset constraint"
INFO  [2024-02-09 10:14:11,070] org.flywaydb.core.internal.command.DbMigrate: Migrating schema "public" to version "19 - alter run to add external id"
INFO  [2024-02-09 10:14:11,077] org.flywaydb.core.internal.command.DbMigrate: Migrating schema "public" to version "20 - drop lineage pk"
INFO  [2024-02-09 10:14:11,084] org.flywaydb.core.internal.command.DbMigrate: Migrating schema "public" to version "21 - alter jobs to add namespace name"
INFO  [2024-02-09 10:14:11,091] org.flywaydb.core.internal.command.DbMigrate: Migrating schema "public" to version "22 - alter job versions to add namespace"
INFO  [2024-02-09 10:14:11,100] org.flywaydb.core.internal.command.DbMigrate: Migrating schema "public" to version "23 - alter runs"
INFO  [2024-02-09 10:14:11,111] org.flywaydb.core.internal.command.DbMigrate: Migrating schema "public" to version "24 - alter jobs"
INFO  [2024-02-09 10:14:11,121] org.flywaydb.core.internal.command.DbMigrate: Migrating schema "public" to version "25 - alter datasets"
INFO  [2024-02-09 10:14:11,129] org.flywaydb.core.internal.command.DbMigrate: Migrating schema "public" to version "26 - alter jobs change type"
INFO  [2024-02-09 10:14:11,137] org.flywaydb.core.internal.command.DbMigrate: Migrating schema "public" to version "27 - alter runs add context"
INFO  [2024-02-09 10:14:11,144] org.flywaydb.core.internal.command.DbMigrate: Migrating schema "public" to version "28 - update jobs fix inputs"
INFO  [2024-02-09 10:14:11,152] org.flywaydb.core.internal.command.DbMigrate: Migrating schema "public" to version "29 - alter dataset versions add fields"
INFO  [2024-02-09 10:14:11,178] org.flywaydb.core.internal.command.DbMigrate: Migrating schema "public" to version "30 - alter runs change transitioned at type"
INFO  [2024-02-09 10:14:11,186] org.flywaydb.core.internal.command.DbMigrate: Migrating schema "public" to version "31 - alter job io mapping"
INFO  [2024-02-09 10:14:11,197] org.flywaydb.core.internal.command.DbMigrate: Migrating schema "public" to version "32 - index runs created at"
INFO  [2024-02-09 10:14:11,204] org.flywaydb.core.internal.command.DbMigrate: Migrating schema "public" to version "33 - index lineage events run id"
INFO  [2024-02-09 10:14:11,213] org.flywaydb.core.internal.command.DbMigrate: Migrating schema "public" to version "34 - drop not null constraint on field type"
INFO  [2024-02-09 10:14:11,220] org.flywaydb.core.internal.command.DbMigrate: Migrating schema "public" to version "35 - drop io mapping tables"
INFO  [2024-02-09 10:14:11,228] org.flywaydb.core.internal.command.DbMigrate: Migrating schema "public" to version "36 - drop run id column in lineage events"
INFO  [2024-02-09 10:14:11,236] org.flywaydb.core.internal.command.DbMigrate: Migrating schema "public" to version "37 - alter dataset fields to change type"
INFO  [2024-02-09 10:14:11,243] org.flywaydb.core.internal.command.DbMigrate: Migrating schema "public" to version "38 - alter namespaces to resize name"
INFO  [2024-02-09 10:14:11,250] org.flywaydb.core.internal.command.DbMigrate: Migrating schema "public" to version "39 - alter sources to resize name"
INFO  [2024-02-09 10:14:11,258] org.flywaydb.core.internal.command.DbMigrate: Migrating schema "public" to version "40 - alter tables resize namespace and connection url"
INFO  [2024-02-09 10:14:11,270] org.flywaydb.core.internal.command.DbMigrate: Migrating schema "public" to version "41 - add operation to dataset versions"
INFO  [2024-02-09 10:14:11,277] org.flywaydb.core.internal.command.DbMigrate: Migrating schema "public" to version "42 - add job symlink target"
INFO  [2024-02-09 10:14:11,285] org.flywaydb.core.internal.command.DbMigrate: Migrating schema "public" to version "43 - alter jobs add job parent uuid"
INFO  [2024-02-09 10:14:11,288] org.flywaydb.core.internal.sqlscript.DefaultSqlScriptExecutor: DB: index "jobs_namespace_uuid_name_key" does not exist, skipping
INFO  [2024-02-09 10:14:11,289] org.flywaydb.core.internal.sqlscript.DefaultSqlScriptExecutor: DB: ALTER TABLE / ADD CONSTRAINT USING INDEX will rename index "jobs_namespace_uuid_name_parent" to "unique_jobs_namespace_uuid_name_parent"
INFO  [2024-02-09 10:14:11,296] org.flywaydb.core.internal.command.DbMigrate: Migrating schema "public" to version "44 - runs job versions add job uuid"
INFO  [2024-02-09 10:14:11,299] org.flywaydb.core.internal.sqlscript.DefaultSqlScriptExecutor: DB: trigger "runs_insert_job_uuid" for relation "runs" does not exist, skipping
INFO  [2024-02-09 10:14:11,305] org.flywaydb.core.internal.command.DbMigrate: Migrating schema "public" to version "44.1 - UpdateRunsWithJobUUID" [non-transactional]
INFO  [2024-02-09 10:14:11,312] org.flywaydb.core.internal.command.DbMigrate: Migrating schema "public" to version "44.2 - BackfillAirflowParentRuns" [non-transactional]
INFO  [2024-02-09 10:14:11,319] org.flywaydb.core.internal.command.DbMigrate: Migrating schema "public" to version "44.3 - BackfillJobsWithParents" [non-transactional]
INFO  [2024-02-09 10:14:11,327] org.flywaydb.core.internal.command.DbMigrate: Migrating schema "public" to version "45 - update jobs view rule"
INFO  [2024-02-09 10:14:11,328] org.flywaydb.core.internal.sqlscript.DefaultSqlScriptExecutor: DB: constraint "jobs_namespace_uuid_name_key" of relation "jobs" does not exist, skipping
INFO  [2024-02-09 10:14:11,329] org.flywaydb.core.internal.sqlscript.DefaultSqlScriptExecutor: DB: index "jobs_namespace_uuid_name_key" does not exist, skipping
INFO  [2024-02-09 10:14:11,329] org.flywaydb.core.internal.sqlscript.DefaultSqlScriptExecutor: DB: constraint "jobs_namespace_uuid_name_null_parent" of relation "jobs" does not exist, skipping
INFO  [2024-02-09 10:14:11,330] org.flywaydb.core.internal.sqlscript.DefaultSqlScriptExecutor: DB: index "jobs_namespace_uuid_name_parent" does not exist, skipping
INFO  [2024-02-09 10:14:11,331] org.flywaydb.core.internal.sqlscript.DefaultSqlScriptExecutor: DB: index "unique_jobs_namespace_uuid_name_parent" does not exist, skipping
INFO  [2024-02-09 10:14:11,340] org.flywaydb.core.internal.command.DbMigrate: Migrating schema "public" to version "46 - add hidden column to jobs and datasets"
INFO  [2024-02-09 10:14:11,348] org.flywaydb.core.internal.command.DbMigrate: Migrating schema "public" to version "47 - add lineage event indexes" [non-transactional]
INFO  [2024-02-09 10:14:11,356] org.flywaydb.core.internal.command.DbMigrate: Migrating schema "public" to version "48 - dataset symlinks"
INFO  [2024-02-09 10:14:11,359] org.flywaydb.core.internal.sqlscript.DefaultSqlScriptExecutor: DB: type "dataset_name" does not exist, skipping
INFO  [2024-02-09 10:14:11,366] org.flywaydb.core.internal.command.DbMigrate: Migrating schema "public" to version "49 - column lineage"
INFO  [2024-02-09 10:14:11,374] org.flywaydb.core.internal.command.DbMigrate: Migrating schema "public" to version "50 - index dataset fields"
INFO  [2024-02-09 10:14:11,381] org.flywaydb.core.internal.command.DbMigrate: Migrating schema "public" to version "51 - job indices for lineage"
INFO  [2024-02-09 10:14:11,389] org.flywaydb.core.internal.command.DbMigrate: Migrating schema "public" to version "52 - alter dataset symlinks"
INFO  [2024-02-09 10:14:11,397] org.flywaydb.core.internal.command.DbMigrate: Migrating schema "public" to version "53 - add hidden namespace"
INFO  [2024-02-09 10:14:11,403] org.flywaydb.core.internal.command.DbMigrate: Migrating schema "public" to version "54 - lineage events created at indexed"
INFO  [2024-02-09 10:14:11,411] org.flywaydb.core.internal.command.DbMigrate: Migrating schema "public" to version "55.1 - add dataset facets"
INFO  [2024-02-09 10:14:11,418] org.flywaydb.core.internal.command.DbMigrate: Migrating schema "public" to version "55.2 - add job facets"
INFO  [2024-02-09 10:14:11,426] org.flywaydb.core.internal.command.DbMigrate: Migrating schema "public" to version "55.3 - add run facets"
INFO  [2024-02-09 10:14:11,434] org.flywaydb.core.internal.command.DbMigrate: Migrating schema "public" to version "56.1 - CreateFacetViews" [non-transactional]
INFO  [2024-02-09 10:14:11,451] org.flywaydb.core.internal.command.DbMigrate: Migrating schema "public" to version "57.1 - add migration lock"
INFO  [2024-02-09 10:14:11,458] org.flywaydb.core.internal.command.DbMigrate: Migrating schema "public" to version "57.2 - BackFillFacets" [non-transactional]
INFO  [2024-02-09 10:14:11,460] marquez.db.migrations.V57_1__BackfillFacets: Vacuuming lineage_events table
INFO  [2024-02-09 10:14:11,471] marquez.db.migrations.V57_1__BackfillFacets: Vacuuming lineage_events table finished
INFO  [2024-02-09 10:14:11,472] marquez.db.migrations.V57_1__BackfillFacets: Estimating 0 events in lineage_events table
INFO  [2024-02-09 10:14:11,488] org.flywaydb.core.internal.command.DbMigrate: Migrating schema "public" to version "58 - job fqn name index"
INFO  [2024-02-09 10:14:11,495] org.flywaydb.core.internal.command.DbMigrate: Migrating schema "public" to version "59.1 - column lineage add indexes"
INFO  [2024-02-09 10:14:11,505] org.flywaydb.core.internal.command.DbMigrate: Migrating schema "public" to version "59.2 - facet tables indexes"
INFO  [2024-02-09 10:14:11,515] org.flywaydb.core.internal.command.DbMigrate: Migrating schema "public" to version "60 - alter job versions to drop job context uuid"
INFO  [2024-02-09 10:14:11,524] org.flywaydb.core.internal.command.DbMigrate: Migrating schema "public" to version "61 - unique job fqn index"
INFO  [2024-02-09 10:14:11,537] org.flywaydb.core.internal.command.DbMigrate: Migrating schema "public" to version "62 - index run states and parent run"
INFO  [2024-02-09 10:14:11,551] org.flywaydb.core.internal.command.DbMigrate: Migrating schema "public" to version "63 - alter tables add on cascade delete"
INFO  [2024-02-09 10:14:11,587] org.flywaydb.core.internal.command.DbMigrate: Migrating schema "public" to version "64 - drop job contexts"
INFO  [2024-02-09 10:14:11,594] org.flywaydb.core.internal.command.DbMigrate: Migrating schema "public" to version "65 - alter dataset facets to change lineage event type as nullable"
INFO  [2024-02-09 10:14:11,603] org.flywaydb.core.internal.command.DbMigrate: Migrating schema "public" to version "66.1 - alter job facets"
INFO  [2024-02-09 10:14:11,612] org.flywaydb.core.internal.command.DbMigrate: Migrating schema "public" to version "66.2 - alter lineage events add event type"
INFO  [2024-02-09 10:14:11,620] org.flywaydb.core.internal.command.DbMigrate: Migrating schema "public" to version "66.3 - BackfillJobFacetsWithJobVersion" [non-transactional]
INFO  [2024-02-09 10:14:11,631] org.flywaydb.core.internal.command.DbMigrate: Migrating schema "public" to version "67.1 - job versions io mapping add job reference"
INFO  [2024-02-09 10:14:11,642] org.flywaydb.core.internal.command.DbMigrate: Migrating schema "public" to version "67.2 - Back fill job_uuid and is_current_job_version in job_versions_io_mapping table" [non-transactional]
INFO  [2024-02-09 10:14:11,656] org.flywaydb.core.internal.command.DbMigrate: Migrating schema "public" with repeatable migration "1 Jobs view and rewrite function"
INFO  [2024-02-09 10:14:11,659] org.flywaydb.core.internal.sqlscript.DefaultSqlScriptExecutor: DB: trigger "update_symlinks" for relation "jobs_view" does not exist, skipping
INFO  [2024-02-09 10:14:11,667] org.flywaydb.core.internal.command.DbMigrate: Migrating schema "public" with repeatable migration "2 Runs view"
INFO  [2024-02-09 10:14:11,675] org.flywaydb.core.internal.command.DbMigrate: Migrating schema "public" with repeatable migration "3 Datasets view"
INFO  [2024-02-09 10:14:11,676] org.flywaydb.core.internal.sqlscript.DefaultSqlScriptExecutor: DB: view "datasets_view" does not exist, skipping
INFO  [2024-02-09 10:14:11,682] org.flywaydb.core.internal.command.DbMigrate: Successfully applied 82 migrations to schema "public", now at version v67.2 (execution time 00:00.779s)
WARN  [2024-02-09 10:14:12,472] marquez.db.OpenLineageDao: Parent Run id 3f5e83fa-3480-44ff-99c5-ff943904e5e8 has a different job name 'theNamespace.parentJob' from facet 'my-scheduler-namespace.myjob.mytask'. Assuming Run UUID conflict and generating a new UUID ea37c32e-b3f4-39b8-b6ae-ff179324e466
INFO  [2024-02-09 10:14:12,476] marquez.db.OpenLineageDao: Created new parent job record JobRow(uuid=3272b562-d852-46e6-a311-993486363db0, type=STREAM, createdAt=2020-12-28T09:52:00.001Z, updatedAt=2024-02-09T04:44:12.473908Z, namespaceUuid=4c031ceb-e3db-449e-b42d-ceaae52bcea3, namespaceName=my-scheduler-namespace, name=myjob, simpleName=myjob, parentJobName=null, description=Optional.empty, currentVersionUuid=Optional[40a9f26f-31ac-4f0d-b6ea-a18ce80fc61b], location=http://example.com, inputs=[], symlinkTargetId=null)
INFO  [2024-02-09 10:14:12,478] marquez.db.OpenLineageDao: Created new parent run record RunRow(uuid=ea37c32e-b3f4-39b8-b6ae-ff179324e466, createdAt=2020-12-28T19:51:01.641Z, updatedAt=2020-12-28T19:51:01.641Z, jobUuid=3272b562-d852-46e6-a311-993486363db0, jobVersionUuid=Optional.empty, parentRunUuid=Optional.empty, runArgsUuid=c50d85df-b584-4c95-b109-ff0420955b75, nominalStartTime=Optional[2020-12-17T03:00:00.001Z], nominalEndTime=Optional[2020-12-17T04:00:00.001Z], currentRunState=Optional[COMPLETED], startedAt=Optional.empty, startRunStateUuid=Optional.empty, endedAt=Optional.empty, endRunStateUuid=Optional.empty, jobName=myjob, namespaceName=my-scheduler-namespace)
WARN  [2024-02-09 10:14:13,029] marquez.db.OpenLineageDao: Parent Run id 3f5e83fa-3480-44ff-99c5-ff943904e5e8 has a different job name 'theNamespace.parentJob' from facet 'my-scheduler-namespace.myjob.mytask'. Assuming Run UUID conflict and generating a new UUID ea37c32e-b3f4-39b8-b6ae-ff179324e466
INFO  [2024-02-09 10:14:13,033] marquez.db.OpenLineageDao: Created new parent job record JobRow(uuid=3272b562-d852-46e6-a311-993486363db0, type=BATCH, createdAt=2020-12-28T09:52:00.001Z, updatedAt=2024-02-09T04:44:13.030447Z, namespaceUuid=4c031ceb-e3db-449e-b42d-ceaae52bcea3, namespaceName=my-scheduler-namespace, name=myjob, simpleName=myjob, parentJobName=null, description=Optional.empty, currentVersionUuid=Optional[a6074dee-33b3-4b21-81b3-c4908e863dce], location=http://example.com, inputs=[], symlinkTargetId=null)
INFO  [2024-02-09 10:14:13,035] marquez.db.OpenLineageDao: Created new parent run record RunRow(uuid=ea37c32e-b3f4-39b8-b6ae-ff179324e466, createdAt=2020-12-28T19:51:01.641Z, updatedAt=2020-12-28T19:51:01.641Z, jobUuid=3272b562-d852-46e6-a311-993486363db0, jobVersionUuid=Optional.empty, parentRunUuid=Optional.empty, runArgsUuid=c50d85df-b584-4c95-b109-ff0420955b75, nominalStartTime=Optional[2020-12-17T03:00:00.001Z], nominalEndTime=Optional[2020-12-17T04:00:00.001Z], currentRunState=Optional[COMPLETED], startedAt=Optional.empty, startRunStateUuid=Optional.empty, endedAt=Optional[2020-12-28T19:51:01.641Z], endRunStateUuid=Optional[5b2b6f0e-da0e-4f7b-8c46-0cdc5d4c5142], jobName=myjob, namespaceName=my-scheduler-namespace)
WARN  [2024-02-09 10:14:14,305] marquez.db.OpenLineageDao: Parent Run id 3f5e83fa-3480-44ff-99c5-ff943904e5e8 has a different job name 'theNamespace.parentJob' from facet 'my-scheduler-namespace.myjob.mytask'. Assuming Run UUID conflict and generating a new UUID ea37c32e-b3f4-39b8-b6ae-ff179324e466
INFO  [2024-02-09 10:14:14,309] marquez.db.OpenLineageDao: Created new parent job record JobRow(uuid=3272b562-d852-46e6-a311-993486363db0, type=STREAM, createdAt=2020-12-28T09:52:00.001Z, updatedAt=2024-02-09T04:44:14.306769Z, namespaceUuid=4c031ceb-e3db-449e-b42d-ceaae52bcea3, namespaceName=my-scheduler-namespace, name=myjob, simpleName=myjob, parentJobName=null, description=Optional.empty, currentVersionUuid=Optional[40a9f26f-31ac-4f0d-b6ea-a18ce80fc61b], location=http://example.com, inputs=[], symlinkTargetId=null)
INFO  [2024-02-09 10:14:14,311] marquez.db.OpenLineageDao: Created new parent run record RunRow(uuid=ea37c32e-b3f4-39b8-b6ae-ff179324e466, createdAt=2020-12-28T19:51:01.641Z, updatedAt=2020-12-28T19:51:01.641Z, jobUuid=3272b562-d852-46e6-a311-993486363db0, jobVersionUuid=Optional.empty, parentRunUuid=Optional.empty, runArgsUuid=c50d85df-b584-4c95-b109-ff0420955b75, nominalStartTime=Optional[2020-12-17T03:00:00.001Z], nominalEndTime=Optional[2020-12-17T04:00:00.001Z], currentRunState=Optional[COMPLETED], startedAt=Optional.empty, startRunStateUuid=Optional.empty, endedAt=Optional[2020-12-28T19:51:01.641Z], endRunStateUuid=Optional[6ec5228a-6ccb-432d-bd7c-8c5e08a80ac6], jobName=myjob, namespaceName=my-scheduler-namespace)
WARN  [2024-02-09 10:14:15,073] marquez.db.OpenLineageDao: Parent Run id 3f5e83fa-3480-44ff-99c5-ff943904e5e8 has a different job name 'theNamespace.parentJob' from facet 'my-scheduler-namespace.myjob.mytask'. Assuming Run UUID conflict and generating a new UUID ea37c32e-b3f4-39b8-b6ae-ff179324e466
INFO  [2024-02-09 10:14:15,077] marquez.db.OpenLineageDao: Created new parent job record JobRow(uuid=3272b562-d852-46e6-a311-993486363db0, type=BATCH, createdAt=2020-12-28T09:52:00.001Z, updatedAt=2024-02-09T04:44:15.075335Z, namespaceUuid=4c031ceb-e3db-449e-b42d-ceaae52bcea3, namespaceName=my-scheduler-namespace, name=myjob, simpleName=myjob, parentJobName=null, description=Optional.empty, currentVersionUuid=Optional[a6074dee-33b3-4b21-81b3-c4908e863dce], location=http://example.com, inputs=[], symlinkTargetId=null)
INFO  [2024-02-09 10:14:15,080] marquez.db.OpenLineageDao: Created new parent run record RunRow(uuid=ea37c32e-b3f4-39b8-b6ae-ff179324e466, createdAt=2020-12-28T19:51:01.641Z, updatedAt=2020-12-28T19:51:01.641Z, jobUuid=3272b562-d852-46e6-a311-993486363db0, jobVersionUuid=Optional.empty, parentRunUuid=Optional.empty, runArgsUuid=c50d85df-b584-4c95-b109-ff0420955b75, nominalStartTime=Optional[2020-12-17T03:00:00.001Z], nominalEndTime=Optional[2020-12-17T04:00:00.001Z], currentRunState=Optional[COMPLETED], startedAt=Optional.empty, startRunStateUuid=Optional.empty, endedAt=Optional[2020-12-28T19:51:01.641Z], endRunStateUuid=Optional[f9dc63d1-9a04-4ebc-919a-a0a647fdce5d], jobName=myjob, namespaceName=my-scheduler-namespace)
WARN  [2024-02-09 10:14:15,558] marquez.db.OpenLineageDao: Parent Run id 3f5e83fa-3480-44ff-99c5-ff943904e5e8 has a different job name 'theNamespace.parentJob' from facet 'my-scheduler-namespace.myjob.mytask'. Assuming Run UUID conflict and generating a new UUID ea37c32e-b3f4-39b8-b6ae-ff179324e466
INFO  [2024-02-09 10:14:15,562] marquez.db.OpenLineageDao: Created new parent job record JobRow(uuid=3272b562-d852-46e6-a311-993486363db0, type=STREAM, createdAt=2020-12-28T09:52:00.001Z, updatedAt=2024-02-09T04:44:15.559908Z, namespaceUuid=4c031ceb-e3db-449e-b42d-ceaae52bcea3, namespaceName=my-scheduler-namespace, name=myjob, simpleName=myjob, parentJobName=null, description=Optional.empty, currentVersionUuid=Optional[40a9f26f-31ac-4f0d-b6ea-a18ce80fc61b], location=http://example.com, inputs=[], symlinkTargetId=null)
INFO  [2024-02-09 10:14:15,564] marquez.db.OpenLineageDao: Created new parent run record RunRow(uuid=ea37c32e-b3f4-39b8-b6ae-ff179324e466, createdAt=2020-12-28T19:51:01.641Z, updatedAt=2020-12-28T19:51:01.641Z, jobUuid=3272b562-d852-46e6-a311-993486363db0, jobVersionUuid=Optional.empty, parentRunUuid=Optional.empty, runArgsUuid=c50d85df-b584-4c95-b109-ff0420955b75, nominalStartTime=Optional[2020-12-17T03:00:00.001Z], nominalEndTime=Optional[2020-12-17T04:00:00.001Z], currentRunState=Optional[COMPLETED], startedAt=Optional.empty, startRunStateUuid=Optional.empty, endedAt=Optional[2020-12-28T19:51:01.641Z], endRunStateUuid=Optional[875c8d34-d0be-4f70-aa1c-ffcb88884a1d], jobName=myjob, namespaceName=my-scheduler-namespace)
WARN  [2024-02-09 10:14:16,102] marquez.db.OpenLineageDao: Parent Run id 3f5e83fa-3480-44ff-99c5-ff943904e5e8 has a different job name 'theNamespace.parentJob' from facet 'my-scheduler-namespace.myjob.mytask'. Assuming Run UUID conflict and generating a new UUID ea37c32e-b3f4-39b8-b6ae-ff179324e466
INFO  [2024-02-09 10:14:16,107] marquez.db.OpenLineageDao: Created new parent job record JobRow(uuid=3272b562-d852-46e6-a311-993486363db0, type=BATCH, createdAt=2020-12-28T09:52:00.001Z, updatedAt=2024-02-09T04:44:16.104267Z, namespaceUuid=4c031ceb-e3db-449e-b42d-ceaae52bcea3, namespaceName=my-scheduler-namespace, name=myjob, simpleName=myjob, parentJobName=null, description=Optional.empty, currentVersionUuid=Optional[a6074dee-33b3-4b21-81b3-c4908e863dce], location=http://example.com, inputs=[], symlinkTargetId=null)
INFO  [2024-02-09 10:14:16,109] marquez.db.OpenLineageDao: Created new parent run record RunRow(uuid=ea37c32e-b3f4-39b8-b6ae-ff179324e466, createdAt=2020-12-28T19:51:01.641Z, updatedAt=2020-12-28T19:51:01.641Z, jobUuid=3272b562-d852-46e6-a311-993486363db0, jobVersionUuid=Optional.empty, parentRunUuid=Optional.empty, runArgsUuid=c50d85df-b584-4c95-b109-ff0420955b75, nominalStartTime=Optional[2020-12-17T03:00:00.001Z], nominalEndTime=Optional[2020-12-17T04:00:00.001Z], currentRunState=Optional[COMPLETED], startedAt=Optional.empty, startRunStateUuid=Optional.empty, endedAt=Optional[2020-12-28T19:51:01.641Z], endRunStateUuid=Optional[579c68bb-b043-47e1-97c1-27885b4d2d36], jobName=myjob, namespaceName=my-scheduler-namespace)
WARN  [2024-02-09 10:14:16,957] marquez.db.OpenLineageDao: Parent Run id 3f5e83fa-3480-44ff-99c5-ff943904e5e8 has a different job name 'theNamespace.parentJob' from facet 'my-scheduler-namespace.myjob.mytask'. Assuming Run UUID conflict and generating a new UUID ea37c32e-b3f4-39b8-b6ae-ff179324e466
INFO  [2024-02-09 10:14:16,960] marquez.db.OpenLineageDao: Created new parent job record JobRow(uuid=3272b562-d852-46e6-a311-993486363db0, type=STREAM, createdAt=2020-12-28T09:52:00.001Z, updatedAt=2024-02-09T04:44:16.958705Z, namespaceUuid=4c031ceb-e3db-449e-b42d-ceaae52bcea3, namespaceName=my-scheduler-namespace, name=myjob, simpleName=myjob, parentJobName=null, description=Optional.empty, currentVersionUuid=Optional[40a9f26f-31ac-4f0d-b6ea-a18ce80fc61b], location=http://example.com, inputs=[], symlinkTargetId=null)
INFO  [2024-02-09 10:14:16,963] marquez.db.OpenLineageDao: Created new parent run record RunRow(uuid=ea37c32e-b3f4-39b8-b6ae-ff179324e466, createdAt=2020-12-28T19:51:01.641Z, updatedAt=2020-12-28T19:51:01.641Z, jobUuid=3272b562-d852-46e6-a311-993486363db0, jobVersionUuid=Optional.empty, parentRunUuid=Optional.empty, runArgsUuid=c50d85df-b584-4c95-b109-ff0420955b75, nominalStartTime=Optional[2020-12-17T03:00:00.001Z], nominalEndTime=Optional[2020-12-17T04:00:00.001Z], currentRunState=Optional[COMPLETED], startedAt=Optional.empty, startRunStateUuid=Optional.empty, endedAt=Optional[2020-12-28T19:51:01.641Z], endRunStateUuid=Optional[3724f8ae-ce09-4113-86fb-7095acd0cbba], jobName=myjob, namespaceName=my-scheduler-namespace)
WARN  [2024-02-09 10:14:17,469] marquez.db.OpenLineageDao: Parent Run id 3f5e83fa-3480-44ff-99c5-ff943904e5e8 has a different job name 'theNamespace.parentJob' from facet 'my-scheduler-namespace.myjob.mytask'. Assuming Run UUID conflict and generating a new UUID ea37c32e-b3f4-39b8-b6ae-ff179324e466
INFO  [2024-02-09 10:14:17,473] marquez.db.OpenLineageDao: Created new parent job record JobRow(uuid=3272b562-d852-46e6-a311-993486363db0, type=BATCH, createdAt=2020-12-28T09:52:00.001Z, updatedAt=2024-02-09T04:44:17.470689Z, namespaceUuid=4c031ceb-e3db-449e-b42d-ceaae52bcea3, namespaceName=my-scheduler-namespace, name=myjob, simpleName=myjob, parentJobName=null, description=Optional.empty, currentVersionUuid=Optional[a6074dee-33b3-4b21-81b3-c4908e863dce], location=http://example.com, inputs=[], symlinkTargetId=null)
INFO  [2024-02-09 10:14:17,475] marquez.db.OpenLineageDao: Created new parent run record RunRow(uuid=ea37c32e-b3f4-39b8-b6ae-ff179324e466, createdAt=2020-12-28T19:51:01.641Z, updatedAt=2020-12-28T19:51:01.641Z, jobUuid=3272b562-d852-46e6-a311-993486363db0, jobVersionUuid=Optional.empty, parentRunUuid=Optional.empty, runArgsUuid=c50d85df-b584-4c95-b109-ff0420955b75, nominalStartTime=Optional[2020-12-17T03:00:00.001Z], nominalEndTime=Optional[2020-12-17T04:00:00.001Z], currentRunState=Optional[COMPLETED], startedAt=Optional.empty, startRunStateUuid=Optional.empty, endedAt=Optional[2020-12-28T19:51:01.641Z], endRunStateUuid=Optional[93e7379a-433c-43b0-b137-589513c4626f], jobName=myjob, namespaceName=my-scheduler-namespace)
INFO  [2024-02-09 10:14:17,600] org.flywaydb.core.internal.license.VersionPrinter: Flyway Community Edition 8.5.13 by Redgate
INFO  [2024-02-09 10:14:17,601] org.flywaydb.core.internal.license.VersionPrinter: See what's new here: https://flywaydb.org/documentation/learnmore/releaseNotes#8.5.13
INFO  [2024-02-09 10:14:17,601] org.flywaydb.core.internal.license.VersionPrinter: 
INFO  [2024-02-09 10:14:17,618] org.flywaydb.core.internal.command.DbClean: Successfully dropped pre-schema database level objects (execution time 00:00.000s)
INFO  [2024-02-09 10:14:17,668] org.flywaydb.core.internal.command.DbClean: Successfully cleaned schema "public" (execution time 00:00.049s)
INFO  [2024-02-09 10:14:17,674] org.flywaydb.core.internal.command.DbClean: Successfully cleaned schema "public" (execution time 00:00.006s)
INFO  [2024-02-09 10:14:17,674] org.flywaydb.core.internal.command.DbClean: Successfully dropped post-schema database level objects (execution time 00:00.000s)
]]></system-out>
  <system-err><![CDATA[]]></system-err>
</testsuite>
