<?xml version="1.0" encoding="UTF-8"?>
<testsuite name="marquez.service.models.LineageEventTest" tests="19" skipped="0" failures="0" errors="0" timestamp="2024-02-09T04:40:55" hostname="MacBook-Air.local" time="202.474">
  <properties/>
  <testcase name="testJobTypeJobFacetSerialization" classname="marquez.service.models.LineageEventTest" time="0.424"/>
  <testcase name="[1] input=open_lineage/event_full.json" classname="marquez.service.models.LineageEventTest" time="0.013"/>
  <testcase name="[2] input=open_lineage/event_simple.json" classname="marquez.service.models.LineageEventTest" time="0.008"/>
  <testcase name="[3] input=open_lineage/event_required_only.json" classname="marquez.service.models.LineageEventTest" time="0.009"/>
  <testcase name="[4] input=open_lineage/event_unicode.json" classname="marquez.service.models.LineageEventTest" time="0.008"/>
  <testcase name="[5] input=open_lineage/event_large.json" classname="marquez.service.models.LineageEventTest" time="0.021"/>
  <testcase name="[6] input=open_lineage/null_nominal_end_time.json" classname="marquez.service.models.LineageEventTest" time="0.01"/>
  <testcase name="[7] input=open_lineage/event_namespace_naming.json" classname="marquez.service.models.LineageEventTest" time="0.014"/>
  <testcase name="[8] input=open_lineage/event_required_nanoseconds.json" classname="marquez.service.models.LineageEventTest" time="0.008"/>
  <testcase name="[9] input=open_lineage/event_required_no_timezone.json" classname="marquez.service.models.LineageEventTest" time="0.008"/>
  <testcase name="[1] inputFile=open_lineage/event_full.json" classname="marquez.service.models.LineageEventTest" time="0.034"/>
  <testcase name="[2] inputFile=open_lineage/event_simple.json" classname="marquez.service.models.LineageEventTest" time="0.016"/>
  <testcase name="[3] inputFile=open_lineage/event_required_only.json" classname="marquez.service.models.LineageEventTest" time="0.013"/>
  <testcase name="[4] inputFile=open_lineage/event_unicode.json" classname="marquez.service.models.LineageEventTest" time="0.014"/>
  <testcase name="[5] inputFile=open_lineage/event_large.json" classname="marquez.service.models.LineageEventTest" time="0.067"/>
  <testcase name="[6] inputFile=open_lineage/null_nominal_end_time.json" classname="marquez.service.models.LineageEventTest" time="0.014"/>
  <testcase name="[7] inputFile=open_lineage/event_namespace_naming.json" classname="marquez.service.models.LineageEventTest" time="0.018"/>
  <testcase name="[8] inputFile=open_lineage/event_required_nanoseconds.json" classname="marquez.service.models.LineageEventTest" time="0.015"/>
  <testcase name="[9] inputFile=open_lineage/event_required_no_timezone.json" classname="marquez.service.models.LineageEventTest" time="0.013"/>
  <system-out><![CDATA[]]></system-out>
  <system-err><![CDATA[]]></system-err>
</testsuite>
