<?xml version="1.0" encoding="UTF-8"?>
<testsuite name="marquez.db.migrations.V57_BackfillFacetsPerformanceTest" tests="1" skipped="1" failures="0" errors="0" timestamp="2024-02-09T04:43:48" hostname="MacBook-Air.local" time="0.0">
  <properties/>
  <testcase name="testMigration()" classname="marquez.db.migrations.V57_BackfillFacetsPerformanceTest" time="0.0">
    <skipped/>
  </testcase>
  <system-out><![CDATA[]]></system-out>
  <system-err><![CDATA[]]></system-err>
</testsuite>
