<?xml version="1.0" encoding="UTF-8"?>
<testsuite name="marquez.db.LineageDaoTest" tests="20" skipped="0" failures="0" errors="0" timestamp="2024-02-09T04:43:16" hostname="MacBook-Air.local" time="15.848">
  <properties/>
  <testcase name="testGetCurrentRunsGetsLatestRun()" classname="marquez.db.LineageDaoTest" time="0.981"/>
  <testcase name="testGetLineageWithFailedProducer()" classname="marquez.db.LineageDaoTest" time="0.172"/>
  <testcase name="testGetCurrentRuns()" classname="marquez.db.LineageDaoTest" time="0.569"/>
  <testcase name="testGetLineageWithNewJobInRunningState()" classname="marquez.db.LineageDaoTest" time="0.096"/>
  <testcase name="testGetLineageWithFailedConsumer()" classname="marquez.db.LineageDaoTest" time="0.164"/>
  <testcase name="testGetLineageWithJobThatHasNoDatasets()" classname="marquez.db.LineageDaoTest" time="0.083"/>
  <testcase name="testGetCurrentRunsWithFacetsGetsLatestRun()" classname="marquez.db.LineageDaoTest" time="0.929"/>
  <testcase name="testGetLineageForSymlinkedJob()" classname="marquez.db.LineageDaoTest" time="3.268"/>
  <testcase name="testGetRunLineage()" classname="marquez.db.LineageDaoTest" time="3.186"/>
  <testcase name="testGetLineageWithJobThatSharesNoDatasets()" classname="marquez.db.LineageDaoTest" time="0.41"/>
  <testcase name="testGetJobFromInputOrOutput()" classname="marquez.db.LineageDaoTest" time="0.168"/>
  <testcase name="testGetLineage()" classname="marquez.db.LineageDaoTest" time="3.114"/>
  <testcase name="testGetLineageChangedJobVersion()" classname="marquez.db.LineageDaoTest" time="0.152"/>
  <testcase name="testGetDatasetDatalifecycleStateReturned()" classname="marquez.db.LineageDaoTest" time="0.105"/>
  <testcase name="testGetDatasetDataDoesNotReturnDeletedDataset()" classname="marquez.db.LineageDaoTest" time="0.155"/>
  <testcase name="testGetInputDatasetsWithJobThatHasMultipleVersions()" classname="marquez.db.LineageDaoTest" time="0.991"/>
  <testcase name="testGetDatasetData()" classname="marquez.db.LineageDaoTest" time="0.556"/>
  <testcase name="testGetJobFromInputOrOutputPrefersRecentOutputJob()" classname="marquez.db.LineageDaoTest" time="0.536"/>
  <testcase name="testGetCurrentRunsWithFailedJob()" classname="marquez.db.LineageDaoTest" time="0.099"/>
  <testcase name="testGetLineageWithJobThatHasNoDownstreamConsumers()" classname="marquez.db.LineageDaoTest" time="0.108"/>
  <system-out><![CDATA[INFO  [2024-02-09 10:13:16,025] org.flywaydb.core.internal.license.VersionPrinter: Flyway Community Edition 8.5.13 by Redgate
INFO  [2024-02-09 10:13:16,025] org.flywaydb.core.internal.license.VersionPrinter: See what's new here: https://flywaydb.org/documentation/learnmore/releaseNotes#8.5.13
INFO  [2024-02-09 10:13:16,025] org.flywaydb.core.internal.license.VersionPrinter: 
INFO  [2024-02-09 10:13:16,038] org.flywaydb.core.internal.database.base.BaseDatabaseType: Database: jdbc:postgresql://localhost:55773/test (PostgreSQL 14.10)
INFO  [2024-02-09 10:13:16,050] org.flywaydb.core.internal.command.DbValidate: Successfully validated 82 migrations (execution time 00:00.007s)
INFO  [2024-02-09 10:13:16,055] org.flywaydb.core.internal.schemahistory.JdbcTableSchemaHistory: Creating Schema History table "public"."flyway_schema_history" ...
INFO  [2024-02-09 10:13:16,061] org.flywaydb.core.internal.command.DbMigrate: Current version of schema "public": << Empty Schema >>
INFO  [2024-02-09 10:13:16,063] org.flywaydb.core.internal.command.DbMigrate: Migrating schema "public" to version "1 - initial schema"
INFO  [2024-02-09 10:13:16,084] org.flywaydb.core.internal.command.DbMigrate: Migrating schema "public" to version "2 - add job contexts"
INFO  [2024-02-09 10:13:16,092] org.flywaydb.core.internal.command.DbMigrate: Migrating schema "public" to version "2.1 - alter job versions to add job context uuid"
INFO  [2024-02-09 10:13:16,099] org.flywaydb.core.internal.command.DbMigrate: Migrating schema "public" to version "3 - drop not null constraint on job location"
INFO  [2024-02-09 10:13:16,106] org.flywaydb.core.internal.command.DbMigrate: Migrating schema "public" to version "4 - add dataset fields"
INFO  [2024-02-09 10:13:16,115] org.flywaydb.core.internal.command.DbMigrate: Migrating schema "public" to version "5 - add tags"
INFO  [2024-02-09 10:13:16,124] org.flywaydb.core.internal.command.DbMigrate: Migrating schema "public" to version "6 - alter datasets to add last modified"
INFO  [2024-02-09 10:13:16,131] org.flywaydb.core.internal.command.DbMigrate: Migrating schema "public" to version "7 - alter run args to change args"
INFO  [2024-02-09 10:13:16,138] org.flywaydb.core.internal.command.DbMigrate: Migrating schema "public" to version "8 - alter datasets to change unique constraint"
INFO  [2024-02-09 10:13:16,146] org.flywaydb.core.internal.command.DbMigrate: Migrating schema "public" to version "9 - alter sources to drop composite unique constraint"
INFO  [2024-02-09 10:13:16,153] org.flywaydb.core.internal.command.DbMigrate: Migrating schema "public" to version "10 - drop unique constraint on job name"
INFO  [2024-02-09 10:13:16,159] org.flywaydb.core.internal.command.DbMigrate: Migrating schema "public" to version "11 - alter datasets to rename last modified"
INFO  [2024-02-09 10:13:16,166] org.flywaydb.core.internal.command.DbMigrate: Migrating schema "public" to version "12 - alter dataset fields to change unique constraint"
INFO  [2024-02-09 10:13:16,173] org.flywaydb.core.internal.command.DbMigrate: Migrating schema "public" to version "13 - alter run add start end state"
INFO  [2024-02-09 10:13:16,181] org.flywaydb.core.internal.command.DbMigrate: Migrating schema "public" to version "14 - index datasetversion datasetid"
INFO  [2024-02-09 10:13:16,188] org.flywaydb.core.internal.command.DbMigrate: Migrating schema "public" to version "15 - index created at and current run state on runs"
INFO  [2024-02-09 10:13:16,197] org.flywaydb.core.internal.command.DbMigrate: Migrating schema "public" to version "16 - index created at on runs"
INFO  [2024-02-09 10:13:16,205] org.flywaydb.core.internal.command.DbMigrate: Migrating schema "public" to version "17.1 - unique version constraint"
INFO  [2024-02-09 10:13:16,213] org.flywaydb.core.internal.command.DbMigrate: Migrating schema "public" to version "17.2 - open lineage"
INFO  [2024-02-09 10:13:16,219] org.flywaydb.core.internal.command.DbMigrate: Migrating schema "public" to version "18 - drop dataset constraint"
INFO  [2024-02-09 10:13:16,226] org.flywaydb.core.internal.command.DbMigrate: Migrating schema "public" to version "19 - alter run to add external id"
INFO  [2024-02-09 10:13:16,232] org.flywaydb.core.internal.command.DbMigrate: Migrating schema "public" to version "20 - drop lineage pk"
INFO  [2024-02-09 10:13:16,238] org.flywaydb.core.internal.command.DbMigrate: Migrating schema "public" to version "21 - alter jobs to add namespace name"
INFO  [2024-02-09 10:13:16,245] org.flywaydb.core.internal.command.DbMigrate: Migrating schema "public" to version "22 - alter job versions to add namespace"
INFO  [2024-02-09 10:13:16,253] org.flywaydb.core.internal.command.DbMigrate: Migrating schema "public" to version "23 - alter runs"
INFO  [2024-02-09 10:13:16,263] org.flywaydb.core.internal.command.DbMigrate: Migrating schema "public" to version "24 - alter jobs"
INFO  [2024-02-09 10:13:16,272] org.flywaydb.core.internal.command.DbMigrate: Migrating schema "public" to version "25 - alter datasets"
INFO  [2024-02-09 10:13:16,280] org.flywaydb.core.internal.command.DbMigrate: Migrating schema "public" to version "26 - alter jobs change type"
INFO  [2024-02-09 10:13:16,289] org.flywaydb.core.internal.command.DbMigrate: Migrating schema "public" to version "27 - alter runs add context"
INFO  [2024-02-09 10:13:16,296] org.flywaydb.core.internal.command.DbMigrate: Migrating schema "public" to version "28 - update jobs fix inputs"
INFO  [2024-02-09 10:13:16,303] org.flywaydb.core.internal.command.DbMigrate: Migrating schema "public" to version "29 - alter dataset versions add fields"
INFO  [2024-02-09 10:13:16,329] org.flywaydb.core.internal.command.DbMigrate: Migrating schema "public" to version "30 - alter runs change transitioned at type"
INFO  [2024-02-09 10:13:16,337] org.flywaydb.core.internal.command.DbMigrate: Migrating schema "public" to version "31 - alter job io mapping"
INFO  [2024-02-09 10:13:16,349] org.flywaydb.core.internal.command.DbMigrate: Migrating schema "public" to version "32 - index runs created at"
INFO  [2024-02-09 10:13:16,356] org.flywaydb.core.internal.command.DbMigrate: Migrating schema "public" to version "33 - index lineage events run id"
INFO  [2024-02-09 10:13:16,365] org.flywaydb.core.internal.command.DbMigrate: Migrating schema "public" to version "34 - drop not null constraint on field type"
INFO  [2024-02-09 10:13:16,372] org.flywaydb.core.internal.command.DbMigrate: Migrating schema "public" to version "35 - drop io mapping tables"
INFO  [2024-02-09 10:13:16,380] org.flywaydb.core.internal.command.DbMigrate: Migrating schema "public" to version "36 - drop run id column in lineage events"
INFO  [2024-02-09 10:13:16,388] org.flywaydb.core.internal.command.DbMigrate: Migrating schema "public" to version "37 - alter dataset fields to change type"
INFO  [2024-02-09 10:13:16,395] org.flywaydb.core.internal.command.DbMigrate: Migrating schema "public" to version "38 - alter namespaces to resize name"
INFO  [2024-02-09 10:13:16,402] org.flywaydb.core.internal.command.DbMigrate: Migrating schema "public" to version "39 - alter sources to resize name"
INFO  [2024-02-09 10:13:16,408] org.flywaydb.core.internal.command.DbMigrate: Migrating schema "public" to version "40 - alter tables resize namespace and connection url"
INFO  [2024-02-09 10:13:16,419] org.flywaydb.core.internal.command.DbMigrate: Migrating schema "public" to version "41 - add operation to dataset versions"
INFO  [2024-02-09 10:13:16,426] org.flywaydb.core.internal.command.DbMigrate: Migrating schema "public" to version "42 - add job symlink target"
INFO  [2024-02-09 10:13:16,434] org.flywaydb.core.internal.command.DbMigrate: Migrating schema "public" to version "43 - alter jobs add job parent uuid"
INFO  [2024-02-09 10:13:16,437] org.flywaydb.core.internal.sqlscript.DefaultSqlScriptExecutor: DB: index "jobs_namespace_uuid_name_key" does not exist, skipping
INFO  [2024-02-09 10:13:16,439] org.flywaydb.core.internal.sqlscript.DefaultSqlScriptExecutor: DB: ALTER TABLE / ADD CONSTRAINT USING INDEX will rename index "jobs_namespace_uuid_name_parent" to "unique_jobs_namespace_uuid_name_parent"
INFO  [2024-02-09 10:13:16,446] org.flywaydb.core.internal.command.DbMigrate: Migrating schema "public" to version "44 - runs job versions add job uuid"
INFO  [2024-02-09 10:13:16,448] org.flywaydb.core.internal.sqlscript.DefaultSqlScriptExecutor: DB: trigger "runs_insert_job_uuid" for relation "runs" does not exist, skipping
INFO  [2024-02-09 10:13:16,455] org.flywaydb.core.internal.command.DbMigrate: Migrating schema "public" to version "44.1 - UpdateRunsWithJobUUID" [non-transactional]
INFO  [2024-02-09 10:13:16,461] org.flywaydb.core.internal.command.DbMigrate: Migrating schema "public" to version "44.2 - BackfillAirflowParentRuns" [non-transactional]
INFO  [2024-02-09 10:13:16,469] org.flywaydb.core.internal.command.DbMigrate: Migrating schema "public" to version "44.3 - BackfillJobsWithParents" [non-transactional]
INFO  [2024-02-09 10:13:16,478] org.flywaydb.core.internal.command.DbMigrate: Migrating schema "public" to version "45 - update jobs view rule"
INFO  [2024-02-09 10:13:16,479] org.flywaydb.core.internal.sqlscript.DefaultSqlScriptExecutor: DB: constraint "jobs_namespace_uuid_name_key" of relation "jobs" does not exist, skipping
INFO  [2024-02-09 10:13:16,479] org.flywaydb.core.internal.sqlscript.DefaultSqlScriptExecutor: DB: index "jobs_namespace_uuid_name_key" does not exist, skipping
INFO  [2024-02-09 10:13:16,480] org.flywaydb.core.internal.sqlscript.DefaultSqlScriptExecutor: DB: constraint "jobs_namespace_uuid_name_null_parent" of relation "jobs" does not exist, skipping
INFO  [2024-02-09 10:13:16,481] org.flywaydb.core.internal.sqlscript.DefaultSqlScriptExecutor: DB: index "jobs_namespace_uuid_name_parent" does not exist, skipping
INFO  [2024-02-09 10:13:16,482] org.flywaydb.core.internal.sqlscript.DefaultSqlScriptExecutor: DB: index "unique_jobs_namespace_uuid_name_parent" does not exist, skipping
INFO  [2024-02-09 10:13:16,491] org.flywaydb.core.internal.command.DbMigrate: Migrating schema "public" to version "46 - add hidden column to jobs and datasets"
INFO  [2024-02-09 10:13:16,498] org.flywaydb.core.internal.command.DbMigrate: Migrating schema "public" to version "47 - add lineage event indexes" [non-transactional]
INFO  [2024-02-09 10:13:16,505] org.flywaydb.core.internal.command.DbMigrate: Migrating schema "public" to version "48 - dataset symlinks"
INFO  [2024-02-09 10:13:16,508] org.flywaydb.core.internal.sqlscript.DefaultSqlScriptExecutor: DB: type "dataset_name" does not exist, skipping
INFO  [2024-02-09 10:13:16,514] org.flywaydb.core.internal.command.DbMigrate: Migrating schema "public" to version "49 - column lineage"
INFO  [2024-02-09 10:13:16,522] org.flywaydb.core.internal.command.DbMigrate: Migrating schema "public" to version "50 - index dataset fields"
INFO  [2024-02-09 10:13:16,528] org.flywaydb.core.internal.command.DbMigrate: Migrating schema "public" to version "51 - job indices for lineage"
INFO  [2024-02-09 10:13:16,536] org.flywaydb.core.internal.command.DbMigrate: Migrating schema "public" to version "52 - alter dataset symlinks"
INFO  [2024-02-09 10:13:16,544] org.flywaydb.core.internal.command.DbMigrate: Migrating schema "public" to version "53 - add hidden namespace"
INFO  [2024-02-09 10:13:16,550] org.flywaydb.core.internal.command.DbMigrate: Migrating schema "public" to version "54 - lineage events created at indexed"
INFO  [2024-02-09 10:13:16,558] org.flywaydb.core.internal.command.DbMigrate: Migrating schema "public" to version "55.1 - add dataset facets"
INFO  [2024-02-09 10:13:16,566] org.flywaydb.core.internal.command.DbMigrate: Migrating schema "public" to version "55.2 - add job facets"
INFO  [2024-02-09 10:13:16,574] org.flywaydb.core.internal.command.DbMigrate: Migrating schema "public" to version "55.3 - add run facets"
INFO  [2024-02-09 10:13:16,581] org.flywaydb.core.internal.command.DbMigrate: Migrating schema "public" to version "56.1 - CreateFacetViews" [non-transactional]
INFO  [2024-02-09 10:13:16,597] org.flywaydb.core.internal.command.DbMigrate: Migrating schema "public" to version "57.1 - add migration lock"
INFO  [2024-02-09 10:13:16,604] org.flywaydb.core.internal.command.DbMigrate: Migrating schema "public" to version "57.2 - BackFillFacets" [non-transactional]
INFO  [2024-02-09 10:13:16,606] marquez.db.migrations.V57_1__BackfillFacets: Vacuuming lineage_events table
INFO  [2024-02-09 10:13:16,617] marquez.db.migrations.V57_1__BackfillFacets: Vacuuming lineage_events table finished
INFO  [2024-02-09 10:13:16,618] marquez.db.migrations.V57_1__BackfillFacets: Estimating 0 events in lineage_events table
INFO  [2024-02-09 10:13:16,633] org.flywaydb.core.internal.command.DbMigrate: Migrating schema "public" to version "58 - job fqn name index"
INFO  [2024-02-09 10:13:16,641] org.flywaydb.core.internal.command.DbMigrate: Migrating schema "public" to version "59.1 - column lineage add indexes"
INFO  [2024-02-09 10:13:16,649] org.flywaydb.core.internal.command.DbMigrate: Migrating schema "public" to version "59.2 - facet tables indexes"
INFO  [2024-02-09 10:13:16,657] org.flywaydb.core.internal.command.DbMigrate: Migrating schema "public" to version "60 - alter job versions to drop job context uuid"
INFO  [2024-02-09 10:13:16,664] org.flywaydb.core.internal.command.DbMigrate: Migrating schema "public" to version "61 - unique job fqn index"
INFO  [2024-02-09 10:13:16,676] org.flywaydb.core.internal.command.DbMigrate: Migrating schema "public" to version "62 - index run states and parent run"
INFO  [2024-02-09 10:13:16,687] org.flywaydb.core.internal.command.DbMigrate: Migrating schema "public" to version "63 - alter tables add on cascade delete"
INFO  [2024-02-09 10:13:16,722] org.flywaydb.core.internal.command.DbMigrate: Migrating schema "public" to version "64 - drop job contexts"
INFO  [2024-02-09 10:13:16,731] org.flywaydb.core.internal.command.DbMigrate: Migrating schema "public" to version "65 - alter dataset facets to change lineage event type as nullable"
INFO  [2024-02-09 10:13:16,738] org.flywaydb.core.internal.command.DbMigrate: Migrating schema "public" to version "66.1 - alter job facets"
INFO  [2024-02-09 10:13:16,747] org.flywaydb.core.internal.command.DbMigrate: Migrating schema "public" to version "66.2 - alter lineage events add event type"
INFO  [2024-02-09 10:13:16,755] org.flywaydb.core.internal.command.DbMigrate: Migrating schema "public" to version "66.3 - BackfillJobFacetsWithJobVersion" [non-transactional]
INFO  [2024-02-09 10:13:16,764] org.flywaydb.core.internal.command.DbMigrate: Migrating schema "public" to version "67.1 - job versions io mapping add job reference"
INFO  [2024-02-09 10:13:16,774] org.flywaydb.core.internal.command.DbMigrate: Migrating schema "public" to version "67.2 - Back fill job_uuid and is_current_job_version in job_versions_io_mapping table" [non-transactional]
INFO  [2024-02-09 10:13:16,782] org.flywaydb.core.internal.command.DbMigrate: Migrating schema "public" with repeatable migration "1 Jobs view and rewrite function"
INFO  [2024-02-09 10:13:16,785] org.flywaydb.core.internal.sqlscript.DefaultSqlScriptExecutor: DB: trigger "update_symlinks" for relation "jobs_view" does not exist, skipping
INFO  [2024-02-09 10:13:16,792] org.flywaydb.core.internal.command.DbMigrate: Migrating schema "public" with repeatable migration "2 Runs view"
INFO  [2024-02-09 10:13:16,800] org.flywaydb.core.internal.command.DbMigrate: Migrating schema "public" with repeatable migration "3 Datasets view"
INFO  [2024-02-09 10:13:16,801] org.flywaydb.core.internal.sqlscript.DefaultSqlScriptExecutor: DB: view "datasets_view" does not exist, skipping
INFO  [2024-02-09 10:13:16,807] org.flywaydb.core.internal.command.DbMigrate: Successfully applied 82 migrations to schema "public", now at version v67.2 (execution time 00:00.747s)
WARN  [2024-02-09 10:13:31,324] marquez.db.Columns: Could not read source URI for column 'current_location' null would be returned
! java.net.MalformedURLException: no protocol: git@github:location
! at java.base/java.net.URL.<init>(URL.java:764)
! at java.base/java.net.URL.<init>(URL.java:646)
! at java.base/java.net.URL.<init>(URL.java:582)
! at marquez.db.Columns.urlOrNull(Columns.java:256)
! at marquez.db.mappers.JobDataMapper.map(JobDataMapper.java:49)
! at marquez.db.mappers.JobDataMapper.map(JobDataMapper.java:29)
! at org.jdbi.v3.core.result.internal.ResultSetResultIterator.next(ResultSetResultIterator.java:83)
! at java.base/java.util.Iterator.forEachRemaining(Iterator.java:133)
! at org.jdbi.v3.core.result.ResultIterator.forEachRemaining(ResultIterator.java:39)
! at java.base/java.util.Spliterators$IteratorSpliterator.forEachRemaining(Spliterators.java:1921)
! at java.base/java.util.stream.AbstractPipeline.copyInto(AbstractPipeline.java:509)
! at java.base/java.util.stream.AbstractPipeline.wrapAndCopyInto(AbstractPipeline.java:499)
! at java.base/java.util.stream.ReduceOps$ReduceOp.evaluateSequential(ReduceOps.java:921)
! at java.base/java.util.stream.AbstractPipeline.evaluate(AbstractPipeline.java:234)
! at java.base/java.util.stream.ReferencePipeline.collect(ReferencePipeline.java:682)
! at org.jdbi.v3.core.result.ResultIterable.collect(ResultIterable.java:341)
! at org.jdbi.v3.sqlobject.statement.internal.ResultReturner$CollectedResultReturner.mappedResult(ResultReturner.java:293)
! at org.jdbi.v3.sqlobject.statement.internal.SqlQueryHandler.lambda$configureReturner$0(SqlQueryHandler.java:65)
! at org.jdbi.v3.sqlobject.statement.internal.CustomizingStatementHandler.invoke(CustomizingStatementHandler.java:191)
! at org.jdbi.v3.sqlobject.statement.internal.SqlQueryHandler.invoke(SqlQueryHandler.java:27)
! at org.jdbi.v3.core.extension.ExtensionMetadata$ExtensionHandlerInvoker.lambda$invoke$0(ExtensionMetadata.java:345)
! at org.jdbi.v3.core.AbstractHandleSupplier.invokeInContext(AbstractHandleSupplier.java:36)
! at org.jdbi.v3.core.extension.ExtensionMetadata$ExtensionHandlerInvoker.call(ExtensionMetadata.java:363)
! at org.jdbi.v3.core.extension.ExtensionMetadata$ExtensionHandlerInvoker.invoke(ExtensionMetadata.java:346)
! at org.jdbi.v3.core.extension.ExtensionFactoryDelegate.lambda$attach$0(ExtensionFactoryDelegate.java:118)
! at org.jdbi.v3.core.internal.OnDemandExtensions.invoke(OnDemandExtensions.java:85)
! at org.jdbi.v3.core.internal.OnDemandExtensions.lambda$createProxy$2(OnDemandExtensions.java:71)
! at org.jdbi.v3.core.Jdbi.callWithExtension(Jdbi.java:544)
! at org.jdbi.v3.core.Jdbi.withExtension(Jdbi.java:531)
! at org.jdbi.v3.core.internal.OnDemandExtensions.lambda$createProxy$3(OnDemandExtensions.java:71)
! at jdk.proxy3/jdk.proxy3.$Proxy108.getLineage(Unknown Source)
! at marquez.db.LineageDaoTest.testGetInputDatasetsWithJobThatHasMultipleVersions(LineageDaoTest.java:466)
! at java.base/jdk.internal.reflect.DirectMethodHandleAccessor.invoke(DirectMethodHandleAccessor.java:104)
! at java.base/java.lang.reflect.Method.invoke(Method.java:578)
! at org.junit.platform.commons.util.ReflectionUtils.invokeMethod(ReflectionUtils.java:728)
! at org.junit.jupiter.engine.execution.MethodInvocation.proceed(MethodInvocation.java:60)
! at org.junit.jupiter.engine.execution.InvocationInterceptorChain$ValidatingInvocation.proceed(InvocationInterceptorChain.java:131)
! at org.junit.jupiter.engine.extension.TimeoutExtension.intercept(TimeoutExtension.java:156)
! at org.junit.jupiter.engine.extension.TimeoutExtension.interceptTestableMethod(TimeoutExtension.java:147)
! at org.junit.jupiter.engine.extension.TimeoutExtension.interceptTestMethod(TimeoutExtension.java:86)
! at org.junit.jupiter.engine.execution.InterceptingExecutableInvoker$ReflectiveInterceptorCall.lambda$ofVoidMethod$0(InterceptingExecutableInvoker.java:103)
! at org.junit.jupiter.engine.execution.InterceptingExecutableInvoker.lambda$invoke$0(InterceptingExecutableInvoker.java:93)
! at org.junit.jupiter.engine.execution.InvocationInterceptorChain$InterceptedInvocation.proceed(InvocationInterceptorChain.java:106)
! at org.junit.jupiter.engine.execution.InvocationInterceptorChain.proceed(InvocationInterceptorChain.java:64)
! at org.junit.jupiter.engine.execution.InvocationInterceptorChain.chainAndInvoke(InvocationInterceptorChain.java:45)
! at org.junit.jupiter.engine.execution.InvocationInterceptorChain.invoke(InvocationInterceptorChain.java:37)
! at org.junit.jupiter.engine.execution.InterceptingExecutableInvoker.invoke(InterceptingExecutableInvoker.java:92)
! at org.junit.jupiter.engine.execution.InterceptingExecutableInvoker.invoke(InterceptingExecutableInvoker.java:86)
! at org.junit.jupiter.engine.descriptor.TestMethodTestDescriptor.lambda$invokeTestMethod$7(TestMethodTestDescriptor.java:218)
! at org.junit.platform.engine.support.hierarchical.ThrowableCollector.execute(ThrowableCollector.java:73)
! at org.junit.jupiter.engine.descriptor.TestMethodTestDescriptor.invokeTestMethod(TestMethodTestDescriptor.java:214)
! at org.junit.jupiter.engine.descriptor.TestMethodTestDescriptor.execute(TestMethodTestDescriptor.java:139)
! at org.junit.jupiter.engine.descriptor.TestMethodTestDescriptor.execute(TestMethodTestDescriptor.java:69)
! at org.junit.platform.engine.support.hierarchical.NodeTestTask.lambda$executeRecursively$6(NodeTestTask.java:151)
! at org.junit.platform.engine.support.hierarchical.ThrowableCollector.execute(ThrowableCollector.java:73)
! at org.junit.platform.engine.support.hierarchical.NodeTestTask.lambda$executeRecursively$8(NodeTestTask.java:141)
! at org.junit.platform.engine.support.hierarchical.Node.around(Node.java:137)
! at org.junit.platform.engine.support.hierarchical.NodeTestTask.lambda$executeRecursively$9(NodeTestTask.java:139)
! at org.junit.platform.engine.support.hierarchical.ThrowableCollector.execute(ThrowableCollector.java:73)
! at org.junit.platform.engine.support.hierarchical.NodeTestTask.executeRecursively(NodeTestTask.java:138)
! at org.junit.platform.engine.support.hierarchical.NodeTestTask.execute(NodeTestTask.java:95)
! at java.base/java.util.ArrayList.forEach(ArrayList.java:1511)
! at org.junit.platform.engine.support.hierarchical.SameThreadHierarchicalTestExecutorService.invokeAll(SameThreadHierarchicalTestExecutorService.java:41)
! at org.junit.platform.engine.support.hierarchical.NodeTestTask.lambda$executeRecursively$6(NodeTestTask.java:155)
! at org.junit.platform.engine.support.hierarchical.ThrowableCollector.execute(ThrowableCollector.java:73)
! at org.junit.platform.engine.support.hierarchical.NodeTestTask.lambda$executeRecursively$8(NodeTestTask.java:141)
! at org.junit.platform.engine.support.hierarchical.Node.around(Node.java:137)
! at org.junit.platform.engine.support.hierarchical.NodeTestTask.lambda$executeRecursively$9(NodeTestTask.java:139)
! at org.junit.platform.engine.support.hierarchical.ThrowableCollector.execute(ThrowableCollector.java:73)
! at org.junit.platform.engine.support.hierarchical.NodeTestTask.executeRecursively(NodeTestTask.java:138)
! at org.junit.platform.engine.support.hierarchical.NodeTestTask.execute(NodeTestTask.java:95)
! at java.base/java.util.ArrayList.forEach(ArrayList.java:1511)
! at org.junit.platform.engine.support.hierarchical.SameThreadHierarchicalTestExecutorService.invokeAll(SameThreadHierarchicalTestExecutorService.java:41)
! at org.junit.platform.engine.support.hierarchical.NodeTestTask.lambda$executeRecursively$6(NodeTestTask.java:155)
! at org.junit.platform.engine.support.hierarchical.ThrowableCollector.execute(ThrowableCollector.java:73)
! at org.junit.platform.engine.support.hierarchical.NodeTestTask.lambda$executeRecursively$8(NodeTestTask.java:141)
! at org.junit.platform.engine.support.hierarchical.Node.around(Node.java:137)
! at org.junit.platform.engine.support.hierarchical.NodeTestTask.lambda$executeRecursively$9(NodeTestTask.java:139)
! at org.junit.platform.engine.support.hierarchical.ThrowableCollector.execute(ThrowableCollector.java:73)
! at org.junit.platform.engine.support.hierarchical.NodeTestTask.executeRecursively(NodeTestTask.java:138)
! at org.junit.platform.engine.support.hierarchical.NodeTestTask.execute(NodeTestTask.java:95)
! at org.junit.platform.engine.support.hierarchical.SameThreadHierarchicalTestExecutorService.submit(SameThreadHierarchicalTestExecutorService.java:35)
! at org.junit.platform.engine.support.hierarchical.HierarchicalTestExecutor.execute(HierarchicalTestExecutor.java:57)
! at org.junit.platform.engine.support.hierarchical.HierarchicalTestEngine.execute(HierarchicalTestEngine.java:54)
! at org.junit.platform.launcher.core.EngineExecutionOrchestrator.execute(EngineExecutionOrchestrator.java:107)
! at org.junit.platform.launcher.core.EngineExecutionOrchestrator.execute(EngineExecutionOrchestrator.java:88)
! at org.junit.platform.launcher.core.EngineExecutionOrchestrator.lambda$execute$0(EngineExecutionOrchestrator.java:54)
! at org.junit.platform.launcher.core.EngineExecutionOrchestrator.withInterceptedStreams(EngineExecutionOrchestrator.java:67)
! at org.junit.platform.launcher.core.EngineExecutionOrchestrator.execute(EngineExecutionOrchestrator.java:52)
! at org.junit.platform.launcher.core.DefaultLauncher.execute(DefaultLauncher.java:114)
! at org.junit.platform.launcher.core.DefaultLauncher.execute(DefaultLauncher.java:86)
! at org.junit.platform.launcher.core.DefaultLauncherSession$DelegatingLauncher.execute(DefaultLauncherSession.java:86)
! at org.gradle.api.internal.tasks.testing.junitplatform.JUnitPlatformTestClassProcessor$CollectAllTestClassesExecutor.processAllTestClasses(JUnitPlatformTestClassProcessor.java:119)
! at org.gradle.api.internal.tasks.testing.junitplatform.JUnitPlatformTestClassProcessor$CollectAllTestClassesExecutor.access$000(JUnitPlatformTestClassProcessor.java:94)
! at org.gradle.api.internal.tasks.testing.junitplatform.JUnitPlatformTestClassProcessor.stop(JUnitPlatformTestClassProcessor.java:89)
! at org.gradle.api.internal.tasks.testing.SuiteTestClassProcessor.stop(SuiteTestClassProcessor.java:62)
! at java.base/jdk.internal.reflect.DirectMethodHandleAccessor.invoke(DirectMethodHandleAccessor.java:104)
! at java.base/java.lang.reflect.Method.invoke(Method.java:578)
! at org.gradle.internal.dispatch.ReflectionDispatch.dispatch(ReflectionDispatch.java:36)
! at org.gradle.internal.dispatch.ReflectionDispatch.dispatch(ReflectionDispatch.java:24)
! at org.gradle.internal.dispatch.ContextClassLoaderDispatch.dispatch(ContextClassLoaderDispatch.java:33)
! at org.gradle.internal.dispatch.ProxyDispatchAdapter$DispatchingInvocationHandler.invoke(ProxyDispatchAdapter.java:94)
! at jdk.proxy2/jdk.proxy2.$Proxy5.stop(Unknown Source)
! at org.gradle.api.internal.tasks.testing.worker.TestWorker$3.run(TestWorker.java:193)
! at org.gradle.api.internal.tasks.testing.worker.TestWorker.executeAndMaintainThreadName(TestWorker.java:129)
! at org.gradle.api.internal.tasks.testing.worker.TestWorker.execute(TestWorker.java:100)
! at org.gradle.api.internal.tasks.testing.worker.TestWorker.execute(TestWorker.java:60)
! at org.gradle.process.internal.worker.child.ActionExecutionWorker.execute(ActionExecutionWorker.java:56)
! at org.gradle.process.internal.worker.child.SystemApplicationClassLoaderWorker.call(SystemApplicationClassLoaderWorker.java:113)
! at org.gradle.process.internal.worker.child.SystemApplicationClassLoaderWorker.call(SystemApplicationClassLoaderWorker.java:65)
! at worker.org.gradle.process.internal.worker.GradleWorkerMain.run(GradleWorkerMain.java:69)
! at worker.org.gradle.process.internal.worker.GradleWorkerMain.main(GradleWorkerMain.java:74)
WARN  [2024-02-09 10:13:31,326] marquez.db.Columns: Could not read source URI for column 'current_location' null would be returned
! java.net.MalformedURLException: no protocol: git@github:location
! at java.base/java.net.URL.<init>(URL.java:764)
! at java.base/java.net.URL.<init>(URL.java:646)
! at java.base/java.net.URL.<init>(URL.java:582)
! at marquez.db.Columns.urlOrNull(Columns.java:256)
! at marquez.db.mappers.JobDataMapper.map(JobDataMapper.java:49)
! at marquez.db.mappers.JobDataMapper.map(JobDataMapper.java:29)
! at org.jdbi.v3.core.result.internal.ResultSetResultIterator.next(ResultSetResultIterator.java:83)
! at java.base/java.util.Iterator.forEachRemaining(Iterator.java:133)
! at org.jdbi.v3.core.result.ResultIterator.forEachRemaining(ResultIterator.java:39)
! at java.base/java.util.Spliterators$IteratorSpliterator.forEachRemaining(Spliterators.java:1921)
! at java.base/java.util.stream.AbstractPipeline.copyInto(AbstractPipeline.java:509)
! at java.base/java.util.stream.AbstractPipeline.wrapAndCopyInto(AbstractPipeline.java:499)
! at java.base/java.util.stream.ReduceOps$ReduceOp.evaluateSequential(ReduceOps.java:921)
! at java.base/java.util.stream.AbstractPipeline.evaluate(AbstractPipeline.java:234)
! at java.base/java.util.stream.ReferencePipeline.collect(ReferencePipeline.java:682)
! at org.jdbi.v3.core.result.ResultIterable.collect(ResultIterable.java:341)
! at org.jdbi.v3.sqlobject.statement.internal.ResultReturner$CollectedResultReturner.mappedResult(ResultReturner.java:293)
! at org.jdbi.v3.sqlobject.statement.internal.SqlQueryHandler.lambda$configureReturner$0(SqlQueryHandler.java:65)
! at org.jdbi.v3.sqlobject.statement.internal.CustomizingStatementHandler.invoke(CustomizingStatementHandler.java:191)
! at org.jdbi.v3.sqlobject.statement.internal.SqlQueryHandler.invoke(SqlQueryHandler.java:27)
! at org.jdbi.v3.core.extension.ExtensionMetadata$ExtensionHandlerInvoker.lambda$invoke$0(ExtensionMetadata.java:345)
! at org.jdbi.v3.core.AbstractHandleSupplier.invokeInContext(AbstractHandleSupplier.java:36)
! at org.jdbi.v3.core.extension.ExtensionMetadata$ExtensionHandlerInvoker.call(ExtensionMetadata.java:363)
! at org.jdbi.v3.core.extension.ExtensionMetadata$ExtensionHandlerInvoker.invoke(ExtensionMetadata.java:346)
! at org.jdbi.v3.core.extension.ExtensionFactoryDelegate.lambda$attach$0(ExtensionFactoryDelegate.java:118)
! at org.jdbi.v3.core.internal.OnDemandExtensions.invoke(OnDemandExtensions.java:85)
! at org.jdbi.v3.core.internal.OnDemandExtensions.lambda$createProxy$2(OnDemandExtensions.java:71)
! at org.jdbi.v3.core.Jdbi.callWithExtension(Jdbi.java:544)
! at org.jdbi.v3.core.Jdbi.withExtension(Jdbi.java:531)
! at org.jdbi.v3.core.internal.OnDemandExtensions.lambda$createProxy$3(OnDemandExtensions.java:71)
! at jdk.proxy3/jdk.proxy3.$Proxy108.getLineage(Unknown Source)
! at marquez.db.LineageDaoTest.testGetInputDatasetsWithJobThatHasMultipleVersions(LineageDaoTest.java:466)
! at java.base/jdk.internal.reflect.DirectMethodHandleAccessor.invoke(DirectMethodHandleAccessor.java:104)
! at java.base/java.lang.reflect.Method.invoke(Method.java:578)
! at org.junit.platform.commons.util.ReflectionUtils.invokeMethod(ReflectionUtils.java:728)
! at org.junit.jupiter.engine.execution.MethodInvocation.proceed(MethodInvocation.java:60)
! at org.junit.jupiter.engine.execution.InvocationInterceptorChain$ValidatingInvocation.proceed(InvocationInterceptorChain.java:131)
! at org.junit.jupiter.engine.extension.TimeoutExtension.intercept(TimeoutExtension.java:156)
! at org.junit.jupiter.engine.extension.TimeoutExtension.interceptTestableMethod(TimeoutExtension.java:147)
! at org.junit.jupiter.engine.extension.TimeoutExtension.interceptTestMethod(TimeoutExtension.java:86)
! at org.junit.jupiter.engine.execution.InterceptingExecutableInvoker$ReflectiveInterceptorCall.lambda$ofVoidMethod$0(InterceptingExecutableInvoker.java:103)
! at org.junit.jupiter.engine.execution.InterceptingExecutableInvoker.lambda$invoke$0(InterceptingExecutableInvoker.java:93)
! at org.junit.jupiter.engine.execution.InvocationInterceptorChain$InterceptedInvocation.proceed(InvocationInterceptorChain.java:106)
! at org.junit.jupiter.engine.execution.InvocationInterceptorChain.proceed(InvocationInterceptorChain.java:64)
! at org.junit.jupiter.engine.execution.InvocationInterceptorChain.chainAndInvoke(InvocationInterceptorChain.java:45)
! at org.junit.jupiter.engine.execution.InvocationInterceptorChain.invoke(InvocationInterceptorChain.java:37)
! at org.junit.jupiter.engine.execution.InterceptingExecutableInvoker.invoke(InterceptingExecutableInvoker.java:92)
! at org.junit.jupiter.engine.execution.InterceptingExecutableInvoker.invoke(InterceptingExecutableInvoker.java:86)
! at org.junit.jupiter.engine.descriptor.TestMethodTestDescriptor.lambda$invokeTestMethod$7(TestMethodTestDescriptor.java:218)
! at org.junit.platform.engine.support.hierarchical.ThrowableCollector.execute(ThrowableCollector.java:73)
! at org.junit.jupiter.engine.descriptor.TestMethodTestDescriptor.invokeTestMethod(TestMethodTestDescriptor.java:214)
! at org.junit.jupiter.engine.descriptor.TestMethodTestDescriptor.execute(TestMethodTestDescriptor.java:139)
! at org.junit.jupiter.engine.descriptor.TestMethodTestDescriptor.execute(TestMethodTestDescriptor.java:69)
! at org.junit.platform.engine.support.hierarchical.NodeTestTask.lambda$executeRecursively$6(NodeTestTask.java:151)
! at org.junit.platform.engine.support.hierarchical.ThrowableCollector.execute(ThrowableCollector.java:73)
! at org.junit.platform.engine.support.hierarchical.NodeTestTask.lambda$executeRecursively$8(NodeTestTask.java:141)
! at org.junit.platform.engine.support.hierarchical.Node.around(Node.java:137)
! at org.junit.platform.engine.support.hierarchical.NodeTestTask.lambda$executeRecursively$9(NodeTestTask.java:139)
! at org.junit.platform.engine.support.hierarchical.ThrowableCollector.execute(ThrowableCollector.java:73)
! at org.junit.platform.engine.support.hierarchical.NodeTestTask.executeRecursively(NodeTestTask.java:138)
! at org.junit.platform.engine.support.hierarchical.NodeTestTask.execute(NodeTestTask.java:95)
! at java.base/java.util.ArrayList.forEach(ArrayList.java:1511)
! at org.junit.platform.engine.support.hierarchical.SameThreadHierarchicalTestExecutorService.invokeAll(SameThreadHierarchicalTestExecutorService.java:41)
! at org.junit.platform.engine.support.hierarchical.NodeTestTask.lambda$executeRecursively$6(NodeTestTask.java:155)
! at org.junit.platform.engine.support.hierarchical.ThrowableCollector.execute(ThrowableCollector.java:73)
! at org.junit.platform.engine.support.hierarchical.NodeTestTask.lambda$executeRecursively$8(NodeTestTask.java:141)
! at org.junit.platform.engine.support.hierarchical.Node.around(Node.java:137)
! at org.junit.platform.engine.support.hierarchical.NodeTestTask.lambda$executeRecursively$9(NodeTestTask.java:139)
! at org.junit.platform.engine.support.hierarchical.ThrowableCollector.execute(ThrowableCollector.java:73)
! at org.junit.platform.engine.support.hierarchical.NodeTestTask.executeRecursively(NodeTestTask.java:138)
! at org.junit.platform.engine.support.hierarchical.NodeTestTask.execute(NodeTestTask.java:95)
! at java.base/java.util.ArrayList.forEach(ArrayList.java:1511)
! at org.junit.platform.engine.support.hierarchical.SameThreadHierarchicalTestExecutorService.invokeAll(SameThreadHierarchicalTestExecutorService.java:41)
! at org.junit.platform.engine.support.hierarchical.NodeTestTask.lambda$executeRecursively$6(NodeTestTask.java:155)
! at org.junit.platform.engine.support.hierarchical.ThrowableCollector.execute(ThrowableCollector.java:73)
! at org.junit.platform.engine.support.hierarchical.NodeTestTask.lambda$executeRecursively$8(NodeTestTask.java:141)
! at org.junit.platform.engine.support.hierarchical.Node.around(Node.java:137)
! at org.junit.platform.engine.support.hierarchical.NodeTestTask.lambda$executeRecursively$9(NodeTestTask.java:139)
! at org.junit.platform.engine.support.hierarchical.ThrowableCollector.execute(ThrowableCollector.java:73)
! at org.junit.platform.engine.support.hierarchical.NodeTestTask.executeRecursively(NodeTestTask.java:138)
! at org.junit.platform.engine.support.hierarchical.NodeTestTask.execute(NodeTestTask.java:95)
! at org.junit.platform.engine.support.hierarchical.SameThreadHierarchicalTestExecutorService.submit(SameThreadHierarchicalTestExecutorService.java:35)
! at org.junit.platform.engine.support.hierarchical.HierarchicalTestExecutor.execute(HierarchicalTestExecutor.java:57)
! at org.junit.platform.engine.support.hierarchical.HierarchicalTestEngine.execute(HierarchicalTestEngine.java:54)
! at org.junit.platform.launcher.core.EngineExecutionOrchestrator.execute(EngineExecutionOrchestrator.java:107)
! at org.junit.platform.launcher.core.EngineExecutionOrchestrator.execute(EngineExecutionOrchestrator.java:88)
! at org.junit.platform.launcher.core.EngineExecutionOrchestrator.lambda$execute$0(EngineExecutionOrchestrator.java:54)
! at org.junit.platform.launcher.core.EngineExecutionOrchestrator.withInterceptedStreams(EngineExecutionOrchestrator.java:67)
! at org.junit.platform.launcher.core.EngineExecutionOrchestrator.execute(EngineExecutionOrchestrator.java:52)
! at org.junit.platform.launcher.core.DefaultLauncher.execute(DefaultLauncher.java:114)
! at org.junit.platform.launcher.core.DefaultLauncher.execute(DefaultLauncher.java:86)
! at org.junit.platform.launcher.core.DefaultLauncherSession$DelegatingLauncher.execute(DefaultLauncherSession.java:86)
! at org.gradle.api.internal.tasks.testing.junitplatform.JUnitPlatformTestClassProcessor$CollectAllTestClassesExecutor.processAllTestClasses(JUnitPlatformTestClassProcessor.java:119)
! at org.gradle.api.internal.tasks.testing.junitplatform.JUnitPlatformTestClassProcessor$CollectAllTestClassesExecutor.access$000(JUnitPlatformTestClassProcessor.java:94)
! at org.gradle.api.internal.tasks.testing.junitplatform.JUnitPlatformTestClassProcessor.stop(JUnitPlatformTestClassProcessor.java:89)
! at org.gradle.api.internal.tasks.testing.SuiteTestClassProcessor.stop(SuiteTestClassProcessor.java:62)
! at java.base/jdk.internal.reflect.DirectMethodHandleAccessor.invoke(DirectMethodHandleAccessor.java:104)
! at java.base/java.lang.reflect.Method.invoke(Method.java:578)
! at org.gradle.internal.dispatch.ReflectionDispatch.dispatch(ReflectionDispatch.java:36)
! at org.gradle.internal.dispatch.ReflectionDispatch.dispatch(ReflectionDispatch.java:24)
! at org.gradle.internal.dispatch.ContextClassLoaderDispatch.dispatch(ContextClassLoaderDispatch.java:33)
! at org.gradle.internal.dispatch.ProxyDispatchAdapter$DispatchingInvocationHandler.invoke(ProxyDispatchAdapter.java:94)
! at jdk.proxy2/jdk.proxy2.$Proxy5.stop(Unknown Source)
! at org.gradle.api.internal.tasks.testing.worker.TestWorker$3.run(TestWorker.java:193)
! at org.gradle.api.internal.tasks.testing.worker.TestWorker.executeAndMaintainThreadName(TestWorker.java:129)
! at org.gradle.api.internal.tasks.testing.worker.TestWorker.execute(TestWorker.java:100)
! at org.gradle.api.internal.tasks.testing.worker.TestWorker.execute(TestWorker.java:60)
! at org.gradle.process.internal.worker.child.ActionExecutionWorker.execute(ActionExecutionWorker.java:56)
! at org.gradle.process.internal.worker.child.SystemApplicationClassLoaderWorker.call(SystemApplicationClassLoaderWorker.java:113)
! at org.gradle.process.internal.worker.child.SystemApplicationClassLoaderWorker.call(SystemApplicationClassLoaderWorker.java:65)
! at worker.org.gradle.process.internal.worker.GradleWorkerMain.run(GradleWorkerMain.java:69)
! at worker.org.gradle.process.internal.worker.GradleWorkerMain.main(GradleWorkerMain.java:74)
WARN  [2024-02-09 10:13:31,332] marquez.db.Columns: Could not read source URI for column 'current_location' null would be returned
! java.net.MalformedURLException: no protocol: git@github:location
! at java.base/java.net.URL.<init>(URL.java:764)
! at java.base/java.net.URL.<init>(URL.java:646)
! at java.base/java.net.URL.<init>(URL.java:582)
! at marquez.db.Columns.urlOrNull(Columns.java:256)
! at marquez.db.mappers.JobDataMapper.map(JobDataMapper.java:49)
! at marquez.db.mappers.JobDataMapper.map(JobDataMapper.java:29)
! at org.jdbi.v3.core.result.internal.ResultSetResultIterator.next(ResultSetResultIterator.java:83)
! at java.base/java.util.Iterator.forEachRemaining(Iterator.java:133)
! at org.jdbi.v3.core.result.ResultIterator.forEachRemaining(ResultIterator.java:39)
! at java.base/java.util.Spliterators$IteratorSpliterator.forEachRemaining(Spliterators.java:1921)
! at java.base/java.util.stream.AbstractPipeline.copyInto(AbstractPipeline.java:509)
! at java.base/java.util.stream.AbstractPipeline.wrapAndCopyInto(AbstractPipeline.java:499)
! at java.base/java.util.stream.ReduceOps$ReduceOp.evaluateSequential(ReduceOps.java:921)
! at java.base/java.util.stream.AbstractPipeline.evaluate(AbstractPipeline.java:234)
! at java.base/java.util.stream.ReferencePipeline.collect(ReferencePipeline.java:682)
! at org.jdbi.v3.core.result.ResultIterable.collect(ResultIterable.java:341)
! at org.jdbi.v3.sqlobject.statement.internal.ResultReturner$CollectedResultReturner.mappedResult(ResultReturner.java:293)
! at org.jdbi.v3.sqlobject.statement.internal.SqlQueryHandler.lambda$configureReturner$0(SqlQueryHandler.java:65)
! at org.jdbi.v3.sqlobject.statement.internal.CustomizingStatementHandler.invoke(CustomizingStatementHandler.java:191)
! at org.jdbi.v3.sqlobject.statement.internal.SqlQueryHandler.invoke(SqlQueryHandler.java:27)
! at org.jdbi.v3.core.extension.ExtensionMetadata$ExtensionHandlerInvoker.lambda$invoke$0(ExtensionMetadata.java:345)
! at org.jdbi.v3.core.AbstractHandleSupplier.invokeInContext(AbstractHandleSupplier.java:36)
! at org.jdbi.v3.core.extension.ExtensionMetadata$ExtensionHandlerInvoker.call(ExtensionMetadata.java:363)
! at org.jdbi.v3.core.extension.ExtensionMetadata$ExtensionHandlerInvoker.invoke(ExtensionMetadata.java:346)
! at org.jdbi.v3.core.extension.ExtensionFactoryDelegate.lambda$attach$0(ExtensionFactoryDelegate.java:118)
! at org.jdbi.v3.core.internal.OnDemandExtensions.invoke(OnDemandExtensions.java:85)
! at org.jdbi.v3.core.internal.OnDemandExtensions.lambda$createProxy$2(OnDemandExtensions.java:71)
! at org.jdbi.v3.core.Jdbi.callWithExtension(Jdbi.java:544)
! at org.jdbi.v3.core.Jdbi.withExtension(Jdbi.java:531)
! at org.jdbi.v3.core.internal.OnDemandExtensions.lambda$createProxy$3(OnDemandExtensions.java:71)
! at jdk.proxy3/jdk.proxy3.$Proxy108.getLineage(Unknown Source)
! at marquez.db.LineageDaoTest.testGetInputDatasetsWithJobThatHasMultipleVersions(LineageDaoTest.java:466)
! at java.base/jdk.internal.reflect.DirectMethodHandleAccessor.invoke(DirectMethodHandleAccessor.java:104)
! at java.base/java.lang.reflect.Method.invoke(Method.java:578)
! at org.junit.platform.commons.util.ReflectionUtils.invokeMethod(ReflectionUtils.java:728)
! at org.junit.jupiter.engine.execution.MethodInvocation.proceed(MethodInvocation.java:60)
! at org.junit.jupiter.engine.execution.InvocationInterceptorChain$ValidatingInvocation.proceed(InvocationInterceptorChain.java:131)
! at org.junit.jupiter.engine.extension.TimeoutExtension.intercept(TimeoutExtension.java:156)
! at org.junit.jupiter.engine.extension.TimeoutExtension.interceptTestableMethod(TimeoutExtension.java:147)
! at org.junit.jupiter.engine.extension.TimeoutExtension.interceptTestMethod(TimeoutExtension.java:86)
! at org.junit.jupiter.engine.execution.InterceptingExecutableInvoker$ReflectiveInterceptorCall.lambda$ofVoidMethod$0(InterceptingExecutableInvoker.java:103)
! at org.junit.jupiter.engine.execution.InterceptingExecutableInvoker.lambda$invoke$0(InterceptingExecutableInvoker.java:93)
! at org.junit.jupiter.engine.execution.InvocationInterceptorChain$InterceptedInvocation.proceed(InvocationInterceptorChain.java:106)
! at org.junit.jupiter.engine.execution.InvocationInterceptorChain.proceed(InvocationInterceptorChain.java:64)
! at org.junit.jupiter.engine.execution.InvocationInterceptorChain.chainAndInvoke(InvocationInterceptorChain.java:45)
! at org.junit.jupiter.engine.execution.InvocationInterceptorChain.invoke(InvocationInterceptorChain.java:37)
! at org.junit.jupiter.engine.execution.InterceptingExecutableInvoker.invoke(InterceptingExecutableInvoker.java:92)
! at org.junit.jupiter.engine.execution.InterceptingExecutableInvoker.invoke(InterceptingExecutableInvoker.java:86)
! at org.junit.jupiter.engine.descriptor.TestMethodTestDescriptor.lambda$invokeTestMethod$7(TestMethodTestDescriptor.java:218)
! at org.junit.platform.engine.support.hierarchical.ThrowableCollector.execute(ThrowableCollector.java:73)
! at org.junit.jupiter.engine.descriptor.TestMethodTestDescriptor.invokeTestMethod(TestMethodTestDescriptor.java:214)
! at org.junit.jupiter.engine.descriptor.TestMethodTestDescriptor.execute(TestMethodTestDescriptor.java:139)
! at org.junit.jupiter.engine.descriptor.TestMethodTestDescriptor.execute(TestMethodTestDescriptor.java:69)
! at org.junit.platform.engine.support.hierarchical.NodeTestTask.lambda$executeRecursively$6(NodeTestTask.java:151)
! at org.junit.platform.engine.support.hierarchical.ThrowableCollector.execute(ThrowableCollector.java:73)
! at org.junit.platform.engine.support.hierarchical.NodeTestTask.lambda$executeRecursively$8(NodeTestTask.java:141)
! at org.junit.platform.engine.support.hierarchical.Node.around(Node.java:137)
! at org.junit.platform.engine.support.hierarchical.NodeTestTask.lambda$executeRecursively$9(NodeTestTask.java:139)
! at org.junit.platform.engine.support.hierarchical.ThrowableCollector.execute(ThrowableCollector.java:73)
! at org.junit.platform.engine.support.hierarchical.NodeTestTask.executeRecursively(NodeTestTask.java:138)
! at org.junit.platform.engine.support.hierarchical.NodeTestTask.execute(NodeTestTask.java:95)
! at java.base/java.util.ArrayList.forEach(ArrayList.java:1511)
! at org.junit.platform.engine.support.hierarchical.SameThreadHierarchicalTestExecutorService.invokeAll(SameThreadHierarchicalTestExecutorService.java:41)
! at org.junit.platform.engine.support.hierarchical.NodeTestTask.lambda$executeRecursively$6(NodeTestTask.java:155)
! at org.junit.platform.engine.support.hierarchical.ThrowableCollector.execute(ThrowableCollector.java:73)
! at org.junit.platform.engine.support.hierarchical.NodeTestTask.lambda$executeRecursively$8(NodeTestTask.java:141)
! at org.junit.platform.engine.support.hierarchical.Node.around(Node.java:137)
! at org.junit.platform.engine.support.hierarchical.NodeTestTask.lambda$executeRecursively$9(NodeTestTask.java:139)
! at org.junit.platform.engine.support.hierarchical.ThrowableCollector.execute(ThrowableCollector.java:73)
! at org.junit.platform.engine.support.hierarchical.NodeTestTask.executeRecursively(NodeTestTask.java:138)
! at org.junit.platform.engine.support.hierarchical.NodeTestTask.execute(NodeTestTask.java:95)
! at java.base/java.util.ArrayList.forEach(ArrayList.java:1511)
! at org.junit.platform.engine.support.hierarchical.SameThreadHierarchicalTestExecutorService.invokeAll(SameThreadHierarchicalTestExecutorService.java:41)
! at org.junit.platform.engine.support.hierarchical.NodeTestTask.lambda$executeRecursively$6(NodeTestTask.java:155)
! at org.junit.platform.engine.support.hierarchical.ThrowableCollector.execute(ThrowableCollector.java:73)
! at org.junit.platform.engine.support.hierarchical.NodeTestTask.lambda$executeRecursively$8(NodeTestTask.java:141)
! at org.junit.platform.engine.support.hierarchical.Node.around(Node.java:137)
! at org.junit.platform.engine.support.hierarchical.NodeTestTask.lambda$executeRecursively$9(NodeTestTask.java:139)
! at org.junit.platform.engine.support.hierarchical.ThrowableCollector.execute(ThrowableCollector.java:73)
! at org.junit.platform.engine.support.hierarchical.NodeTestTask.executeRecursively(NodeTestTask.java:138)
! at org.junit.platform.engine.support.hierarchical.NodeTestTask.execute(NodeTestTask.java:95)
! at org.junit.platform.engine.support.hierarchical.SameThreadHierarchicalTestExecutorService.submit(SameThreadHierarchicalTestExecutorService.java:35)
! at org.junit.platform.engine.support.hierarchical.HierarchicalTestExecutor.execute(HierarchicalTestExecutor.java:57)
! at org.junit.platform.engine.support.hierarchical.HierarchicalTestEngine.execute(HierarchicalTestEngine.java:54)
! at org.junit.platform.launcher.core.EngineExecutionOrchestrator.execute(EngineExecutionOrchestrator.java:107)
! at org.junit.platform.launcher.core.EngineExecutionOrchestrator.execute(EngineExecutionOrchestrator.java:88)
! at org.junit.platform.launcher.core.EngineExecutionOrchestrator.lambda$execute$0(EngineExecutionOrchestrator.java:54)
! at org.junit.platform.launcher.core.EngineExecutionOrchestrator.withInterceptedStreams(EngineExecutionOrchestrator.java:67)
! at org.junit.platform.launcher.core.EngineExecutionOrchestrator.execute(EngineExecutionOrchestrator.java:52)
! at org.junit.platform.launcher.core.DefaultLauncher.execute(DefaultLauncher.java:114)
! at org.junit.platform.launcher.core.DefaultLauncher.execute(DefaultLauncher.java:86)
! at org.junit.platform.launcher.core.DefaultLauncherSession$DelegatingLauncher.execute(DefaultLauncherSession.java:86)
! at org.gradle.api.internal.tasks.testing.junitplatform.JUnitPlatformTestClassProcessor$CollectAllTestClassesExecutor.processAllTestClasses(JUnitPlatformTestClassProcessor.java:119)
! at org.gradle.api.internal.tasks.testing.junitplatform.JUnitPlatformTestClassProcessor$CollectAllTestClassesExecutor.access$000(JUnitPlatformTestClassProcessor.java:94)
! at org.gradle.api.internal.tasks.testing.junitplatform.JUnitPlatformTestClassProcessor.stop(JUnitPlatformTestClassProcessor.java:89)
! at org.gradle.api.internal.tasks.testing.SuiteTestClassProcessor.stop(SuiteTestClassProcessor.java:62)
! at java.base/jdk.internal.reflect.DirectMethodHandleAccessor.invoke(DirectMethodHandleAccessor.java:104)
! at java.base/java.lang.reflect.Method.invoke(Method.java:578)
! at org.gradle.internal.dispatch.ReflectionDispatch.dispatch(ReflectionDispatch.java:36)
! at org.gradle.internal.dispatch.ReflectionDispatch.dispatch(ReflectionDispatch.java:24)
! at org.gradle.internal.dispatch.ContextClassLoaderDispatch.dispatch(ContextClassLoaderDispatch.java:33)
! at org.gradle.internal.dispatch.ProxyDispatchAdapter$DispatchingInvocationHandler.invoke(ProxyDispatchAdapter.java:94)
! at jdk.proxy2/jdk.proxy2.$Proxy5.stop(Unknown Source)
! at org.gradle.api.internal.tasks.testing.worker.TestWorker$3.run(TestWorker.java:193)
! at org.gradle.api.internal.tasks.testing.worker.TestWorker.executeAndMaintainThreadName(TestWorker.java:129)
! at org.gradle.api.internal.tasks.testing.worker.TestWorker.execute(TestWorker.java:100)
! at org.gradle.api.internal.tasks.testing.worker.TestWorker.execute(TestWorker.java:60)
! at org.gradle.process.internal.worker.child.ActionExecutionWorker.execute(ActionExecutionWorker.java:56)
! at org.gradle.process.internal.worker.child.SystemApplicationClassLoaderWorker.call(SystemApplicationClassLoaderWorker.java:113)
! at org.gradle.process.internal.worker.child.SystemApplicationClassLoaderWorker.call(SystemApplicationClassLoaderWorker.java:65)
! at worker.org.gradle.process.internal.worker.GradleWorkerMain.run(GradleWorkerMain.java:69)
! at worker.org.gradle.process.internal.worker.GradleWorkerMain.main(GradleWorkerMain.java:74)
WARN  [2024-02-09 10:13:31,333] marquez.db.Columns: Could not read source URI for column 'current_location' null would be returned
! java.net.MalformedURLException: no protocol: git@github:location
! at java.base/java.net.URL.<init>(URL.java:764)
! at java.base/java.net.URL.<init>(URL.java:646)
! at java.base/java.net.URL.<init>(URL.java:582)
! at marquez.db.Columns.urlOrNull(Columns.java:256)
! at marquez.db.mappers.JobDataMapper.map(JobDataMapper.java:49)
! at marquez.db.mappers.JobDataMapper.map(JobDataMapper.java:29)
! at org.jdbi.v3.core.result.internal.ResultSetResultIterator.next(ResultSetResultIterator.java:83)
! at java.base/java.util.Iterator.forEachRemaining(Iterator.java:133)
! at org.jdbi.v3.core.result.ResultIterator.forEachRemaining(ResultIterator.java:39)
! at java.base/java.util.Spliterators$IteratorSpliterator.forEachRemaining(Spliterators.java:1921)
! at java.base/java.util.stream.AbstractPipeline.copyInto(AbstractPipeline.java:509)
! at java.base/java.util.stream.AbstractPipeline.wrapAndCopyInto(AbstractPipeline.java:499)
! at java.base/java.util.stream.ReduceOps$ReduceOp.evaluateSequential(ReduceOps.java:921)
! at java.base/java.util.stream.AbstractPipeline.evaluate(AbstractPipeline.java:234)
! at java.base/java.util.stream.ReferencePipeline.collect(ReferencePipeline.java:682)
! at org.jdbi.v3.core.result.ResultIterable.collect(ResultIterable.java:341)
! at org.jdbi.v3.sqlobject.statement.internal.ResultReturner$CollectedResultReturner.mappedResult(ResultReturner.java:293)
! at org.jdbi.v3.sqlobject.statement.internal.SqlQueryHandler.lambda$configureReturner$0(SqlQueryHandler.java:65)
! at org.jdbi.v3.sqlobject.statement.internal.CustomizingStatementHandler.invoke(CustomizingStatementHandler.java:191)
! at org.jdbi.v3.sqlobject.statement.internal.SqlQueryHandler.invoke(SqlQueryHandler.java:27)
! at org.jdbi.v3.core.extension.ExtensionMetadata$ExtensionHandlerInvoker.lambda$invoke$0(ExtensionMetadata.java:345)
! at org.jdbi.v3.core.AbstractHandleSupplier.invokeInContext(AbstractHandleSupplier.java:36)
! at org.jdbi.v3.core.extension.ExtensionMetadata$ExtensionHandlerInvoker.call(ExtensionMetadata.java:363)
! at org.jdbi.v3.core.extension.ExtensionMetadata$ExtensionHandlerInvoker.invoke(ExtensionMetadata.java:346)
! at org.jdbi.v3.core.extension.ExtensionFactoryDelegate.lambda$attach$0(ExtensionFactoryDelegate.java:118)
! at org.jdbi.v3.core.internal.OnDemandExtensions.invoke(OnDemandExtensions.java:85)
! at org.jdbi.v3.core.internal.OnDemandExtensions.lambda$createProxy$2(OnDemandExtensions.java:71)
! at org.jdbi.v3.core.Jdbi.callWithExtension(Jdbi.java:544)
! at org.jdbi.v3.core.Jdbi.withExtension(Jdbi.java:531)
! at org.jdbi.v3.core.internal.OnDemandExtensions.lambda$createProxy$3(OnDemandExtensions.java:71)
! at jdk.proxy3/jdk.proxy3.$Proxy108.getLineage(Unknown Source)
! at marquez.db.LineageDaoTest.testGetInputDatasetsWithJobThatHasMultipleVersions(LineageDaoTest.java:466)
! at java.base/jdk.internal.reflect.DirectMethodHandleAccessor.invoke(DirectMethodHandleAccessor.java:104)
! at java.base/java.lang.reflect.Method.invoke(Method.java:578)
! at org.junit.platform.commons.util.ReflectionUtils.invokeMethod(ReflectionUtils.java:728)
! at org.junit.jupiter.engine.execution.MethodInvocation.proceed(MethodInvocation.java:60)
! at org.junit.jupiter.engine.execution.InvocationInterceptorChain$ValidatingInvocation.proceed(InvocationInterceptorChain.java:131)
! at org.junit.jupiter.engine.extension.TimeoutExtension.intercept(TimeoutExtension.java:156)
! at org.junit.jupiter.engine.extension.TimeoutExtension.interceptTestableMethod(TimeoutExtension.java:147)
! at org.junit.jupiter.engine.extension.TimeoutExtension.interceptTestMethod(TimeoutExtension.java:86)
! at org.junit.jupiter.engine.execution.InterceptingExecutableInvoker$ReflectiveInterceptorCall.lambda$ofVoidMethod$0(InterceptingExecutableInvoker.java:103)
! at org.junit.jupiter.engine.execution.InterceptingExecutableInvoker.lambda$invoke$0(InterceptingExecutableInvoker.java:93)
! at org.junit.jupiter.engine.execution.InvocationInterceptorChain$InterceptedInvocation.proceed(InvocationInterceptorChain.java:106)
! at org.junit.jupiter.engine.execution.InvocationInterceptorChain.proceed(InvocationInterceptorChain.java:64)
! at org.junit.jupiter.engine.execution.InvocationInterceptorChain.chainAndInvoke(InvocationInterceptorChain.java:45)
! at org.junit.jupiter.engine.execution.InvocationInterceptorChain.invoke(InvocationInterceptorChain.java:37)
! at org.junit.jupiter.engine.execution.InterceptingExecutableInvoker.invoke(InterceptingExecutableInvoker.java:92)
! at org.junit.jupiter.engine.execution.InterceptingExecutableInvoker.invoke(InterceptingExecutableInvoker.java:86)
! at org.junit.jupiter.engine.descriptor.TestMethodTestDescriptor.lambda$invokeTestMethod$7(TestMethodTestDescriptor.java:218)
! at org.junit.platform.engine.support.hierarchical.ThrowableCollector.execute(ThrowableCollector.java:73)
! at org.junit.jupiter.engine.descriptor.TestMethodTestDescriptor.invokeTestMethod(TestMethodTestDescriptor.java:214)
! at org.junit.jupiter.engine.descriptor.TestMethodTestDescriptor.execute(TestMethodTestDescriptor.java:139)
! at org.junit.jupiter.engine.descriptor.TestMethodTestDescriptor.execute(TestMethodTestDescriptor.java:69)
! at org.junit.platform.engine.support.hierarchical.NodeTestTask.lambda$executeRecursively$6(NodeTestTask.java:151)
! at org.junit.platform.engine.support.hierarchical.ThrowableCollector.execute(ThrowableCollector.java:73)
! at org.junit.platform.engine.support.hierarchical.NodeTestTask.lambda$executeRecursively$8(NodeTestTask.java:141)
! at org.junit.platform.engine.support.hierarchical.Node.around(Node.java:137)
! at org.junit.platform.engine.support.hierarchical.NodeTestTask.lambda$executeRecursively$9(NodeTestTask.java:139)
! at org.junit.platform.engine.support.hierarchical.ThrowableCollector.execute(ThrowableCollector.java:73)
! at org.junit.platform.engine.support.hierarchical.NodeTestTask.executeRecursively(NodeTestTask.java:138)
! at org.junit.platform.engine.support.hierarchical.NodeTestTask.execute(NodeTestTask.java:95)
! at java.base/java.util.ArrayList.forEach(ArrayList.java:1511)
! at org.junit.platform.engine.support.hierarchical.SameThreadHierarchicalTestExecutorService.invokeAll(SameThreadHierarchicalTestExecutorService.java:41)
! at org.junit.platform.engine.support.hierarchical.NodeTestTask.lambda$executeRecursively$6(NodeTestTask.java:155)
! at org.junit.platform.engine.support.hierarchical.ThrowableCollector.execute(ThrowableCollector.java:73)
! at org.junit.platform.engine.support.hierarchical.NodeTestTask.lambda$executeRecursively$8(NodeTestTask.java:141)
! at org.junit.platform.engine.support.hierarchical.Node.around(Node.java:137)
! at org.junit.platform.engine.support.hierarchical.NodeTestTask.lambda$executeRecursively$9(NodeTestTask.java:139)
! at org.junit.platform.engine.support.hierarchical.ThrowableCollector.execute(ThrowableCollector.java:73)
! at org.junit.platform.engine.support.hierarchical.NodeTestTask.executeRecursively(NodeTestTask.java:138)
! at org.junit.platform.engine.support.hierarchical.NodeTestTask.execute(NodeTestTask.java:95)
! at java.base/java.util.ArrayList.forEach(ArrayList.java:1511)
! at org.junit.platform.engine.support.hierarchical.SameThreadHierarchicalTestExecutorService.invokeAll(SameThreadHierarchicalTestExecutorService.java:41)
! at org.junit.platform.engine.support.hierarchical.NodeTestTask.lambda$executeRecursively$6(NodeTestTask.java:155)
! at org.junit.platform.engine.support.hierarchical.ThrowableCollector.execute(ThrowableCollector.java:73)
! at org.junit.platform.engine.support.hierarchical.NodeTestTask.lambda$executeRecursively$8(NodeTestTask.java:141)
! at org.junit.platform.engine.support.hierarchical.Node.around(Node.java:137)
! at org.junit.platform.engine.support.hierarchical.NodeTestTask.lambda$executeRecursively$9(NodeTestTask.java:139)
! at org.junit.platform.engine.support.hierarchical.ThrowableCollector.execute(ThrowableCollector.java:73)
! at org.junit.platform.engine.support.hierarchical.NodeTestTask.executeRecursively(NodeTestTask.java:138)
! at org.junit.platform.engine.support.hierarchical.NodeTestTask.execute(NodeTestTask.java:95)
! at org.junit.platform.engine.support.hierarchical.SameThreadHierarchicalTestExecutorService.submit(SameThreadHierarchicalTestExecutorService.java:35)
! at org.junit.platform.engine.support.hierarchical.HierarchicalTestExecutor.execute(HierarchicalTestExecutor.java:57)
! at org.junit.platform.engine.support.hierarchical.HierarchicalTestEngine.execute(HierarchicalTestEngine.java:54)
! at org.junit.platform.launcher.core.EngineExecutionOrchestrator.execute(EngineExecutionOrchestrator.java:107)
! at org.junit.platform.launcher.core.EngineExecutionOrchestrator.execute(EngineExecutionOrchestrator.java:88)
! at org.junit.platform.launcher.core.EngineExecutionOrchestrator.lambda$execute$0(EngineExecutionOrchestrator.java:54)
! at org.junit.platform.launcher.core.EngineExecutionOrchestrator.withInterceptedStreams(EngineExecutionOrchestrator.java:67)
! at org.junit.platform.launcher.core.EngineExecutionOrchestrator.execute(EngineExecutionOrchestrator.java:52)
! at org.junit.platform.launcher.core.DefaultLauncher.execute(DefaultLauncher.java:114)
! at org.junit.platform.launcher.core.DefaultLauncher.execute(DefaultLauncher.java:86)
! at org.junit.platform.launcher.core.DefaultLauncherSession$DelegatingLauncher.execute(DefaultLauncherSession.java:86)
! at org.gradle.api.internal.tasks.testing.junitplatform.JUnitPlatformTestClassProcessor$CollectAllTestClassesExecutor.processAllTestClasses(JUnitPlatformTestClassProcessor.java:119)
! at org.gradle.api.internal.tasks.testing.junitplatform.JUnitPlatformTestClassProcessor$CollectAllTestClassesExecutor.access$000(JUnitPlatformTestClassProcessor.java:94)
! at org.gradle.api.internal.tasks.testing.junitplatform.JUnitPlatformTestClassProcessor.stop(JUnitPlatformTestClassProcessor.java:89)
! at org.gradle.api.internal.tasks.testing.SuiteTestClassProcessor.stop(SuiteTestClassProcessor.java:62)
! at java.base/jdk.internal.reflect.DirectMethodHandleAccessor.invoke(DirectMethodHandleAccessor.java:104)
! at java.base/java.lang.reflect.Method.invoke(Method.java:578)
! at org.gradle.internal.dispatch.ReflectionDispatch.dispatch(ReflectionDispatch.java:36)
! at org.gradle.internal.dispatch.ReflectionDispatch.dispatch(ReflectionDispatch.java:24)
! at org.gradle.internal.dispatch.ContextClassLoaderDispatch.dispatch(ContextClassLoaderDispatch.java:33)
! at org.gradle.internal.dispatch.ProxyDispatchAdapter$DispatchingInvocationHandler.invoke(ProxyDispatchAdapter.java:94)
! at jdk.proxy2/jdk.proxy2.$Proxy5.stop(Unknown Source)
! at org.gradle.api.internal.tasks.testing.worker.TestWorker$3.run(TestWorker.java:193)
! at org.gradle.api.internal.tasks.testing.worker.TestWorker.executeAndMaintainThreadName(TestWorker.java:129)
! at org.gradle.api.internal.tasks.testing.worker.TestWorker.execute(TestWorker.java:100)
! at org.gradle.api.internal.tasks.testing.worker.TestWorker.execute(TestWorker.java:60)
! at org.gradle.process.internal.worker.child.ActionExecutionWorker.execute(ActionExecutionWorker.java:56)
! at org.gradle.process.internal.worker.child.SystemApplicationClassLoaderWorker.call(SystemApplicationClassLoaderWorker.java:113)
! at org.gradle.process.internal.worker.child.SystemApplicationClassLoaderWorker.call(SystemApplicationClassLoaderWorker.java:65)
! at worker.org.gradle.process.internal.worker.GradleWorkerMain.run(GradleWorkerMain.java:69)
! at worker.org.gradle.process.internal.worker.GradleWorkerMain.main(GradleWorkerMain.java:74)
WARN  [2024-02-09 10:13:31,334] marquez.db.Columns: Could not read source URI for column 'current_location' null would be returned
! java.net.MalformedURLException: no protocol: git@github:location
! at java.base/java.net.URL.<init>(URL.java:764)
! at java.base/java.net.URL.<init>(URL.java:646)
! at java.base/java.net.URL.<init>(URL.java:582)
! at marquez.db.Columns.urlOrNull(Columns.java:256)
! at marquez.db.mappers.JobDataMapper.map(JobDataMapper.java:49)
! at marquez.db.mappers.JobDataMapper.map(JobDataMapper.java:29)
! at org.jdbi.v3.core.result.internal.ResultSetResultIterator.next(ResultSetResultIterator.java:83)
! at java.base/java.util.Iterator.forEachRemaining(Iterator.java:133)
! at org.jdbi.v3.core.result.ResultIterator.forEachRemaining(ResultIterator.java:39)
! at java.base/java.util.Spliterators$IteratorSpliterator.forEachRemaining(Spliterators.java:1921)
! at java.base/java.util.stream.AbstractPipeline.copyInto(AbstractPipeline.java:509)
! at java.base/java.util.stream.AbstractPipeline.wrapAndCopyInto(AbstractPipeline.java:499)
! at java.base/java.util.stream.ReduceOps$ReduceOp.evaluateSequential(ReduceOps.java:921)
! at java.base/java.util.stream.AbstractPipeline.evaluate(AbstractPipeline.java:234)
! at java.base/java.util.stream.ReferencePipeline.collect(ReferencePipeline.java:682)
! at org.jdbi.v3.core.result.ResultIterable.collect(ResultIterable.java:341)
! at org.jdbi.v3.sqlobject.statement.internal.ResultReturner$CollectedResultReturner.mappedResult(ResultReturner.java:293)
! at org.jdbi.v3.sqlobject.statement.internal.SqlQueryHandler.lambda$configureReturner$0(SqlQueryHandler.java:65)
! at org.jdbi.v3.sqlobject.statement.internal.CustomizingStatementHandler.invoke(CustomizingStatementHandler.java:191)
! at org.jdbi.v3.sqlobject.statement.internal.SqlQueryHandler.invoke(SqlQueryHandler.java:27)
! at org.jdbi.v3.core.extension.ExtensionMetadata$ExtensionHandlerInvoker.lambda$invoke$0(ExtensionMetadata.java:345)
! at org.jdbi.v3.core.AbstractHandleSupplier.invokeInContext(AbstractHandleSupplier.java:36)
! at org.jdbi.v3.core.extension.ExtensionMetadata$ExtensionHandlerInvoker.call(ExtensionMetadata.java:363)
! at org.jdbi.v3.core.extension.ExtensionMetadata$ExtensionHandlerInvoker.invoke(ExtensionMetadata.java:346)
! at org.jdbi.v3.core.extension.ExtensionFactoryDelegate.lambda$attach$0(ExtensionFactoryDelegate.java:118)
! at org.jdbi.v3.core.internal.OnDemandExtensions.invoke(OnDemandExtensions.java:85)
! at org.jdbi.v3.core.internal.OnDemandExtensions.lambda$createProxy$2(OnDemandExtensions.java:71)
! at org.jdbi.v3.core.Jdbi.callWithExtension(Jdbi.java:544)
! at org.jdbi.v3.core.Jdbi.withExtension(Jdbi.java:531)
! at org.jdbi.v3.core.internal.OnDemandExtensions.lambda$createProxy$3(OnDemandExtensions.java:71)
! at jdk.proxy3/jdk.proxy3.$Proxy108.getLineage(Unknown Source)
! at marquez.db.LineageDaoTest.testGetInputDatasetsWithJobThatHasMultipleVersions(LineageDaoTest.java:466)
! at java.base/jdk.internal.reflect.DirectMethodHandleAccessor.invoke(DirectMethodHandleAccessor.java:104)
! at java.base/java.lang.reflect.Method.invoke(Method.java:578)
! at org.junit.platform.commons.util.ReflectionUtils.invokeMethod(ReflectionUtils.java:728)
! at org.junit.jupiter.engine.execution.MethodInvocation.proceed(MethodInvocation.java:60)
! at org.junit.jupiter.engine.execution.InvocationInterceptorChain$ValidatingInvocation.proceed(InvocationInterceptorChain.java:131)
! at org.junit.jupiter.engine.extension.TimeoutExtension.intercept(TimeoutExtension.java:156)
! at org.junit.jupiter.engine.extension.TimeoutExtension.interceptTestableMethod(TimeoutExtension.java:147)
! at org.junit.jupiter.engine.extension.TimeoutExtension.interceptTestMethod(TimeoutExtension.java:86)
! at org.junit.jupiter.engine.execution.InterceptingExecutableInvoker$ReflectiveInterceptorCall.lambda$ofVoidMethod$0(InterceptingExecutableInvoker.java:103)
! at org.junit.jupiter.engine.execution.InterceptingExecutableInvoker.lambda$invoke$0(InterceptingExecutableInvoker.java:93)
! at org.junit.jupiter.engine.execution.InvocationInterceptorChain$InterceptedInvocation.proceed(InvocationInterceptorChain.java:106)
! at org.junit.jupiter.engine.execution.InvocationInterceptorChain.proceed(InvocationInterceptorChain.java:64)
! at org.junit.jupiter.engine.execution.InvocationInterceptorChain.chainAndInvoke(InvocationInterceptorChain.java:45)
! at org.junit.jupiter.engine.execution.InvocationInterceptorChain.invoke(InvocationInterceptorChain.java:37)
! at org.junit.jupiter.engine.execution.InterceptingExecutableInvoker.invoke(InterceptingExecutableInvoker.java:92)
! at org.junit.jupiter.engine.execution.InterceptingExecutableInvoker.invoke(InterceptingExecutableInvoker.java:86)
! at org.junit.jupiter.engine.descriptor.TestMethodTestDescriptor.lambda$invokeTestMethod$7(TestMethodTestDescriptor.java:218)
! at org.junit.platform.engine.support.hierarchical.ThrowableCollector.execute(ThrowableCollector.java:73)
! at org.junit.jupiter.engine.descriptor.TestMethodTestDescriptor.invokeTestMethod(TestMethodTestDescriptor.java:214)
! at org.junit.jupiter.engine.descriptor.TestMethodTestDescriptor.execute(TestMethodTestDescriptor.java:139)
! at org.junit.jupiter.engine.descriptor.TestMethodTestDescriptor.execute(TestMethodTestDescriptor.java:69)
! at org.junit.platform.engine.support.hierarchical.NodeTestTask.lambda$executeRecursively$6(NodeTestTask.java:151)
! at org.junit.platform.engine.support.hierarchical.ThrowableCollector.execute(ThrowableCollector.java:73)
! at org.junit.platform.engine.support.hierarchical.NodeTestTask.lambda$executeRecursively$8(NodeTestTask.java:141)
! at org.junit.platform.engine.support.hierarchical.Node.around(Node.java:137)
! at org.junit.platform.engine.support.hierarchical.NodeTestTask.lambda$executeRecursively$9(NodeTestTask.java:139)
! at org.junit.platform.engine.support.hierarchical.ThrowableCollector.execute(ThrowableCollector.java:73)
! at org.junit.platform.engine.support.hierarchical.NodeTestTask.executeRecursively(NodeTestTask.java:138)
! at org.junit.platform.engine.support.hierarchical.NodeTestTask.execute(NodeTestTask.java:95)
! at java.base/java.util.ArrayList.forEach(ArrayList.java:1511)
! at org.junit.platform.engine.support.hierarchical.SameThreadHierarchicalTestExecutorService.invokeAll(SameThreadHierarchicalTestExecutorService.java:41)
! at org.junit.platform.engine.support.hierarchical.NodeTestTask.lambda$executeRecursively$6(NodeTestTask.java:155)
! at org.junit.platform.engine.support.hierarchical.ThrowableCollector.execute(ThrowableCollector.java:73)
! at org.junit.platform.engine.support.hierarchical.NodeTestTask.lambda$executeRecursively$8(NodeTestTask.java:141)
! at org.junit.platform.engine.support.hierarchical.Node.around(Node.java:137)
! at org.junit.platform.engine.support.hierarchical.NodeTestTask.lambda$executeRecursively$9(NodeTestTask.java:139)
! at org.junit.platform.engine.support.hierarchical.ThrowableCollector.execute(ThrowableCollector.java:73)
! at org.junit.platform.engine.support.hierarchical.NodeTestTask.executeRecursively(NodeTestTask.java:138)
! at org.junit.platform.engine.support.hierarchical.NodeTestTask.execute(NodeTestTask.java:95)
! at java.base/java.util.ArrayList.forEach(ArrayList.java:1511)
! at org.junit.platform.engine.support.hierarchical.SameThreadHierarchicalTestExecutorService.invokeAll(SameThreadHierarchicalTestExecutorService.java:41)
! at org.junit.platform.engine.support.hierarchical.NodeTestTask.lambda$executeRecursively$6(NodeTestTask.java:155)
! at org.junit.platform.engine.support.hierarchical.ThrowableCollector.execute(ThrowableCollector.java:73)
! at org.junit.platform.engine.support.hierarchical.NodeTestTask.lambda$executeRecursively$8(NodeTestTask.java:141)
! at org.junit.platform.engine.support.hierarchical.Node.around(Node.java:137)
! at org.junit.platform.engine.support.hierarchical.NodeTestTask.lambda$executeRecursively$9(NodeTestTask.java:139)
! at org.junit.platform.engine.support.hierarchical.ThrowableCollector.execute(ThrowableCollector.java:73)
! at org.junit.platform.engine.support.hierarchical.NodeTestTask.executeRecursively(NodeTestTask.java:138)
! at org.junit.platform.engine.support.hierarchical.NodeTestTask.execute(NodeTestTask.java:95)
! at org.junit.platform.engine.support.hierarchical.SameThreadHierarchicalTestExecutorService.submit(SameThreadHierarchicalTestExecutorService.java:35)
! at org.junit.platform.engine.support.hierarchical.HierarchicalTestExecutor.execute(HierarchicalTestExecutor.java:57)
! at org.junit.platform.engine.support.hierarchical.HierarchicalTestEngine.execute(HierarchicalTestEngine.java:54)
! at org.junit.platform.launcher.core.EngineExecutionOrchestrator.execute(EngineExecutionOrchestrator.java:107)
! at org.junit.platform.launcher.core.EngineExecutionOrchestrator.execute(EngineExecutionOrchestrator.java:88)
! at org.junit.platform.launcher.core.EngineExecutionOrchestrator.lambda$execute$0(EngineExecutionOrchestrator.java:54)
! at org.junit.platform.launcher.core.EngineExecutionOrchestrator.withInterceptedStreams(EngineExecutionOrchestrator.java:67)
! at org.junit.platform.launcher.core.EngineExecutionOrchestrator.execute(EngineExecutionOrchestrator.java:52)
! at org.junit.platform.launcher.core.DefaultLauncher.execute(DefaultLauncher.java:114)
! at org.junit.platform.launcher.core.DefaultLauncher.execute(DefaultLauncher.java:86)
! at org.junit.platform.launcher.core.DefaultLauncherSession$DelegatingLauncher.execute(DefaultLauncherSession.java:86)
! at org.gradle.api.internal.tasks.testing.junitplatform.JUnitPlatformTestClassProcessor$CollectAllTestClassesExecutor.processAllTestClasses(JUnitPlatformTestClassProcessor.java:119)
! at org.gradle.api.internal.tasks.testing.junitplatform.JUnitPlatformTestClassProcessor$CollectAllTestClassesExecutor.access$000(JUnitPlatformTestClassProcessor.java:94)
! at org.gradle.api.internal.tasks.testing.junitplatform.JUnitPlatformTestClassProcessor.stop(JUnitPlatformTestClassProcessor.java:89)
! at org.gradle.api.internal.tasks.testing.SuiteTestClassProcessor.stop(SuiteTestClassProcessor.java:62)
! at java.base/jdk.internal.reflect.DirectMethodHandleAccessor.invoke(DirectMethodHandleAccessor.java:104)
! at java.base/java.lang.reflect.Method.invoke(Method.java:578)
! at org.gradle.internal.dispatch.ReflectionDispatch.dispatch(ReflectionDispatch.java:36)
! at org.gradle.internal.dispatch.ReflectionDispatch.dispatch(ReflectionDispatch.java:24)
! at org.gradle.internal.dispatch.ContextClassLoaderDispatch.dispatch(ContextClassLoaderDispatch.java:33)
! at org.gradle.internal.dispatch.ProxyDispatchAdapter$DispatchingInvocationHandler.invoke(ProxyDispatchAdapter.java:94)
! at jdk.proxy2/jdk.proxy2.$Proxy5.stop(Unknown Source)
! at org.gradle.api.internal.tasks.testing.worker.TestWorker$3.run(TestWorker.java:193)
! at org.gradle.api.internal.tasks.testing.worker.TestWorker.executeAndMaintainThreadName(TestWorker.java:129)
! at org.gradle.api.internal.tasks.testing.worker.TestWorker.execute(TestWorker.java:100)
! at org.gradle.api.internal.tasks.testing.worker.TestWorker.execute(TestWorker.java:60)
! at org.gradle.process.internal.worker.child.ActionExecutionWorker.execute(ActionExecutionWorker.java:56)
! at org.gradle.process.internal.worker.child.SystemApplicationClassLoaderWorker.call(SystemApplicationClassLoaderWorker.java:113)
! at org.gradle.process.internal.worker.child.SystemApplicationClassLoaderWorker.call(SystemApplicationClassLoaderWorker.java:65)
! at worker.org.gradle.process.internal.worker.GradleWorkerMain.run(GradleWorkerMain.java:69)
! at worker.org.gradle.process.internal.worker.GradleWorkerMain.main(GradleWorkerMain.java:74)
WARN  [2024-02-09 10:13:31,334] marquez.db.Columns: Could not read source URI for column 'current_location' null would be returned
! java.net.MalformedURLException: no protocol: git@github:location
! at java.base/java.net.URL.<init>(URL.java:764)
! at java.base/java.net.URL.<init>(URL.java:646)
! at java.base/java.net.URL.<init>(URL.java:582)
! at marquez.db.Columns.urlOrNull(Columns.java:256)
! at marquez.db.mappers.JobDataMapper.map(JobDataMapper.java:49)
! at marquez.db.mappers.JobDataMapper.map(JobDataMapper.java:29)
! at org.jdbi.v3.core.result.internal.ResultSetResultIterator.next(ResultSetResultIterator.java:83)
! at java.base/java.util.Iterator.forEachRemaining(Iterator.java:133)
! at org.jdbi.v3.core.result.ResultIterator.forEachRemaining(ResultIterator.java:39)
! at java.base/java.util.Spliterators$IteratorSpliterator.forEachRemaining(Spliterators.java:1921)
! at java.base/java.util.stream.AbstractPipeline.copyInto(AbstractPipeline.java:509)
! at java.base/java.util.stream.AbstractPipeline.wrapAndCopyInto(AbstractPipeline.java:499)
! at java.base/java.util.stream.ReduceOps$ReduceOp.evaluateSequential(ReduceOps.java:921)
! at java.base/java.util.stream.AbstractPipeline.evaluate(AbstractPipeline.java:234)
! at java.base/java.util.stream.ReferencePipeline.collect(ReferencePipeline.java:682)
! at org.jdbi.v3.core.result.ResultIterable.collect(ResultIterable.java:341)
! at org.jdbi.v3.sqlobject.statement.internal.ResultReturner$CollectedResultReturner.mappedResult(ResultReturner.java:293)
! at org.jdbi.v3.sqlobject.statement.internal.SqlQueryHandler.lambda$configureReturner$0(SqlQueryHandler.java:65)
! at org.jdbi.v3.sqlobject.statement.internal.CustomizingStatementHandler.invoke(CustomizingStatementHandler.java:191)
! at org.jdbi.v3.sqlobject.statement.internal.SqlQueryHandler.invoke(SqlQueryHandler.java:27)
! at org.jdbi.v3.core.extension.ExtensionMetadata$ExtensionHandlerInvoker.lambda$invoke$0(ExtensionMetadata.java:345)
! at org.jdbi.v3.core.AbstractHandleSupplier.invokeInContext(AbstractHandleSupplier.java:36)
! at org.jdbi.v3.core.extension.ExtensionMetadata$ExtensionHandlerInvoker.call(ExtensionMetadata.java:363)
! at org.jdbi.v3.core.extension.ExtensionMetadata$ExtensionHandlerInvoker.invoke(ExtensionMetadata.java:346)
! at org.jdbi.v3.core.extension.ExtensionFactoryDelegate.lambda$attach$0(ExtensionFactoryDelegate.java:118)
! at org.jdbi.v3.core.internal.OnDemandExtensions.invoke(OnDemandExtensions.java:85)
! at org.jdbi.v3.core.internal.OnDemandExtensions.lambda$createProxy$2(OnDemandExtensions.java:71)
! at org.jdbi.v3.core.Jdbi.callWithExtension(Jdbi.java:544)
! at org.jdbi.v3.core.Jdbi.withExtension(Jdbi.java:531)
! at org.jdbi.v3.core.internal.OnDemandExtensions.lambda$createProxy$3(OnDemandExtensions.java:71)
! at jdk.proxy3/jdk.proxy3.$Proxy108.getLineage(Unknown Source)
! at marquez.db.LineageDaoTest.testGetInputDatasetsWithJobThatHasMultipleVersions(LineageDaoTest.java:466)
! at java.base/jdk.internal.reflect.DirectMethodHandleAccessor.invoke(DirectMethodHandleAccessor.java:104)
! at java.base/java.lang.reflect.Method.invoke(Method.java:578)
! at org.junit.platform.commons.util.ReflectionUtils.invokeMethod(ReflectionUtils.java:728)
! at org.junit.jupiter.engine.execution.MethodInvocation.proceed(MethodInvocation.java:60)
! at org.junit.jupiter.engine.execution.InvocationInterceptorChain$ValidatingInvocation.proceed(InvocationInterceptorChain.java:131)
! at org.junit.jupiter.engine.extension.TimeoutExtension.intercept(TimeoutExtension.java:156)
! at org.junit.jupiter.engine.extension.TimeoutExtension.interceptTestableMethod(TimeoutExtension.java:147)
! at org.junit.jupiter.engine.extension.TimeoutExtension.interceptTestMethod(TimeoutExtension.java:86)
! at org.junit.jupiter.engine.execution.InterceptingExecutableInvoker$ReflectiveInterceptorCall.lambda$ofVoidMethod$0(InterceptingExecutableInvoker.java:103)
! at org.junit.jupiter.engine.execution.InterceptingExecutableInvoker.lambda$invoke$0(InterceptingExecutableInvoker.java:93)
! at org.junit.jupiter.engine.execution.InvocationInterceptorChain$InterceptedInvocation.proceed(InvocationInterceptorChain.java:106)
! at org.junit.jupiter.engine.execution.InvocationInterceptorChain.proceed(InvocationInterceptorChain.java:64)
! at org.junit.jupiter.engine.execution.InvocationInterceptorChain.chainAndInvoke(InvocationInterceptorChain.java:45)
! at org.junit.jupiter.engine.execution.InvocationInterceptorChain.invoke(InvocationInterceptorChain.java:37)
! at org.junit.jupiter.engine.execution.InterceptingExecutableInvoker.invoke(InterceptingExecutableInvoker.java:92)
! at org.junit.jupiter.engine.execution.InterceptingExecutableInvoker.invoke(InterceptingExecutableInvoker.java:86)
! at org.junit.jupiter.engine.descriptor.TestMethodTestDescriptor.lambda$invokeTestMethod$7(TestMethodTestDescriptor.java:218)
! at org.junit.platform.engine.support.hierarchical.ThrowableCollector.execute(ThrowableCollector.java:73)
! at org.junit.jupiter.engine.descriptor.TestMethodTestDescriptor.invokeTestMethod(TestMethodTestDescriptor.java:214)
! at org.junit.jupiter.engine.descriptor.TestMethodTestDescriptor.execute(TestMethodTestDescriptor.java:139)
! at org.junit.jupiter.engine.descriptor.TestMethodTestDescriptor.execute(TestMethodTestDescriptor.java:69)
! at org.junit.platform.engine.support.hierarchical.NodeTestTask.lambda$executeRecursively$6(NodeTestTask.java:151)
! at org.junit.platform.engine.support.hierarchical.ThrowableCollector.execute(ThrowableCollector.java:73)
! at org.junit.platform.engine.support.hierarchical.NodeTestTask.lambda$executeRecursively$8(NodeTestTask.java:141)
! at org.junit.platform.engine.support.hierarchical.Node.around(Node.java:137)
! at org.junit.platform.engine.support.hierarchical.NodeTestTask.lambda$executeRecursively$9(NodeTestTask.java:139)
! at org.junit.platform.engine.support.hierarchical.ThrowableCollector.execute(ThrowableCollector.java:73)
! at org.junit.platform.engine.support.hierarchical.NodeTestTask.executeRecursively(NodeTestTask.java:138)
! at org.junit.platform.engine.support.hierarchical.NodeTestTask.execute(NodeTestTask.java:95)
! at java.base/java.util.ArrayList.forEach(ArrayList.java:1511)
! at org.junit.platform.engine.support.hierarchical.SameThreadHierarchicalTestExecutorService.invokeAll(SameThreadHierarchicalTestExecutorService.java:41)
! at org.junit.platform.engine.support.hierarchical.NodeTestTask.lambda$executeRecursively$6(NodeTestTask.java:155)
! at org.junit.platform.engine.support.hierarchical.ThrowableCollector.execute(ThrowableCollector.java:73)
! at org.junit.platform.engine.support.hierarchical.NodeTestTask.lambda$executeRecursively$8(NodeTestTask.java:141)
! at org.junit.platform.engine.support.hierarchical.Node.around(Node.java:137)
! at org.junit.platform.engine.support.hierarchical.NodeTestTask.lambda$executeRecursively$9(NodeTestTask.java:139)
! at org.junit.platform.engine.support.hierarchical.ThrowableCollector.execute(ThrowableCollector.java:73)
! at org.junit.platform.engine.support.hierarchical.NodeTestTask.executeRecursively(NodeTestTask.java:138)
! at org.junit.platform.engine.support.hierarchical.NodeTestTask.execute(NodeTestTask.java:95)
! at java.base/java.util.ArrayList.forEach(ArrayList.java:1511)
! at org.junit.platform.engine.support.hierarchical.SameThreadHierarchicalTestExecutorService.invokeAll(SameThreadHierarchicalTestExecutorService.java:41)
! at org.junit.platform.engine.support.hierarchical.NodeTestTask.lambda$executeRecursively$6(NodeTestTask.java:155)
! at org.junit.platform.engine.support.hierarchical.ThrowableCollector.execute(ThrowableCollector.java:73)
! at org.junit.platform.engine.support.hierarchical.NodeTestTask.lambda$executeRecursively$8(NodeTestTask.java:141)
! at org.junit.platform.engine.support.hierarchical.Node.around(Node.java:137)
! at org.junit.platform.engine.support.hierarchical.NodeTestTask.lambda$executeRecursively$9(NodeTestTask.java:139)
! at org.junit.platform.engine.support.hierarchical.ThrowableCollector.execute(ThrowableCollector.java:73)
! at org.junit.platform.engine.support.hierarchical.NodeTestTask.executeRecursively(NodeTestTask.java:138)
! at org.junit.platform.engine.support.hierarchical.NodeTestTask.execute(NodeTestTask.java:95)
! at org.junit.platform.engine.support.hierarchical.SameThreadHierarchicalTestExecutorService.submit(SameThreadHierarchicalTestExecutorService.java:35)
! at org.junit.platform.engine.support.hierarchical.HierarchicalTestExecutor.execute(HierarchicalTestExecutor.java:57)
! at org.junit.platform.engine.support.hierarchical.HierarchicalTestEngine.execute(HierarchicalTestEngine.java:54)
! at org.junit.platform.launcher.core.EngineExecutionOrchestrator.execute(EngineExecutionOrchestrator.java:107)
! at org.junit.platform.launcher.core.EngineExecutionOrchestrator.execute(EngineExecutionOrchestrator.java:88)
! at org.junit.platform.launcher.core.EngineExecutionOrchestrator.lambda$execute$0(EngineExecutionOrchestrator.java:54)
! at org.junit.platform.launcher.core.EngineExecutionOrchestrator.withInterceptedStreams(EngineExecutionOrchestrator.java:67)
! at org.junit.platform.launcher.core.EngineExecutionOrchestrator.execute(EngineExecutionOrchestrator.java:52)
! at org.junit.platform.launcher.core.DefaultLauncher.execute(DefaultLauncher.java:114)
! at org.junit.platform.launcher.core.DefaultLauncher.execute(DefaultLauncher.java:86)
! at org.junit.platform.launcher.core.DefaultLauncherSession$DelegatingLauncher.execute(DefaultLauncherSession.java:86)
! at org.gradle.api.internal.tasks.testing.junitplatform.JUnitPlatformTestClassProcessor$CollectAllTestClassesExecutor.processAllTestClasses(JUnitPlatformTestClassProcessor.java:119)
! at org.gradle.api.internal.tasks.testing.junitplatform.JUnitPlatformTestClassProcessor$CollectAllTestClassesExecutor.access$000(JUnitPlatformTestClassProcessor.java:94)
! at org.gradle.api.internal.tasks.testing.junitplatform.JUnitPlatformTestClassProcessor.stop(JUnitPlatformTestClassProcessor.java:89)
! at org.gradle.api.internal.tasks.testing.SuiteTestClassProcessor.stop(SuiteTestClassProcessor.java:62)
! at java.base/jdk.internal.reflect.DirectMethodHandleAccessor.invoke(DirectMethodHandleAccessor.java:104)
! at java.base/java.lang.reflect.Method.invoke(Method.java:578)
! at org.gradle.internal.dispatch.ReflectionDispatch.dispatch(ReflectionDispatch.java:36)
! at org.gradle.internal.dispatch.ReflectionDispatch.dispatch(ReflectionDispatch.java:24)
! at org.gradle.internal.dispatch.ContextClassLoaderDispatch.dispatch(ContextClassLoaderDispatch.java:33)
! at org.gradle.internal.dispatch.ProxyDispatchAdapter$DispatchingInvocationHandler.invoke(ProxyDispatchAdapter.java:94)
! at jdk.proxy2/jdk.proxy2.$Proxy5.stop(Unknown Source)
! at org.gradle.api.internal.tasks.testing.worker.TestWorker$3.run(TestWorker.java:193)
! at org.gradle.api.internal.tasks.testing.worker.TestWorker.executeAndMaintainThreadName(TestWorker.java:129)
! at org.gradle.api.internal.tasks.testing.worker.TestWorker.execute(TestWorker.java:100)
! at org.gradle.api.internal.tasks.testing.worker.TestWorker.execute(TestWorker.java:60)
! at org.gradle.process.internal.worker.child.ActionExecutionWorker.execute(ActionExecutionWorker.java:56)
! at org.gradle.process.internal.worker.child.SystemApplicationClassLoaderWorker.call(SystemApplicationClassLoaderWorker.java:113)
! at org.gradle.process.internal.worker.child.SystemApplicationClassLoaderWorker.call(SystemApplicationClassLoaderWorker.java:65)
! at worker.org.gradle.process.internal.worker.GradleWorkerMain.run(GradleWorkerMain.java:69)
! at worker.org.gradle.process.internal.worker.GradleWorkerMain.main(GradleWorkerMain.java:74)
INFO  [2024-02-09 10:13:32,669] org.flywaydb.core.internal.license.VersionPrinter: Flyway Community Edition 8.5.13 by Redgate
INFO  [2024-02-09 10:13:32,669] org.flywaydb.core.internal.license.VersionPrinter: See what's new here: https://flywaydb.org/documentation/learnmore/releaseNotes#8.5.13
INFO  [2024-02-09 10:13:32,669] org.flywaydb.core.internal.license.VersionPrinter: 
INFO  [2024-02-09 10:13:32,687] org.flywaydb.core.internal.command.DbClean: Successfully dropped pre-schema database level objects (execution time 00:00.000s)
INFO  [2024-02-09 10:13:32,737] org.flywaydb.core.internal.command.DbClean: Successfully cleaned schema "public" (execution time 00:00.048s)
INFO  [2024-02-09 10:13:32,744] org.flywaydb.core.internal.command.DbClean: Successfully cleaned schema "public" (execution time 00:00.006s)
INFO  [2024-02-09 10:13:32,744] org.flywaydb.core.internal.command.DbClean: Successfully dropped post-schema database level objects (execution time 00:00.000s)
]]></system-out>
  <system-err><![CDATA[]]></system-err>
</testsuite>
