<?xml version="1.0" encoding="UTF-8"?>
<testsuite name="marquez.api.ApiTestUtilsTest" tests="2" skipped="0" failures="0" errors="0" timestamp="2024-02-09T04:42:45" hostname="MacBook-Air.local" time="1.674">
  <properties/>
  <testcase name="testDefaultServiceFactory()" classname="marquez.api.ApiTestUtilsTest" time="1.671"/>
  <testcase name="testCustomServiceFactory()" classname="marquez.api.ApiTestUtilsTest" time="0.002"/>
  <system-out><![CDATA[]]></system-out>
  <system-err><![CDATA[]]></system-err>
</testsuite>
