<?xml version="1.0" encoding="UTF-8"?>
<testsuite name="marquez.db.mappers.DatasetMapperTest" tests="1" skipped="0" failures="0" errors="0" timestamp="2024-02-09T04:43:45" hostname="MacBook-Air.local" time="0.057">
  <properties/>
  <testcase name="shouldMapFullDataset()" classname="marquez.db.mappers.DatasetMapperTest" time="0.057"/>
  <system-out><![CDATA[]]></system-out>
  <system-err><![CDATA[]]></system-err>
</testsuite>
