<?xml version="1.0" encoding="UTF-8"?>
<testsuite name="marquez.api.filter.exclusions.ExclusionsConfigTest" tests="2" skipped="0" failures="0" errors="0" timestamp="2024-02-09T04:42:51" hostname="MacBook-Air.local" time="0.0">
  <properties/>
  <testcase name="testNamespaceExclusionsOnWrite()" classname="marquez.api.filter.exclusions.ExclusionsConfigTest" time="0.0"/>
  <testcase name="testNamespaceExclusionsOnRead()" classname="marquez.api.filter.exclusions.ExclusionsConfigTest" time="0.0"/>
  <system-out><![CDATA[]]></system-out>
  <system-err><![CDATA[]]></system-err>
</testsuite>
