<?xml version="1.0" encoding="UTF-8"?>
<testsuite name="marquez.db.migrations.V57_1__BackfillFacetsTest" tests="7" skipped="0" failures="0" errors="0" timestamp="2024-02-09T04:43:46" hostname="MacBook-Air.local" time="2.42">
  <properties/>
  <testcase name="testMigrationForLineageEventsWithNullCreatedAtField()" classname="marquez.db.migrations.V57_1__BackfillFacetsTest" time="0.53"/>
  <testcase name="testMigrateForMultipleChunks()" classname="marquez.db.migrations.V57_1__BackfillFacetsTest" time="0.534"/>
  <testcase name="testJobFacet()" classname="marquez.db.migrations.V57_1__BackfillFacetsTest" time="0.306"/>
  <testcase name="testMigrationLockIsInsertedWhenNoDataToMigrate()" classname="marquez.db.migrations.V57_1__BackfillFacetsTest" time="0.165"/>
  <testcase name="testDatasetFacet()" classname="marquez.db.migrations.V57_1__BackfillFacetsTest" time="0.352"/>
  <testcase name="testMigrateForLineageWithNoDatasets()" classname="marquez.db.migrations.V57_1__BackfillFacetsTest" time="0.221"/>
  <testcase name="testRunFacet()" classname="marquez.db.migrations.V57_1__BackfillFacetsTest" time="0.311"/>
  <system-out><![CDATA[INFO  [2024-02-09 10:13:45,153] org.flywaydb.core.internal.license.VersionPrinter: Flyway Community Edition 8.5.13 by Redgate
INFO  [2024-02-09 10:13:45,153] org.flywaydb.core.internal.license.VersionPrinter: See what's new here: https://flywaydb.org/documentation/learnmore/releaseNotes#8.5.13
INFO  [2024-02-09 10:13:45,153] org.flywaydb.core.internal.license.VersionPrinter: 
INFO  [2024-02-09 10:13:45,170] org.flywaydb.core.internal.database.base.BaseDatabaseType: Database: jdbc:postgresql://localhost:55773/test (PostgreSQL 14.10)
INFO  [2024-02-09 10:13:45,183] org.flywaydb.core.internal.command.DbValidate: Successfully validated 82 migrations (execution time 00:00.008s)
INFO  [2024-02-09 10:13:45,189] org.flywaydb.core.internal.schemahistory.JdbcTableSchemaHistory: Creating Schema History table "public"."flyway_schema_history" ...
INFO  [2024-02-09 10:13:45,197] org.flywaydb.core.internal.command.DbMigrate: Current version of schema "public": << Empty Schema >>
INFO  [2024-02-09 10:13:45,199] org.flywaydb.core.internal.command.DbMigrate: Migrating schema "public" to version "1 - initial schema"
INFO  [2024-02-09 10:13:45,221] org.flywaydb.core.internal.command.DbMigrate: Migrating schema "public" to version "2 - add job contexts"
INFO  [2024-02-09 10:13:45,230] org.flywaydb.core.internal.command.DbMigrate: Migrating schema "public" to version "2.1 - alter job versions to add job context uuid"
INFO  [2024-02-09 10:13:45,237] org.flywaydb.core.internal.command.DbMigrate: Migrating schema "public" to version "3 - drop not null constraint on job location"
INFO  [2024-02-09 10:13:45,245] org.flywaydb.core.internal.command.DbMigrate: Migrating schema "public" to version "4 - add dataset fields"
INFO  [2024-02-09 10:13:45,254] org.flywaydb.core.internal.command.DbMigrate: Migrating schema "public" to version "5 - add tags"
INFO  [2024-02-09 10:13:45,263] org.flywaydb.core.internal.command.DbMigrate: Migrating schema "public" to version "6 - alter datasets to add last modified"
INFO  [2024-02-09 10:13:45,270] org.flywaydb.core.internal.command.DbMigrate: Migrating schema "public" to version "7 - alter run args to change args"
INFO  [2024-02-09 10:13:45,277] org.flywaydb.core.internal.command.DbMigrate: Migrating schema "public" to version "8 - alter datasets to change unique constraint"
INFO  [2024-02-09 10:13:45,285] org.flywaydb.core.internal.command.DbMigrate: Migrating schema "public" to version "9 - alter sources to drop composite unique constraint"
INFO  [2024-02-09 10:13:45,293] org.flywaydb.core.internal.command.DbMigrate: Migrating schema "public" to version "10 - drop unique constraint on job name"
INFO  [2024-02-09 10:13:45,300] org.flywaydb.core.internal.command.DbMigrate: Migrating schema "public" to version "11 - alter datasets to rename last modified"
INFO  [2024-02-09 10:13:45,306] org.flywaydb.core.internal.command.DbMigrate: Migrating schema "public" to version "12 - alter dataset fields to change unique constraint"
INFO  [2024-02-09 10:13:45,314] org.flywaydb.core.internal.command.DbMigrate: Migrating schema "public" to version "13 - alter run add start end state"
INFO  [2024-02-09 10:13:45,321] org.flywaydb.core.internal.command.DbMigrate: Migrating schema "public" to version "14 - index datasetversion datasetid"
INFO  [2024-02-09 10:13:45,327] org.flywaydb.core.internal.command.DbMigrate: Migrating schema "public" to version "15 - index created at and current run state on runs"
INFO  [2024-02-09 10:13:45,334] org.flywaydb.core.internal.command.DbMigrate: Migrating schema "public" to version "16 - index created at on runs"
INFO  [2024-02-09 10:13:45,341] org.flywaydb.core.internal.command.DbMigrate: Migrating schema "public" to version "17.1 - unique version constraint"
INFO  [2024-02-09 10:13:45,349] org.flywaydb.core.internal.command.DbMigrate: Migrating schema "public" to version "17.2 - open lineage"
INFO  [2024-02-09 10:13:45,356] org.flywaydb.core.internal.command.DbMigrate: Migrating schema "public" to version "18 - drop dataset constraint"
INFO  [2024-02-09 10:13:45,363] org.flywaydb.core.internal.command.DbMigrate: Migrating schema "public" to version "19 - alter run to add external id"
INFO  [2024-02-09 10:13:45,369] org.flywaydb.core.internal.command.DbMigrate: Migrating schema "public" to version "20 - drop lineage pk"
INFO  [2024-02-09 10:13:45,376] org.flywaydb.core.internal.command.DbMigrate: Migrating schema "public" to version "21 - alter jobs to add namespace name"
INFO  [2024-02-09 10:13:45,384] org.flywaydb.core.internal.command.DbMigrate: Migrating schema "public" to version "22 - alter job versions to add namespace"
INFO  [2024-02-09 10:13:45,393] org.flywaydb.core.internal.command.DbMigrate: Migrating schema "public" to version "23 - alter runs"
INFO  [2024-02-09 10:13:45,404] org.flywaydb.core.internal.command.DbMigrate: Migrating schema "public" to version "24 - alter jobs"
INFO  [2024-02-09 10:13:45,414] org.flywaydb.core.internal.command.DbMigrate: Migrating schema "public" to version "25 - alter datasets"
INFO  [2024-02-09 10:13:45,422] org.flywaydb.core.internal.command.DbMigrate: Migrating schema "public" to version "26 - alter jobs change type"
INFO  [2024-02-09 10:13:45,430] org.flywaydb.core.internal.command.DbMigrate: Migrating schema "public" to version "27 - alter runs add context"
INFO  [2024-02-09 10:13:45,438] org.flywaydb.core.internal.command.DbMigrate: Migrating schema "public" to version "28 - update jobs fix inputs"
INFO  [2024-02-09 10:13:45,446] org.flywaydb.core.internal.command.DbMigrate: Migrating schema "public" to version "29 - alter dataset versions add fields"
INFO  [2024-02-09 10:13:45,472] org.flywaydb.core.internal.command.DbMigrate: Migrating schema "public" to version "30 - alter runs change transitioned at type"
INFO  [2024-02-09 10:13:45,480] org.flywaydb.core.internal.command.DbMigrate: Migrating schema "public" to version "31 - alter job io mapping"
INFO  [2024-02-09 10:13:45,491] org.flywaydb.core.internal.command.DbMigrate: Migrating schema "public" to version "32 - index runs created at"
INFO  [2024-02-09 10:13:45,498] org.flywaydb.core.internal.command.DbMigrate: Migrating schema "public" to version "33 - index lineage events run id"
INFO  [2024-02-09 10:13:45,507] org.flywaydb.core.internal.command.DbMigrate: Migrating schema "public" to version "34 - drop not null constraint on field type"
INFO  [2024-02-09 10:13:45,514] org.flywaydb.core.internal.command.DbMigrate: Migrating schema "public" to version "35 - drop io mapping tables"
INFO  [2024-02-09 10:13:45,521] org.flywaydb.core.internal.command.DbMigrate: Migrating schema "public" to version "36 - drop run id column in lineage events"
INFO  [2024-02-09 10:13:45,529] org.flywaydb.core.internal.command.DbMigrate: Migrating schema "public" to version "37 - alter dataset fields to change type"
INFO  [2024-02-09 10:13:45,536] org.flywaydb.core.internal.command.DbMigrate: Migrating schema "public" to version "38 - alter namespaces to resize name"
INFO  [2024-02-09 10:13:45,544] org.flywaydb.core.internal.command.DbMigrate: Migrating schema "public" to version "39 - alter sources to resize name"
INFO  [2024-02-09 10:13:45,552] org.flywaydb.core.internal.command.DbMigrate: Migrating schema "public" to version "40 - alter tables resize namespace and connection url"
INFO  [2024-02-09 10:13:45,563] org.flywaydb.core.internal.command.DbMigrate: Migrating schema "public" to version "41 - add operation to dataset versions"
INFO  [2024-02-09 10:13:45,570] org.flywaydb.core.internal.command.DbMigrate: Migrating schema "public" to version "42 - add job symlink target"
INFO  [2024-02-09 10:13:45,578] org.flywaydb.core.internal.command.DbMigrate: Migrating schema "public" to version "43 - alter jobs add job parent uuid"
INFO  [2024-02-09 10:13:45,581] org.flywaydb.core.internal.sqlscript.DefaultSqlScriptExecutor: DB: index "jobs_namespace_uuid_name_key" does not exist, skipping
INFO  [2024-02-09 10:13:45,583] org.flywaydb.core.internal.sqlscript.DefaultSqlScriptExecutor: DB: ALTER TABLE / ADD CONSTRAINT USING INDEX will rename index "jobs_namespace_uuid_name_parent" to "unique_jobs_namespace_uuid_name_parent"
INFO  [2024-02-09 10:13:45,591] org.flywaydb.core.internal.command.DbMigrate: Migrating schema "public" to version "44 - runs job versions add job uuid"
INFO  [2024-02-09 10:13:45,594] org.flywaydb.core.internal.sqlscript.DefaultSqlScriptExecutor: DB: trigger "runs_insert_job_uuid" for relation "runs" does not exist, skipping
INFO  [2024-02-09 10:13:45,601] org.flywaydb.core.internal.command.DbMigrate: Migrating schema "public" to version "44.1 - UpdateRunsWithJobUUID" [non-transactional]
INFO  [2024-02-09 10:13:45,607] org.flywaydb.core.internal.command.DbMigrate: Migrating schema "public" to version "44.2 - BackfillAirflowParentRuns" [non-transactional]
INFO  [2024-02-09 10:13:45,616] org.flywaydb.core.internal.command.DbMigrate: Migrating schema "public" to version "44.3 - BackfillJobsWithParents" [non-transactional]
INFO  [2024-02-09 10:13:45,624] org.flywaydb.core.internal.command.DbMigrate: Migrating schema "public" to version "45 - update jobs view rule"
INFO  [2024-02-09 10:13:45,625] org.flywaydb.core.internal.sqlscript.DefaultSqlScriptExecutor: DB: constraint "jobs_namespace_uuid_name_key" of relation "jobs" does not exist, skipping
INFO  [2024-02-09 10:13:45,626] org.flywaydb.core.internal.sqlscript.DefaultSqlScriptExecutor: DB: index "jobs_namespace_uuid_name_key" does not exist, skipping
INFO  [2024-02-09 10:13:45,626] org.flywaydb.core.internal.sqlscript.DefaultSqlScriptExecutor: DB: constraint "jobs_namespace_uuid_name_null_parent" of relation "jobs" does not exist, skipping
INFO  [2024-02-09 10:13:45,627] org.flywaydb.core.internal.sqlscript.DefaultSqlScriptExecutor: DB: index "jobs_namespace_uuid_name_parent" does not exist, skipping
INFO  [2024-02-09 10:13:45,628] org.flywaydb.core.internal.sqlscript.DefaultSqlScriptExecutor: DB: index "unique_jobs_namespace_uuid_name_parent" does not exist, skipping
INFO  [2024-02-09 10:13:45,638] org.flywaydb.core.internal.command.DbMigrate: Migrating schema "public" to version "46 - add hidden column to jobs and datasets"
INFO  [2024-02-09 10:13:45,645] org.flywaydb.core.internal.command.DbMigrate: Migrating schema "public" to version "47 - add lineage event indexes" [non-transactional]
INFO  [2024-02-09 10:13:45,652] org.flywaydb.core.internal.command.DbMigrate: Migrating schema "public" to version "48 - dataset symlinks"
INFO  [2024-02-09 10:13:45,655] org.flywaydb.core.internal.sqlscript.DefaultSqlScriptExecutor: DB: type "dataset_name" does not exist, skipping
INFO  [2024-02-09 10:13:45,661] org.flywaydb.core.internal.command.DbMigrate: Migrating schema "public" to version "49 - column lineage"
INFO  [2024-02-09 10:13:45,669] org.flywaydb.core.internal.command.DbMigrate: Migrating schema "public" to version "50 - index dataset fields"
INFO  [2024-02-09 10:13:45,675] org.flywaydb.core.internal.command.DbMigrate: Migrating schema "public" to version "51 - job indices for lineage"
INFO  [2024-02-09 10:13:45,683] org.flywaydb.core.internal.command.DbMigrate: Migrating schema "public" to version "52 - alter dataset symlinks"
INFO  [2024-02-09 10:13:45,691] org.flywaydb.core.internal.command.DbMigrate: Migrating schema "public" to version "53 - add hidden namespace"
INFO  [2024-02-09 10:13:45,698] org.flywaydb.core.internal.command.DbMigrate: Migrating schema "public" to version "54 - lineage events created at indexed"
INFO  [2024-02-09 10:13:45,705] org.flywaydb.core.internal.command.DbMigrate: Migrating schema "public" to version "55.1 - add dataset facets"
INFO  [2024-02-09 10:13:45,712] org.flywaydb.core.internal.command.DbMigrate: Migrating schema "public" to version "55.2 - add job facets"
INFO  [2024-02-09 10:13:45,721] org.flywaydb.core.internal.command.DbMigrate: Migrating schema "public" to version "55.3 - add run facets"
INFO  [2024-02-09 10:13:45,728] org.flywaydb.core.internal.command.DbMigrate: Migrating schema "public" to version "56.1 - CreateFacetViews" [non-transactional]
INFO  [2024-02-09 10:13:45,744] org.flywaydb.core.internal.command.DbMigrate: Migrating schema "public" to version "57.1 - add migration lock"
INFO  [2024-02-09 10:13:45,750] org.flywaydb.core.internal.command.DbMigrate: Migrating schema "public" to version "57.2 - BackFillFacets" [non-transactional]
INFO  [2024-02-09 10:13:45,752] marquez.db.migrations.V57_1__BackfillFacets: Vacuuming lineage_events table
INFO  [2024-02-09 10:13:45,763] marquez.db.migrations.V57_1__BackfillFacets: Vacuuming lineage_events table finished
INFO  [2024-02-09 10:13:45,764] marquez.db.migrations.V57_1__BackfillFacets: Estimating 0 events in lineage_events table
INFO  [2024-02-09 10:13:45,777] org.flywaydb.core.internal.command.DbMigrate: Migrating schema "public" to version "58 - job fqn name index"
INFO  [2024-02-09 10:13:45,784] org.flywaydb.core.internal.command.DbMigrate: Migrating schema "public" to version "59.1 - column lineage add indexes"
INFO  [2024-02-09 10:13:45,792] org.flywaydb.core.internal.command.DbMigrate: Migrating schema "public" to version "59.2 - facet tables indexes"
INFO  [2024-02-09 10:13:45,801] org.flywaydb.core.internal.command.DbMigrate: Migrating schema "public" to version "60 - alter job versions to drop job context uuid"
INFO  [2024-02-09 10:13:45,808] org.flywaydb.core.internal.command.DbMigrate: Migrating schema "public" to version "61 - unique job fqn index"
INFO  [2024-02-09 10:13:45,819] org.flywaydb.core.internal.command.DbMigrate: Migrating schema "public" to version "62 - index run states and parent run"
INFO  [2024-02-09 10:13:45,828] org.flywaydb.core.internal.command.DbMigrate: Migrating schema "public" to version "63 - alter tables add on cascade delete"
INFO  [2024-02-09 10:13:45,863] org.flywaydb.core.internal.command.DbMigrate: Migrating schema "public" to version "64 - drop job contexts"
INFO  [2024-02-09 10:13:45,870] org.flywaydb.core.internal.command.DbMigrate: Migrating schema "public" to version "65 - alter dataset facets to change lineage event type as nullable"
INFO  [2024-02-09 10:13:45,877] org.flywaydb.core.internal.command.DbMigrate: Migrating schema "public" to version "66.1 - alter job facets"
INFO  [2024-02-09 10:13:45,886] org.flywaydb.core.internal.command.DbMigrate: Migrating schema "public" to version "66.2 - alter lineage events add event type"
INFO  [2024-02-09 10:13:45,892] org.flywaydb.core.internal.command.DbMigrate: Migrating schema "public" to version "66.3 - BackfillJobFacetsWithJobVersion" [non-transactional]
INFO  [2024-02-09 10:13:45,902] org.flywaydb.core.internal.command.DbMigrate: Migrating schema "public" to version "67.1 - job versions io mapping add job reference"
INFO  [2024-02-09 10:13:45,913] org.flywaydb.core.internal.command.DbMigrate: Migrating schema "public" to version "67.2 - Back fill job_uuid and is_current_job_version in job_versions_io_mapping table" [non-transactional]
INFO  [2024-02-09 10:13:45,924] org.flywaydb.core.internal.command.DbMigrate: Migrating schema "public" with repeatable migration "1 Jobs view and rewrite function"
INFO  [2024-02-09 10:13:45,928] org.flywaydb.core.internal.sqlscript.DefaultSqlScriptExecutor: DB: trigger "update_symlinks" for relation "jobs_view" does not exist, skipping
INFO  [2024-02-09 10:13:45,934] org.flywaydb.core.internal.command.DbMigrate: Migrating schema "public" with repeatable migration "2 Runs view"
INFO  [2024-02-09 10:13:45,943] org.flywaydb.core.internal.command.DbMigrate: Migrating schema "public" with repeatable migration "3 Datasets view"
INFO  [2024-02-09 10:13:45,944] org.flywaydb.core.internal.sqlscript.DefaultSqlScriptExecutor: DB: view "datasets_view" does not exist, skipping
INFO  [2024-02-09 10:13:45,950] org.flywaydb.core.internal.command.DbMigrate: Successfully applied 82 migrations to schema "public", now at version v67.2 (execution time 00:00.755s)
INFO  [2024-02-09 10:13:46,123] marquez.db.OpenLineageDao: Created new parent job record JobRow(uuid=e1644139-2131-43d0-97a5-d6422b560ae6, type=BATCH, createdAt=2024-02-09T04:43:46.100303Z, updatedAt=2024-02-09T04:43:46.100303Z, namespaceUuid=c0398697-c6de-4680-a3b3-d359bb578dc1, namespaceName=namespace, name=name, simpleName=name, parentJobName=null, description=Optional.empty, currentVersionUuid=Optional.empty, location=git@github.com:OpenLineage/OpenLineage.git, inputs=[], symlinkTargetId=null)
INFO  [2024-02-09 10:13:46,128] marquez.db.OpenLineageDao: Created new parent run record RunRow(uuid=87820ade-4587-407d-b4a0-ca1768f223af, createdAt=2024-02-09T04:43:46.100303Z, updatedAt=2024-02-09T04:43:46.100303Z, jobUuid=e1644139-2131-43d0-97a5-d6422b560ae6, jobVersionUuid=Optional.empty, parentRunUuid=Optional.empty, runArgsUuid=df239433-61ba-4796-b3ad-b9d305ca20e2, nominalStartTime=Optional[2024-02-09T04:00:00Z], nominalEndTime=Optional[2024-02-09T05:00:00Z], currentRunState=Optional[COMPLETED], startedAt=Optional.empty, startRunStateUuid=Optional.empty, endedAt=Optional.empty, endRunStateUuid=Optional.empty, jobName=name, namespaceName=namespace)
INFO  [2024-02-09 10:13:46,276] marquez.db.OpenLineageDao: Created new parent job record JobRow(uuid=e1644139-2131-43d0-97a5-d6422b560ae6, type=BATCH, createdAt=2024-02-09T04:43:46.100303Z, updatedAt=2024-02-09T04:43:46.273718Z, namespaceUuid=c0398697-c6de-4680-a3b3-d359bb578dc1, namespaceName=namespace, name=name, simpleName=name, parentJobName=null, description=Optional.empty, currentVersionUuid=Optional.empty, location=git@github.com:OpenLineage/OpenLineage.git, inputs=[], symlinkTargetId=null)
INFO  [2024-02-09 10:13:46,279] marquez.db.OpenLineageDao: Created new parent run record RunRow(uuid=94fd4c8e-e1b7-44d0-8e78-c56e5ba20459, createdAt=2024-02-09T04:43:46.256017Z, updatedAt=2024-02-09T04:43:46.256017Z, jobUuid=e1644139-2131-43d0-97a5-d6422b560ae6, jobVersionUuid=Optional.empty, parentRunUuid=Optional.empty, runArgsUuid=df239433-61ba-4796-b3ad-b9d305ca20e2, nominalStartTime=Optional[2024-02-09T04:00:00Z], nominalEndTime=Optional[2024-02-09T05:00:00Z], currentRunState=Optional[COMPLETED], startedAt=Optional.empty, startRunStateUuid=Optional.empty, endedAt=Optional.empty, endRunStateUuid=Optional.empty, jobName=name, namespaceName=namespace)
INFO  [2024-02-09 10:13:46,451] marquez.db.migrations.V57_1__BackfillFacets: Estimating 0 events in lineage_events table
INFO  [2024-02-09 10:13:46,478] marquez.db.migrations.V57_1__BackfillFacets: Configured chunkSize is 100
INFO  [2024-02-09 10:13:46,491] marquez.db.migrations.V57_1__BackfillFacets: Migrating chunk finished processing 2 records.
INFO  [2024-02-09 10:13:46,493] marquez.db.migrations.V57_1__BackfillFacets: Migrating chunk finished processing 0 records.
INFO  [2024-02-09 10:13:46,571] marquez.db.migrations.V57_1__BackfillFacets: All records migrated
INFO  [2024-02-09 10:13:46,647] marquez.db.OpenLineageDao: Created new parent job record JobRow(uuid=22c7f795-7e78-4530-a05b-4028a73bf078, type=BATCH, createdAt=2024-02-09T04:43:46.626944Z, updatedAt=2024-02-09T04:43:46.626944Z, namespaceUuid=e83d1ae6-05ed-4c2e-afd2-d43adea6ff8f, namespaceName=namespace, name=name, simpleName=name, parentJobName=null, description=Optional.empty, currentVersionUuid=Optional.empty, location=git@github.com:OpenLineage/OpenLineage.git, inputs=[], symlinkTargetId=null)
INFO  [2024-02-09 10:13:46,650] marquez.db.OpenLineageDao: Created new parent run record RunRow(uuid=b88a929f-cdb2-4cea-b874-6dd950111e5f, createdAt=2024-02-09T04:43:46.626944Z, updatedAt=2024-02-09T04:43:46.626944Z, jobUuid=22c7f795-7e78-4530-a05b-4028a73bf078, jobVersionUuid=Optional.empty, parentRunUuid=Optional.empty, runArgsUuid=24d62af3-c795-4e93-8abc-fd2a903d6909, nominalStartTime=Optional[2024-02-09T04:00:00Z], nominalEndTime=Optional[2024-02-09T05:00:00Z], currentRunState=Optional[COMPLETED], startedAt=Optional.empty, startRunStateUuid=Optional.empty, endedAt=Optional.empty, endRunStateUuid=Optional.empty, jobName=name, namespaceName=namespace)
INFO  [2024-02-09 10:13:46,766] marquez.db.OpenLineageDao: Created new parent job record JobRow(uuid=22c7f795-7e78-4530-a05b-4028a73bf078, type=BATCH, createdAt=2024-02-09T04:43:46.626944Z, updatedAt=2024-02-09T04:43:46.764024Z, namespaceUuid=e83d1ae6-05ed-4c2e-afd2-d43adea6ff8f, namespaceName=namespace, name=name, simpleName=name, parentJobName=null, description=Optional.empty, currentVersionUuid=Optional.empty, location=git@github.com:OpenLineage/OpenLineage.git, inputs=[], symlinkTargetId=null)
INFO  [2024-02-09 10:13:46,768] marquez.db.OpenLineageDao: Created new parent run record RunRow(uuid=9e033a9d-ae2d-4d9f-b739-32ba0b14e84e, createdAt=2024-02-09T04:43:46.746795Z, updatedAt=2024-02-09T04:43:46.746795Z, jobUuid=22c7f795-7e78-4530-a05b-4028a73bf078, jobVersionUuid=Optional.empty, parentRunUuid=Optional.empty, runArgsUuid=24d62af3-c795-4e93-8abc-fd2a903d6909, nominalStartTime=Optional[2024-02-09T04:00:00Z], nominalEndTime=Optional[2024-02-09T05:00:00Z], currentRunState=Optional[COMPLETED], startedAt=Optional.empty, startRunStateUuid=Optional.empty, endedAt=Optional.empty, endRunStateUuid=Optional.empty, jobName=name, namespaceName=namespace)
INFO  [2024-02-09 10:13:46,867] marquez.db.OpenLineageDao: Created new parent job record JobRow(uuid=22c7f795-7e78-4530-a05b-4028a73bf078, type=BATCH, createdAt=2024-02-09T04:43:46.626944Z, updatedAt=2024-02-09T04:43:46.864969Z, namespaceUuid=e83d1ae6-05ed-4c2e-afd2-d43adea6ff8f, namespaceName=namespace, name=name, simpleName=name, parentJobName=null, description=Optional.empty, currentVersionUuid=Optional.empty, location=git@github.com:OpenLineage/OpenLineage.git, inputs=[], symlinkTargetId=null)
INFO  [2024-02-09 10:13:46,870] marquez.db.OpenLineageDao: Created new parent run record RunRow(uuid=2a2f45c3-fd3d-4240-812f-5cefe46ced32, createdAt=2024-02-09T04:43:46.847463Z, updatedAt=2024-02-09T04:43:46.847463Z, jobUuid=22c7f795-7e78-4530-a05b-4028a73bf078, jobVersionUuid=Optional.empty, parentRunUuid=Optional.empty, runArgsUuid=24d62af3-c795-4e93-8abc-fd2a903d6909, nominalStartTime=Optional[2024-02-09T04:00:00Z], nominalEndTime=Optional[2024-02-09T05:00:00Z], currentRunState=Optional[COMPLETED], startedAt=Optional.empty, startRunStateUuid=Optional.empty, endedAt=Optional.empty, endRunStateUuid=Optional.empty, jobName=name, namespaceName=namespace)
INFO  [2024-02-09 10:13:46,990] marquez.db.migrations.V57_1__BackfillFacets: Estimating 0 events in lineage_events table
INFO  [2024-02-09 10:13:47,013] marquez.db.migrations.V57_1__BackfillFacets: Configured chunkSize is 1
INFO  [2024-02-09 10:13:47,018] marquez.db.migrations.V57_1__BackfillFacets: Migrating chunk finished processing 1 records.
INFO  [2024-02-09 10:13:47,021] marquez.db.migrations.V57_1__BackfillFacets: Migrating chunk finished processing 1 records.
INFO  [2024-02-09 10:13:47,023] marquez.db.migrations.V57_1__BackfillFacets: Migrating chunk finished processing 1 records.
INFO  [2024-02-09 10:13:47,024] marquez.db.migrations.V57_1__BackfillFacets: Migrating chunk finished processing 0 records.
INFO  [2024-02-09 10:13:47,096] marquez.db.migrations.V57_1__BackfillFacets: All records migrated
INFO  [2024-02-09 10:13:47,177] marquez.db.OpenLineageDao: Created new parent job record JobRow(uuid=2d922ef0-7dd4-4965-8955-9704031ee40a, type=BATCH, createdAt=2024-02-09T04:43:47.159026Z, updatedAt=2024-02-09T04:43:47.159026Z, namespaceUuid=ffe19003-aa39-42a9-83fd-052603a85b34, namespaceName=namespace, name=name, simpleName=name, parentJobName=null, description=Optional.empty, currentVersionUuid=Optional.empty, location=git@github.com:OpenLineage/OpenLineage.git, inputs=[], symlinkTargetId=null)
INFO  [2024-02-09 10:13:47,180] marquez.db.OpenLineageDao: Created new parent run record RunRow(uuid=fa0f5b3d-5d37-4d05-bca9-157f222ca604, createdAt=2024-02-09T04:43:47.159026Z, updatedAt=2024-02-09T04:43:47.159026Z, jobUuid=2d922ef0-7dd4-4965-8955-9704031ee40a, jobVersionUuid=Optional.empty, parentRunUuid=Optional.empty, runArgsUuid=ddd08edf-c08a-47e9-947c-baf0ff835bc1, nominalStartTime=Optional[2024-02-09T04:00:00Z], nominalEndTime=Optional[2024-02-09T05:00:00Z], currentRunState=Optional[COMPLETED], startedAt=Optional.empty, startRunStateUuid=Optional.empty, endedAt=Optional.empty, endRunStateUuid=Optional.empty, jobName=name, namespaceName=namespace)
INFO  [2024-02-09 10:13:47,291] marquez.db.migrations.V57_1__BackfillFacets: Estimating 0 events in lineage_events table
INFO  [2024-02-09 10:13:47,316] marquez.db.migrations.V57_1__BackfillFacets: Configured chunkSize is 100
INFO  [2024-02-09 10:13:47,321] marquez.db.migrations.V57_1__BackfillFacets: Migrating chunk finished processing 1 records.
INFO  [2024-02-09 10:13:47,323] marquez.db.migrations.V57_1__BackfillFacets: Migrating chunk finished processing 0 records.
INFO  [2024-02-09 10:13:47,394] marquez.db.migrations.V57_1__BackfillFacets: All records migrated
INFO  [2024-02-09 10:13:47,476] marquez.db.migrations.V57_1__BackfillFacets: Estimating 0 events in lineage_events table
INFO  [2024-02-09 10:13:47,647] marquez.db.OpenLineageDao: Created new parent job record JobRow(uuid=de1d9086-8804-4fc9-a804-36c929a6a680, type=BATCH, createdAt=2024-02-09T04:43:47.629350Z, updatedAt=2024-02-09T04:43:47.629350Z, namespaceUuid=13071cfd-0a48-4d6b-9b92-36edfadfe0f9, namespaceName=namespace, name=name, simpleName=name, parentJobName=null, description=Optional.empty, currentVersionUuid=Optional.empty, location=git@github.com:OpenLineage/OpenLineage.git, inputs=[], symlinkTargetId=null)
INFO  [2024-02-09 10:13:47,650] marquez.db.OpenLineageDao: Created new parent run record RunRow(uuid=9b590b42-977a-4583-94a8-3ba126dd8e3e, createdAt=2024-02-09T04:43:47.629350Z, updatedAt=2024-02-09T04:43:47.629350Z, jobUuid=de1d9086-8804-4fc9-a804-36c929a6a680, jobVersionUuid=Optional.empty, parentRunUuid=Optional.empty, runArgsUuid=22265d99-d392-4b5c-aa74-59f4249558b0, nominalStartTime=Optional[2024-02-09T04:00:00Z], nominalEndTime=Optional[2024-02-09T05:00:00Z], currentRunState=Optional[COMPLETED], startedAt=Optional.empty, startRunStateUuid=Optional.empty, endedAt=Optional.empty, endRunStateUuid=Optional.empty, jobName=name, namespaceName=namespace)
INFO  [2024-02-09 10:13:47,779] marquez.db.migrations.V57_1__BackfillFacets: Estimating 0 events in lineage_events table
INFO  [2024-02-09 10:13:47,803] marquez.db.migrations.V57_1__BackfillFacets: Configured chunkSize is 100
INFO  [2024-02-09 10:13:47,808] marquez.db.migrations.V57_1__BackfillFacets: Migrating chunk finished processing 1 records.
INFO  [2024-02-09 10:13:47,810] marquez.db.migrations.V57_1__BackfillFacets: Migrating chunk finished processing 0 records.
INFO  [2024-02-09 10:13:47,898] marquez.db.migrations.V57_1__BackfillFacets: All records migrated
INFO  [2024-02-09 10:13:48,040] marquez.db.migrations.V57_1__BackfillFacets: Estimating 0 events in lineage_events table
INFO  [2024-02-09 10:13:48,064] marquez.db.migrations.V57_1__BackfillFacets: Configured chunkSize is 100
INFO  [2024-02-09 10:13:48,067] marquez.db.migrations.V57_1__BackfillFacets: Migrating chunk finished processing 1 records.
INFO  [2024-02-09 10:13:48,069] marquez.db.migrations.V57_1__BackfillFacets: Migrating chunk finished processing 0 records.
INFO  [2024-02-09 10:13:48,141] marquez.db.migrations.V57_1__BackfillFacets: All records migrated
INFO  [2024-02-09 10:13:48,222] marquez.db.OpenLineageDao: Created new parent job record JobRow(uuid=a3882d57-c3bb-4934-97ac-2cd761715b95, type=BATCH, createdAt=2024-02-09T04:43:48.203572Z, updatedAt=2024-02-09T04:43:48.203572Z, namespaceUuid=b3369ca4-780f-41e2-a15a-985749562156, namespaceName=namespace, name=name, simpleName=name, parentJobName=null, description=Optional.empty, currentVersionUuid=Optional.empty, location=git@github.com:OpenLineage/OpenLineage.git, inputs=[], symlinkTargetId=null)
INFO  [2024-02-09 10:13:48,224] marquez.db.OpenLineageDao: Created new parent run record RunRow(uuid=cb2dbdc8-616f-4635-8130-14ea353315f8, createdAt=2024-02-09T04:43:48.203572Z, updatedAt=2024-02-09T04:43:48.203572Z, jobUuid=a3882d57-c3bb-4934-97ac-2cd761715b95, jobVersionUuid=Optional.empty, parentRunUuid=Optional.empty, runArgsUuid=3a84f35d-24b8-4636-97ed-e6d47757792b, nominalStartTime=Optional[2024-02-09T04:00:00Z], nominalEndTime=Optional[2024-02-09T05:00:00Z], currentRunState=Optional[COMPLETED], startedAt=Optional.empty, startRunStateUuid=Optional.empty, endedAt=Optional.empty, endRunStateUuid=Optional.empty, jobName=name, namespaceName=namespace)
INFO  [2024-02-09 10:13:48,348] marquez.db.migrations.V57_1__BackfillFacets: Estimating 0 events in lineage_events table
INFO  [2024-02-09 10:13:48,372] marquez.db.migrations.V57_1__BackfillFacets: Configured chunkSize is 100
INFO  [2024-02-09 10:13:48,376] marquez.db.migrations.V57_1__BackfillFacets: Migrating chunk finished processing 1 records.
INFO  [2024-02-09 10:13:48,378] marquez.db.migrations.V57_1__BackfillFacets: Migrating chunk finished processing 0 records.
INFO  [2024-02-09 10:13:48,449] marquez.db.migrations.V57_1__BackfillFacets: All records migrated
INFO  [2024-02-09 10:13:48,489] org.flywaydb.core.internal.license.VersionPrinter: Flyway Community Edition 8.5.13 by Redgate
INFO  [2024-02-09 10:13:48,489] org.flywaydb.core.internal.license.VersionPrinter: See what's new here: https://flywaydb.org/documentation/learnmore/releaseNotes#8.5.13
INFO  [2024-02-09 10:13:48,489] org.flywaydb.core.internal.license.VersionPrinter: 
INFO  [2024-02-09 10:13:48,507] org.flywaydb.core.internal.command.DbClean: Successfully dropped pre-schema database level objects (execution time 00:00.000s)
INFO  [2024-02-09 10:13:48,558] org.flywaydb.core.internal.command.DbClean: Successfully cleaned schema "public" (execution time 00:00.050s)
INFO  [2024-02-09 10:13:48,564] org.flywaydb.core.internal.command.DbClean: Successfully cleaned schema "public" (execution time 00:00.006s)
INFO  [2024-02-09 10:13:48,564] org.flywaydb.core.internal.command.DbClean: Successfully dropped post-schema database level objects (execution time 00:00.000s)
]]></system-out>
  <system-err><![CDATA[]]></system-err>
</testsuite>
