<?xml version="1.0" encoding="UTF-8"?>
<testsuite name="marquez.db.mappers.RunFacetsMapperTest" tests="1" skipped="0" failures="0" errors="0" timestamp="2024-02-09T04:43:45" hostname="MacBook-Air.local" time="0.002">
  <properties/>
  <testcase name="shouldMapFullRunFacets()" classname="marquez.db.mappers.RunFacetsMapperTest" time="0.002"/>
  <system-out><![CDATA[]]></system-out>
  <system-err><![CDATA[]]></system-err>
</testsuite>
