<?xml version="1.0" encoding="UTF-8"?>
<testsuite name="marquez.common.models.RunIdTest" tests="5" skipped="0" failures="0" errors="0" timestamp="2024-02-09T04:42:54" hostname="MacBook-Air.local" time="0.003">
  <properties/>
  <testcase name="testNull()" classname="marquez.common.models.RunIdTest" time="0.0"/>
  <testcase name="testForDeSerialize()" classname="marquez.common.models.RunIdTest" time="0.002"/>
  <testcase name="testForSerialize()" classname="marquez.common.models.RunIdTest" time="0.0"/>
  <testcase name="testForValue()" classname="marquez.common.models.RunIdTest" time="0.0"/>
  <testcase name="testForEquals()" classname="marquez.common.models.RunIdTest" time="0.0"/>
  <system-out><![CDATA[]]></system-out>
  <system-err><![CDATA[]]></system-err>
</testsuite>
