<?xml version="1.0" encoding="UTF-8"?>
<testsuite name="marquez.db.RunFacetsDaoTest" tests="6" skipped="0" failures="0" errors="0" timestamp="2024-02-09T04:43:41" hostname="MacBook-Air.local" time="0.722">
  <properties/>
  <testcase name="testInsertRunFacetsForSparkUnknown()" classname="marquez.db.RunFacetsDaoTest" time="0.103"/>
  <testcase name="testInsertRunFacetsForCustomFacet()" classname="marquez.db.RunFacetsDaoTest" time="0.091"/>
  <testcase name="testInsertRunFacet()" classname="marquez.db.RunFacetsDaoTest" time="0.091"/>
  <testcase name="testInsertRunFacetsForSparkLogicalPlanWhenPlanAlreadyPresent()" classname="marquez.db.RunFacetsDaoTest" time="0.181"/>
  <testcase name="testInsertRunFacetsForSparkLogicalPlan()" classname="marquez.db.RunFacetsDaoTest" time="0.092"/>
  <testcase name="testGetFacetsByRunUuid()" classname="marquez.db.RunFacetsDaoTest" time="0.164"/>
  <system-out><![CDATA[INFO  [2024-02-09 10:13:41,130] org.flywaydb.core.internal.license.VersionPrinter: Flyway Community Edition 8.5.13 by Redgate
INFO  [2024-02-09 10:13:41,130] org.flywaydb.core.internal.license.VersionPrinter: See what's new here: https://flywaydb.org/documentation/learnmore/releaseNotes#8.5.13
INFO  [2024-02-09 10:13:41,130] org.flywaydb.core.internal.license.VersionPrinter: 
INFO  [2024-02-09 10:13:41,142] org.flywaydb.core.internal.database.base.BaseDatabaseType: Database: jdbc:postgresql://localhost:55773/test (PostgreSQL 14.10)
INFO  [2024-02-09 10:13:41,154] org.flywaydb.core.internal.command.DbValidate: Successfully validated 82 migrations (execution time 00:00.007s)
INFO  [2024-02-09 10:13:41,159] org.flywaydb.core.internal.schemahistory.JdbcTableSchemaHistory: Creating Schema History table "public"."flyway_schema_history" ...
INFO  [2024-02-09 10:13:41,166] org.flywaydb.core.internal.command.DbMigrate: Current version of schema "public": << Empty Schema >>
INFO  [2024-02-09 10:13:41,168] org.flywaydb.core.internal.command.DbMigrate: Migrating schema "public" to version "1 - initial schema"
INFO  [2024-02-09 10:13:41,190] org.flywaydb.core.internal.command.DbMigrate: Migrating schema "public" to version "2 - add job contexts"
INFO  [2024-02-09 10:13:41,198] org.flywaydb.core.internal.command.DbMigrate: Migrating schema "public" to version "2.1 - alter job versions to add job context uuid"
INFO  [2024-02-09 10:13:41,206] org.flywaydb.core.internal.command.DbMigrate: Migrating schema "public" to version "3 - drop not null constraint on job location"
INFO  [2024-02-09 10:13:41,213] org.flywaydb.core.internal.command.DbMigrate: Migrating schema "public" to version "4 - add dataset fields"
INFO  [2024-02-09 10:13:41,222] org.flywaydb.core.internal.command.DbMigrate: Migrating schema "public" to version "5 - add tags"
INFO  [2024-02-09 10:13:41,232] org.flywaydb.core.internal.command.DbMigrate: Migrating schema "public" to version "6 - alter datasets to add last modified"
INFO  [2024-02-09 10:13:41,238] org.flywaydb.core.internal.command.DbMigrate: Migrating schema "public" to version "7 - alter run args to change args"
INFO  [2024-02-09 10:13:41,245] org.flywaydb.core.internal.command.DbMigrate: Migrating schema "public" to version "8 - alter datasets to change unique constraint"
INFO  [2024-02-09 10:13:41,253] org.flywaydb.core.internal.command.DbMigrate: Migrating schema "public" to version "9 - alter sources to drop composite unique constraint"
INFO  [2024-02-09 10:13:41,260] org.flywaydb.core.internal.command.DbMigrate: Migrating schema "public" to version "10 - drop unique constraint on job name"
INFO  [2024-02-09 10:13:41,267] org.flywaydb.core.internal.command.DbMigrate: Migrating schema "public" to version "11 - alter datasets to rename last modified"
INFO  [2024-02-09 10:13:41,274] org.flywaydb.core.internal.command.DbMigrate: Migrating schema "public" to version "12 - alter dataset fields to change unique constraint"
INFO  [2024-02-09 10:13:41,281] org.flywaydb.core.internal.command.DbMigrate: Migrating schema "public" to version "13 - alter run add start end state"
INFO  [2024-02-09 10:13:41,288] org.flywaydb.core.internal.command.DbMigrate: Migrating schema "public" to version "14 - index datasetversion datasetid"
INFO  [2024-02-09 10:13:41,295] org.flywaydb.core.internal.command.DbMigrate: Migrating schema "public" to version "15 - index created at and current run state on runs"
INFO  [2024-02-09 10:13:41,302] org.flywaydb.core.internal.command.DbMigrate: Migrating schema "public" to version "16 - index created at on runs"
INFO  [2024-02-09 10:13:41,310] org.flywaydb.core.internal.command.DbMigrate: Migrating schema "public" to version "17.1 - unique version constraint"
INFO  [2024-02-09 10:13:41,317] org.flywaydb.core.internal.command.DbMigrate: Migrating schema "public" to version "17.2 - open lineage"
INFO  [2024-02-09 10:13:41,324] org.flywaydb.core.internal.command.DbMigrate: Migrating schema "public" to version "18 - drop dataset constraint"
INFO  [2024-02-09 10:13:41,331] org.flywaydb.core.internal.command.DbMigrate: Migrating schema "public" to version "19 - alter run to add external id"
INFO  [2024-02-09 10:13:41,338] org.flywaydb.core.internal.command.DbMigrate: Migrating schema "public" to version "20 - drop lineage pk"
INFO  [2024-02-09 10:13:41,345] org.flywaydb.core.internal.command.DbMigrate: Migrating schema "public" to version "21 - alter jobs to add namespace name"
INFO  [2024-02-09 10:13:41,352] org.flywaydb.core.internal.command.DbMigrate: Migrating schema "public" to version "22 - alter job versions to add namespace"
INFO  [2024-02-09 10:13:41,361] org.flywaydb.core.internal.command.DbMigrate: Migrating schema "public" to version "23 - alter runs"
INFO  [2024-02-09 10:13:41,372] org.flywaydb.core.internal.command.DbMigrate: Migrating schema "public" to version "24 - alter jobs"
INFO  [2024-02-09 10:13:41,381] org.flywaydb.core.internal.command.DbMigrate: Migrating schema "public" to version "25 - alter datasets"
INFO  [2024-02-09 10:13:41,389] org.flywaydb.core.internal.command.DbMigrate: Migrating schema "public" to version "26 - alter jobs change type"
INFO  [2024-02-09 10:13:41,398] org.flywaydb.core.internal.command.DbMigrate: Migrating schema "public" to version "27 - alter runs add context"
INFO  [2024-02-09 10:13:41,405] org.flywaydb.core.internal.command.DbMigrate: Migrating schema "public" to version "28 - update jobs fix inputs"
INFO  [2024-02-09 10:13:41,413] org.flywaydb.core.internal.command.DbMigrate: Migrating schema "public" to version "29 - alter dataset versions add fields"
INFO  [2024-02-09 10:13:41,443] org.flywaydb.core.internal.command.DbMigrate: Migrating schema "public" to version "30 - alter runs change transitioned at type"
INFO  [2024-02-09 10:13:41,459] org.flywaydb.core.internal.command.DbMigrate: Migrating schema "public" to version "31 - alter job io mapping"
INFO  [2024-02-09 10:13:41,471] org.flywaydb.core.internal.command.DbMigrate: Migrating schema "public" to version "32 - index runs created at"
INFO  [2024-02-09 10:13:41,478] org.flywaydb.core.internal.command.DbMigrate: Migrating schema "public" to version "33 - index lineage events run id"
INFO  [2024-02-09 10:13:41,487] org.flywaydb.core.internal.command.DbMigrate: Migrating schema "public" to version "34 - drop not null constraint on field type"
INFO  [2024-02-09 10:13:41,494] org.flywaydb.core.internal.command.DbMigrate: Migrating schema "public" to version "35 - drop io mapping tables"
INFO  [2024-02-09 10:13:41,501] org.flywaydb.core.internal.command.DbMigrate: Migrating schema "public" to version "36 - drop run id column in lineage events"
INFO  [2024-02-09 10:13:41,509] org.flywaydb.core.internal.command.DbMigrate: Migrating schema "public" to version "37 - alter dataset fields to change type"
INFO  [2024-02-09 10:13:41,516] org.flywaydb.core.internal.command.DbMigrate: Migrating schema "public" to version "38 - alter namespaces to resize name"
INFO  [2024-02-09 10:13:41,523] org.flywaydb.core.internal.command.DbMigrate: Migrating schema "public" to version "39 - alter sources to resize name"
INFO  [2024-02-09 10:13:41,530] org.flywaydb.core.internal.command.DbMigrate: Migrating schema "public" to version "40 - alter tables resize namespace and connection url"
INFO  [2024-02-09 10:13:41,541] org.flywaydb.core.internal.command.DbMigrate: Migrating schema "public" to version "41 - add operation to dataset versions"
INFO  [2024-02-09 10:13:41,548] org.flywaydb.core.internal.command.DbMigrate: Migrating schema "public" to version "42 - add job symlink target"
INFO  [2024-02-09 10:13:41,556] org.flywaydb.core.internal.command.DbMigrate: Migrating schema "public" to version "43 - alter jobs add job parent uuid"
INFO  [2024-02-09 10:13:41,559] org.flywaydb.core.internal.sqlscript.DefaultSqlScriptExecutor: DB: index "jobs_namespace_uuid_name_key" does not exist, skipping
INFO  [2024-02-09 10:13:41,561] org.flywaydb.core.internal.sqlscript.DefaultSqlScriptExecutor: DB: ALTER TABLE / ADD CONSTRAINT USING INDEX will rename index "jobs_namespace_uuid_name_parent" to "unique_jobs_namespace_uuid_name_parent"
INFO  [2024-02-09 10:13:41,568] org.flywaydb.core.internal.command.DbMigrate: Migrating schema "public" to version "44 - runs job versions add job uuid"
INFO  [2024-02-09 10:13:41,571] org.flywaydb.core.internal.sqlscript.DefaultSqlScriptExecutor: DB: trigger "runs_insert_job_uuid" for relation "runs" does not exist, skipping
INFO  [2024-02-09 10:13:41,578] org.flywaydb.core.internal.command.DbMigrate: Migrating schema "public" to version "44.1 - UpdateRunsWithJobUUID" [non-transactional]
INFO  [2024-02-09 10:13:41,584] org.flywaydb.core.internal.command.DbMigrate: Migrating schema "public" to version "44.2 - BackfillAirflowParentRuns" [non-transactional]
INFO  [2024-02-09 10:13:41,592] org.flywaydb.core.internal.command.DbMigrate: Migrating schema "public" to version "44.3 - BackfillJobsWithParents" [non-transactional]
INFO  [2024-02-09 10:13:41,600] org.flywaydb.core.internal.command.DbMigrate: Migrating schema "public" to version "45 - update jobs view rule"
INFO  [2024-02-09 10:13:41,601] org.flywaydb.core.internal.sqlscript.DefaultSqlScriptExecutor: DB: constraint "jobs_namespace_uuid_name_key" of relation "jobs" does not exist, skipping
INFO  [2024-02-09 10:13:41,602] org.flywaydb.core.internal.sqlscript.DefaultSqlScriptExecutor: DB: index "jobs_namespace_uuid_name_key" does not exist, skipping
INFO  [2024-02-09 10:13:41,602] org.flywaydb.core.internal.sqlscript.DefaultSqlScriptExecutor: DB: constraint "jobs_namespace_uuid_name_null_parent" of relation "jobs" does not exist, skipping
INFO  [2024-02-09 10:13:41,603] org.flywaydb.core.internal.sqlscript.DefaultSqlScriptExecutor: DB: index "jobs_namespace_uuid_name_parent" does not exist, skipping
INFO  [2024-02-09 10:13:41,604] org.flywaydb.core.internal.sqlscript.DefaultSqlScriptExecutor: DB: index "unique_jobs_namespace_uuid_name_parent" does not exist, skipping
INFO  [2024-02-09 10:13:41,613] org.flywaydb.core.internal.command.DbMigrate: Migrating schema "public" to version "46 - add hidden column to jobs and datasets"
INFO  [2024-02-09 10:13:41,620] org.flywaydb.core.internal.command.DbMigrate: Migrating schema "public" to version "47 - add lineage event indexes" [non-transactional]
INFO  [2024-02-09 10:13:41,627] org.flywaydb.core.internal.command.DbMigrate: Migrating schema "public" to version "48 - dataset symlinks"
INFO  [2024-02-09 10:13:41,630] org.flywaydb.core.internal.sqlscript.DefaultSqlScriptExecutor: DB: type "dataset_name" does not exist, skipping
INFO  [2024-02-09 10:13:41,635] org.flywaydb.core.internal.command.DbMigrate: Migrating schema "public" to version "49 - column lineage"
INFO  [2024-02-09 10:13:41,642] org.flywaydb.core.internal.command.DbMigrate: Migrating schema "public" to version "50 - index dataset fields"
INFO  [2024-02-09 10:13:41,649] org.flywaydb.core.internal.command.DbMigrate: Migrating schema "public" to version "51 - job indices for lineage"
INFO  [2024-02-09 10:13:41,656] org.flywaydb.core.internal.command.DbMigrate: Migrating schema "public" to version "52 - alter dataset symlinks"
INFO  [2024-02-09 10:13:41,662] org.flywaydb.core.internal.command.DbMigrate: Migrating schema "public" to version "53 - add hidden namespace"
INFO  [2024-02-09 10:13:41,668] org.flywaydb.core.internal.command.DbMigrate: Migrating schema "public" to version "54 - lineage events created at indexed"
INFO  [2024-02-09 10:13:41,676] org.flywaydb.core.internal.command.DbMigrate: Migrating schema "public" to version "55.1 - add dataset facets"
INFO  [2024-02-09 10:13:41,684] org.flywaydb.core.internal.command.DbMigrate: Migrating schema "public" to version "55.2 - add job facets"
INFO  [2024-02-09 10:13:41,692] org.flywaydb.core.internal.command.DbMigrate: Migrating schema "public" to version "55.3 - add run facets"
INFO  [2024-02-09 10:13:41,699] org.flywaydb.core.internal.command.DbMigrate: Migrating schema "public" to version "56.1 - CreateFacetViews" [non-transactional]
INFO  [2024-02-09 10:13:41,715] org.flywaydb.core.internal.command.DbMigrate: Migrating schema "public" to version "57.1 - add migration lock"
INFO  [2024-02-09 10:13:41,721] org.flywaydb.core.internal.command.DbMigrate: Migrating schema "public" to version "57.2 - BackFillFacets" [non-transactional]
INFO  [2024-02-09 10:13:41,723] marquez.db.migrations.V57_1__BackfillFacets: Vacuuming lineage_events table
INFO  [2024-02-09 10:13:41,735] marquez.db.migrations.V57_1__BackfillFacets: Vacuuming lineage_events table finished
INFO  [2024-02-09 10:13:41,735] marquez.db.migrations.V57_1__BackfillFacets: Estimating 0 events in lineage_events table
INFO  [2024-02-09 10:13:41,748] org.flywaydb.core.internal.command.DbMigrate: Migrating schema "public" to version "58 - job fqn name index"
INFO  [2024-02-09 10:13:41,755] org.flywaydb.core.internal.command.DbMigrate: Migrating schema "public" to version "59.1 - column lineage add indexes"
INFO  [2024-02-09 10:13:41,763] org.flywaydb.core.internal.command.DbMigrate: Migrating schema "public" to version "59.2 - facet tables indexes"
INFO  [2024-02-09 10:13:41,772] org.flywaydb.core.internal.command.DbMigrate: Migrating schema "public" to version "60 - alter job versions to drop job context uuid"
INFO  [2024-02-09 10:13:41,779] org.flywaydb.core.internal.command.DbMigrate: Migrating schema "public" to version "61 - unique job fqn index"
INFO  [2024-02-09 10:13:41,790] org.flywaydb.core.internal.command.DbMigrate: Migrating schema "public" to version "62 - index run states and parent run"
INFO  [2024-02-09 10:13:41,799] org.flywaydb.core.internal.command.DbMigrate: Migrating schema "public" to version "63 - alter tables add on cascade delete"
INFO  [2024-02-09 10:13:41,834] org.flywaydb.core.internal.command.DbMigrate: Migrating schema "public" to version "64 - drop job contexts"
INFO  [2024-02-09 10:13:41,841] org.flywaydb.core.internal.command.DbMigrate: Migrating schema "public" to version "65 - alter dataset facets to change lineage event type as nullable"
INFO  [2024-02-09 10:13:41,848] org.flywaydb.core.internal.command.DbMigrate: Migrating schema "public" to version "66.1 - alter job facets"
INFO  [2024-02-09 10:13:41,856] org.flywaydb.core.internal.command.DbMigrate: Migrating schema "public" to version "66.2 - alter lineage events add event type"
INFO  [2024-02-09 10:13:41,863] org.flywaydb.core.internal.command.DbMigrate: Migrating schema "public" to version "66.3 - BackfillJobFacetsWithJobVersion" [non-transactional]
INFO  [2024-02-09 10:13:41,871] org.flywaydb.core.internal.command.DbMigrate: Migrating schema "public" to version "67.1 - job versions io mapping add job reference"
INFO  [2024-02-09 10:13:41,881] org.flywaydb.core.internal.command.DbMigrate: Migrating schema "public" to version "67.2 - Back fill job_uuid and is_current_job_version in job_versions_io_mapping table" [non-transactional]
INFO  [2024-02-09 10:13:41,890] org.flywaydb.core.internal.command.DbMigrate: Migrating schema "public" with repeatable migration "1 Jobs view and rewrite function"
INFO  [2024-02-09 10:13:41,893] org.flywaydb.core.internal.sqlscript.DefaultSqlScriptExecutor: DB: trigger "update_symlinks" for relation "jobs_view" does not exist, skipping
INFO  [2024-02-09 10:13:41,899] org.flywaydb.core.internal.command.DbMigrate: Migrating schema "public" with repeatable migration "2 Runs view"
INFO  [2024-02-09 10:13:41,907] org.flywaydb.core.internal.command.DbMigrate: Migrating schema "public" with repeatable migration "3 Datasets view"
INFO  [2024-02-09 10:13:41,908] org.flywaydb.core.internal.sqlscript.DefaultSqlScriptExecutor: DB: view "datasets_view" does not exist, skipping
INFO  [2024-02-09 10:13:41,914] org.flywaydb.core.internal.command.DbMigrate: Successfully applied 82 migrations to schema "public", now at version v67.2 (execution time 00:00.750s)
INFO  [2024-02-09 10:13:41,950] marquez.db.OpenLineageDao: Created new parent job record JobRow(uuid=910d4c9b-a1c3-4523-bf66-e5db58b67dd0, type=BATCH, createdAt=2024-02-09T04:43:41.928845Z, updatedAt=2024-02-09T04:43:41.928845Z, namespaceUuid=e0b5dc3e-c33c-4cda-bff8-d314a7383fb7, namespaceName=namespace, name=name, simpleName=name, parentJobName=null, description=Optional.empty, currentVersionUuid=Optional.empty, location=null, inputs=[], symlinkTargetId=null)
INFO  [2024-02-09 10:13:41,953] marquez.db.OpenLineageDao: Created new parent run record RunRow(uuid=c5141ceb-1d1a-49c1-ad9c-afb3af65d4e6, createdAt=2024-02-09T04:43:41.928845Z, updatedAt=2024-02-09T04:43:41.928845Z, jobUuid=910d4c9b-a1c3-4523-bf66-e5db58b67dd0, jobVersionUuid=Optional.empty, parentRunUuid=Optional.empty, runArgsUuid=c8831e54-bfd2-40e1-b444-c914cf67fe65, nominalStartTime=Optional[2024-02-09T04:00:00Z], nominalEndTime=Optional[2024-02-09T05:00:00Z], currentRunState=Optional[COMPLETED], startedAt=Optional.empty, startRunStateUuid=Optional.empty, endedAt=Optional.empty, endRunStateUuid=Optional.empty, jobName=name, namespaceName=namespace)
INFO  [2024-02-09 10:13:42,050] marquez.db.OpenLineageDao: Created new parent job record JobRow(uuid=73d13651-b2b6-47a4-bd02-6802bb0508af, type=BATCH, createdAt=2024-02-09T04:43:42.031323Z, updatedAt=2024-02-09T04:43:42.031323Z, namespaceUuid=4822e3f2-5efc-4605-9afc-0e29971aeb99, namespaceName=namespace, name=name, simpleName=name, parentJobName=null, description=Optional.empty, currentVersionUuid=Optional.empty, location=null, inputs=[], symlinkTargetId=null)
INFO  [2024-02-09 10:13:42,052] marquez.db.OpenLineageDao: Created new parent run record RunRow(uuid=883c45d0-6985-448a-8cf9-dc6daa5dd17e, createdAt=2024-02-09T04:43:42.031323Z, updatedAt=2024-02-09T04:43:42.031323Z, jobUuid=73d13651-b2b6-47a4-bd02-6802bb0508af, jobVersionUuid=Optional.empty, parentRunUuid=Optional.empty, runArgsUuid=411bc2a1-8c8c-4315-973d-3039f3a74eea, nominalStartTime=Optional[2024-02-09T04:00:00Z], nominalEndTime=Optional[2024-02-09T05:00:00Z], currentRunState=Optional[COMPLETED], startedAt=Optional.empty, startRunStateUuid=Optional.empty, endedAt=Optional.empty, endRunStateUuid=Optional.empty, jobName=name, namespaceName=namespace)
INFO  [2024-02-09 10:13:42,142] marquez.db.OpenLineageDao: Created new parent job record JobRow(uuid=75d94cb1-903a-43d2-aff5-c82c4a1668c0, type=BATCH, createdAt=2024-02-09T04:43:42.122774Z, updatedAt=2024-02-09T04:43:42.122774Z, namespaceUuid=526d9e03-e3b6-41e4-b2a9-b36c398d6744, namespaceName=namespace, name=name, simpleName=name, parentJobName=null, description=Optional.empty, currentVersionUuid=Optional.empty, location=null, inputs=[], symlinkTargetId=null)
INFO  [2024-02-09 10:13:42,144] marquez.db.OpenLineageDao: Created new parent run record RunRow(uuid=d42defb3-7bc9-43e8-9c3a-12791d4d9a49, createdAt=2024-02-09T04:43:42.122774Z, updatedAt=2024-02-09T04:43:42.122774Z, jobUuid=75d94cb1-903a-43d2-aff5-c82c4a1668c0, jobVersionUuid=Optional.empty, parentRunUuid=Optional.empty, runArgsUuid=fa057940-1c1a-4e78-ab23-f9c2cb7b80eb, nominalStartTime=Optional[2024-02-09T04:00:00Z], nominalEndTime=Optional[2024-02-09T05:00:00Z], currentRunState=Optional[COMPLETED], startedAt=Optional.empty, startRunStateUuid=Optional.empty, endedAt=Optional.empty, endRunStateUuid=Optional.empty, jobName=name, namespaceName=namespace)
INFO  [2024-02-09 10:13:42,232] marquez.db.OpenLineageDao: Created new parent job record JobRow(uuid=f426a64e-1ec2-4b61-a41a-0419246cf85f, type=BATCH, createdAt=2024-02-09T04:43:42.213503Z, updatedAt=2024-02-09T04:43:42.213503Z, namespaceUuid=adb95579-166b-4282-a91d-4fa2679f4e18, namespaceName=namespace, name=name, simpleName=name, parentJobName=null, description=Optional.empty, currentVersionUuid=Optional.empty, location=null, inputs=[], symlinkTargetId=null)
INFO  [2024-02-09 10:13:42,234] marquez.db.OpenLineageDao: Created new parent run record RunRow(uuid=320e5c27-1f03-4987-912b-2fe33585025c, createdAt=2024-02-09T04:43:42.213503Z, updatedAt=2024-02-09T04:43:42.213503Z, jobUuid=f426a64e-1ec2-4b61-a41a-0419246cf85f, jobVersionUuid=Optional.empty, parentRunUuid=Optional.empty, runArgsUuid=4d1316fa-4e52-4dbe-8b83-a7096500757b, nominalStartTime=Optional[2024-02-09T04:00:00Z], nominalEndTime=Optional[2024-02-09T05:00:00Z], currentRunState=Optional[COMPLETED], startedAt=Optional.empty, startRunStateUuid=Optional.empty, endedAt=Optional.empty, endRunStateUuid=Optional.empty, jobName=name, namespaceName=namespace)
INFO  [2024-02-09 10:13:42,296] marquez.db.OpenLineageDao: Created new parent job record JobRow(uuid=f426a64e-1ec2-4b61-a41a-0419246cf85f, type=BATCH, createdAt=2024-02-09T04:43:42.213503Z, updatedAt=2024-02-09T04:43:42.294016Z, namespaceUuid=adb95579-166b-4282-a91d-4fa2679f4e18, namespaceName=namespace, name=name, simpleName=name, parentJobName=null, description=Optional.empty, currentVersionUuid=Optional.empty, location=null, inputs=[], symlinkTargetId=null)
INFO  [2024-02-09 10:13:42,298] marquez.db.OpenLineageDao: Created new parent run record RunRow(uuid=9b09c23d-f5b9-4a30-8582-6361a96aa6a3, createdAt=2024-02-09T04:43:42.278257Z, updatedAt=2024-02-09T04:43:42.278257Z, jobUuid=f426a64e-1ec2-4b61-a41a-0419246cf85f, jobVersionUuid=Optional.empty, parentRunUuid=Optional.empty, runArgsUuid=4d1316fa-4e52-4dbe-8b83-a7096500757b, nominalStartTime=Optional[2024-02-09T04:00:00Z], nominalEndTime=Optional[2024-02-09T05:00:00Z], currentRunState=Optional[COMPLETED], startedAt=Optional.empty, startRunStateUuid=Optional.empty, endedAt=Optional.empty, endRunStateUuid=Optional.empty, jobName=name, namespaceName=namespace)
INFO  [2024-02-09 10:13:42,344] marquez.db.RunFacetsDao: Facet 'spark.logicalPlan' has already been linked to run '3e90c13f-e324-412c-9c06-e052f7b159ff', skipping...
INFO  [2024-02-09 10:13:42,413] marquez.db.OpenLineageDao: Created new parent job record JobRow(uuid=46cc5c63-7588-4e6c-8e7d-aef0b9d40a47, type=BATCH, createdAt=2024-02-09T04:43:42.394704Z, updatedAt=2024-02-09T04:43:42.394704Z, namespaceUuid=d59fd3c1-c51a-4a8c-97f3-dbaede7ffb00, namespaceName=namespace, name=name, simpleName=name, parentJobName=null, description=Optional.empty, currentVersionUuid=Optional.empty, location=null, inputs=[], symlinkTargetId=null)
INFO  [2024-02-09 10:13:42,415] marquez.db.OpenLineageDao: Created new parent run record RunRow(uuid=231f9cfa-080c-4c97-840e-5f90ed9ccf7e, createdAt=2024-02-09T04:43:42.394704Z, updatedAt=2024-02-09T04:43:42.394704Z, jobUuid=46cc5c63-7588-4e6c-8e7d-aef0b9d40a47, jobVersionUuid=Optional.empty, parentRunUuid=Optional.empty, runArgsUuid=9a67b616-eff4-4fce-8e20-693f9d7b43e4, nominalStartTime=Optional[2024-02-09T04:00:00Z], nominalEndTime=Optional[2024-02-09T05:00:00Z], currentRunState=Optional[COMPLETED], startedAt=Optional.empty, startRunStateUuid=Optional.empty, endedAt=Optional.empty, endRunStateUuid=Optional.empty, jobName=name, namespaceName=namespace)
INFO  [2024-02-09 10:13:42,511] marquez.db.OpenLineageDao: Created new parent job record JobRow(uuid=67a8bd1d-5f29-40d9-b936-bb404e341c71, type=BATCH, createdAt=2024-02-09T04:43:42.486846Z, updatedAt=2024-02-09T04:43:42.486846Z, namespaceUuid=56858618-bd5c-443a-8987-12a83aba08a2, namespaceName=namespace, name=name, simpleName=name, parentJobName=null, description=Optional.empty, currentVersionUuid=Optional.empty, location=null, inputs=[], symlinkTargetId=null)
INFO  [2024-02-09 10:13:42,514] marquez.db.OpenLineageDao: Created new parent run record RunRow(uuid=34b6d937-67a4-40f0-9d19-9eea7211ac91, createdAt=2024-02-09T04:43:42.486846Z, updatedAt=2024-02-09T04:43:42.486846Z, jobUuid=67a8bd1d-5f29-40d9-b936-bb404e341c71, jobVersionUuid=Optional.empty, parentRunUuid=Optional.empty, runArgsUuid=374cdad0-47b5-4319-80c7-6277d7c30899, nominalStartTime=Optional[2024-02-09T04:00:00Z], nominalEndTime=Optional[2024-02-09T05:00:00Z], currentRunState=Optional[COMPLETED], startedAt=Optional.empty, startRunStateUuid=Optional.empty, endedAt=Optional.empty, endRunStateUuid=Optional.empty, jobName=name, namespaceName=namespace)
INFO  [2024-02-09 10:13:42,577] marquez.db.OpenLineageDao: Created new parent job record JobRow(uuid=67a8bd1d-5f29-40d9-b936-bb404e341c71, type=BATCH, createdAt=2024-02-09T04:43:42.486846Z, updatedAt=2024-02-09T04:43:42.575221Z, namespaceUuid=56858618-bd5c-443a-8987-12a83aba08a2, namespaceName=namespace, name=name, simpleName=name, parentJobName=null, description=Optional.empty, currentVersionUuid=Optional.empty, location=git@github.com:OpenLineage/OpenLineage.git, inputs=[], symlinkTargetId=null)
INFO  [2024-02-09 10:13:42,579] marquez.db.OpenLineageDao: Created new parent run record RunRow(uuid=11c1b00c-f1e9-42d6-832b-b8d44cb8db77, createdAt=2024-02-09T04:43:42.558994Z, updatedAt=2024-02-09T04:43:42.558994Z, jobUuid=67a8bd1d-5f29-40d9-b936-bb404e341c71, jobVersionUuid=Optional.empty, parentRunUuid=Optional.empty, runArgsUuid=374cdad0-47b5-4319-80c7-6277d7c30899, nominalStartTime=Optional[2024-02-09T04:00:00Z], nominalEndTime=Optional[2024-02-09T05:00:00Z], currentRunState=Optional[COMPLETED], startedAt=Optional.empty, startRunStateUuid=Optional.empty, endedAt=Optional.empty, endRunStateUuid=Optional.empty, jobName=name, namespaceName=namespace)
INFO  [2024-02-09 10:13:42,650] org.flywaydb.core.internal.license.VersionPrinter: Flyway Community Edition 8.5.13 by Redgate
INFO  [2024-02-09 10:13:42,650] org.flywaydb.core.internal.license.VersionPrinter: See what's new here: https://flywaydb.org/documentation/learnmore/releaseNotes#8.5.13
INFO  [2024-02-09 10:13:42,650] org.flywaydb.core.internal.license.VersionPrinter: 
INFO  [2024-02-09 10:13:42,667] org.flywaydb.core.internal.command.DbClean: Successfully dropped pre-schema database level objects (execution time 00:00.000s)
INFO  [2024-02-09 10:13:42,715] org.flywaydb.core.internal.command.DbClean: Successfully cleaned schema "public" (execution time 00:00.047s)
INFO  [2024-02-09 10:13:42,722] org.flywaydb.core.internal.command.DbClean: Successfully cleaned schema "public" (execution time 00:00.006s)
INFO  [2024-02-09 10:13:42,722] org.flywaydb.core.internal.command.DbClean: Successfully dropped post-schema database level objects (execution time 00:00.000s)
]]></system-out>
  <system-err><![CDATA[]]></system-err>
</testsuite>
