<?xml version="1.0" encoding="UTF-8"?>
<testsuite name="marquez.FlowIntegrationTest" tests="4" skipped="0" failures="0" errors="0" timestamp="2024-02-09T04:42:36" hostname="MacBook-Air.local" time="0.722">
  <properties/>
  <testcase name="testSameInputAndOutputDatasetCreatedViaDatasetApi()" classname="marquez.FlowIntegrationTest" time="0.238"/>
  <testcase name="testSameInputAndOutputDatasetWithJobRunIdUpdatedAtTheEnd()" classname="marquez.FlowIntegrationTest" time="0.151"/>
  <testcase name="testOutputVersionShouldBeOnlyOneCreatedViaJobAndDatasetApi()" classname="marquez.FlowIntegrationTest" time="0.166"/>
  <testcase name="testSameInputAndOutputDatasetWithJobRunIdUpdated()" classname="marquez.FlowIntegrationTest" time="0.165"/>
  <system-out><![CDATA[INFO  [2024-02-09 04:42:34,921] io.dropwizard.server.DefaultServerFactory: Registering jersey handler with root path prefix: /
INFO  [2024-02-09 04:42:34,921] io.dropwizard.server.DefaultServerFactory: Registering admin handler with root path prefix: /
INFO  [2024-02-09 04:42:34,921] io.dropwizard.assets.AssetsBundle: Registering AssetBundle with name: graphql-playground for path /graphql-playground/*
INFO  [2024-02-09 04:42:34,921] marquez.MarquezApp: Running startup actions...
INFO  [2024-02-09 04:42:34,921] org.flywaydb.core.internal.license.VersionPrinter: Flyway Community Edition 8.5.13 by Redgate
INFO  [2024-02-09 04:42:34,921] org.flywaydb.core.internal.license.VersionPrinter: See what's new here: https://flywaydb.org/documentation/learnmore/releaseNotes#8.5.13
INFO  [2024-02-09 04:42:34,921] org.flywaydb.core.internal.license.VersionPrinter: 
INFO  [2024-02-09 04:42:35,033] org.flywaydb.core.internal.database.base.BaseDatabaseType: Database: jdbc:postgresql://localhost:55773/test (PostgreSQL 14.10)
INFO  [2024-02-09 04:42:35,051] marquez.db.DbMigration: Migrating database...
INFO  [2024-02-09 04:42:35,051] org.flywaydb.core.internal.license.VersionPrinter: Flyway Community Edition 8.5.13 by Redgate
INFO  [2024-02-09 04:42:35,051] org.flywaydb.core.internal.license.VersionPrinter: See what's new here: https://flywaydb.org/documentation/learnmore/releaseNotes#8.5.13
INFO  [2024-02-09 04:42:35,051] org.flywaydb.core.internal.license.VersionPrinter: 
INFO  [2024-02-09 04:42:35,061] org.flywaydb.core.internal.schemahistory.JdbcTableSchemaHistory: Creating Schema History table "public"."flyway_schema_history" ...
INFO  [2024-02-09 04:42:35,080] org.flywaydb.core.internal.command.DbMigrate: Current version of schema "public": << Empty Schema >>
INFO  [2024-02-09 04:42:35,088] org.flywaydb.core.internal.command.DbMigrate: Migrating schema "public" to version "1 - initial schema"
INFO  [2024-02-09 04:42:35,113] org.flywaydb.core.internal.command.DbMigrate: Migrating schema "public" to version "2 - add job contexts"
INFO  [2024-02-09 04:42:35,123] org.flywaydb.core.internal.command.DbMigrate: Migrating schema "public" to version "2.1 - alter job versions to add job context uuid"
INFO  [2024-02-09 04:42:35,132] org.flywaydb.core.internal.command.DbMigrate: Migrating schema "public" to version "3 - drop not null constraint on job location"
INFO  [2024-02-09 04:42:35,140] org.flywaydb.core.internal.command.DbMigrate: Migrating schema "public" to version "4 - add dataset fields"
INFO  [2024-02-09 04:42:35,151] org.flywaydb.core.internal.command.DbMigrate: Migrating schema "public" to version "5 - add tags"
INFO  [2024-02-09 04:42:35,162] org.flywaydb.core.internal.command.DbMigrate: Migrating schema "public" to version "6 - alter datasets to add last modified"
INFO  [2024-02-09 04:42:35,170] org.flywaydb.core.internal.command.DbMigrate: Migrating schema "public" to version "7 - alter run args to change args"
INFO  [2024-02-09 04:42:35,178] org.flywaydb.core.internal.command.DbMigrate: Migrating schema "public" to version "8 - alter datasets to change unique constraint"
INFO  [2024-02-09 04:42:35,188] org.flywaydb.core.internal.command.DbMigrate: Migrating schema "public" to version "9 - alter sources to drop composite unique constraint"
INFO  [2024-02-09 04:42:35,196] org.flywaydb.core.internal.command.DbMigrate: Migrating schema "public" to version "10 - drop unique constraint on job name"
INFO  [2024-02-09 04:42:35,205] org.flywaydb.core.internal.command.DbMigrate: Migrating schema "public" to version "11 - alter datasets to rename last modified"
INFO  [2024-02-09 04:42:35,213] org.flywaydb.core.internal.command.DbMigrate: Migrating schema "public" to version "12 - alter dataset fields to change unique constraint"
INFO  [2024-02-09 04:42:35,222] org.flywaydb.core.internal.command.DbMigrate: Migrating schema "public" to version "13 - alter run add start end state"
INFO  [2024-02-09 04:42:35,231] org.flywaydb.core.internal.command.DbMigrate: Migrating schema "public" to version "14 - index datasetversion datasetid"
INFO  [2024-02-09 04:42:35,240] org.flywaydb.core.internal.command.DbMigrate: Migrating schema "public" to version "15 - index created at and current run state on runs"
INFO  [2024-02-09 04:42:35,248] org.flywaydb.core.internal.command.DbMigrate: Migrating schema "public" to version "16 - index created at on runs"
INFO  [2024-02-09 04:42:35,256] org.flywaydb.core.internal.command.DbMigrate: Migrating schema "public" to version "17.1 - unique version constraint"
INFO  [2024-02-09 04:42:35,264] org.flywaydb.core.internal.command.DbMigrate: Migrating schema "public" to version "17.2 - open lineage"
INFO  [2024-02-09 04:42:35,273] org.flywaydb.core.internal.command.DbMigrate: Migrating schema "public" to version "18 - drop dataset constraint"
INFO  [2024-02-09 04:42:35,281] org.flywaydb.core.internal.command.DbMigrate: Migrating schema "public" to version "19 - alter run to add external id"
INFO  [2024-02-09 04:42:35,289] org.flywaydb.core.internal.command.DbMigrate: Migrating schema "public" to version "20 - drop lineage pk"
INFO  [2024-02-09 04:42:35,297] org.flywaydb.core.internal.command.DbMigrate: Migrating schema "public" to version "21 - alter jobs to add namespace name"
INFO  [2024-02-09 04:42:35,306] org.flywaydb.core.internal.command.DbMigrate: Migrating schema "public" to version "22 - alter job versions to add namespace"
INFO  [2024-02-09 04:42:35,316] org.flywaydb.core.internal.command.DbMigrate: Migrating schema "public" to version "23 - alter runs"
INFO  [2024-02-09 04:42:35,329] org.flywaydb.core.internal.command.DbMigrate: Migrating schema "public" to version "24 - alter jobs"
INFO  [2024-02-09 04:42:35,341] org.flywaydb.core.internal.command.DbMigrate: Migrating schema "public" to version "25 - alter datasets"
INFO  [2024-02-09 04:42:35,351] org.flywaydb.core.internal.command.DbMigrate: Migrating schema "public" to version "26 - alter jobs change type"
INFO  [2024-02-09 04:42:35,360] org.flywaydb.core.internal.command.DbMigrate: Migrating schema "public" to version "27 - alter runs add context"
INFO  [2024-02-09 04:42:35,369] org.flywaydb.core.internal.command.DbMigrate: Migrating schema "public" to version "28 - update jobs fix inputs"
INFO  [2024-02-09 04:42:35,378] org.flywaydb.core.internal.command.DbMigrate: Migrating schema "public" to version "29 - alter dataset versions add fields"
INFO  [2024-02-09 04:42:35,412] org.flywaydb.core.internal.command.DbMigrate: Migrating schema "public" to version "30 - alter runs change transitioned at type"
INFO  [2024-02-09 04:42:35,423] org.flywaydb.core.internal.command.DbMigrate: Migrating schema "public" to version "31 - alter job io mapping"
INFO  [2024-02-09 04:42:35,436] org.flywaydb.core.internal.command.DbMigrate: Migrating schema "public" to version "32 - index runs created at"
INFO  [2024-02-09 04:42:35,444] org.flywaydb.core.internal.command.DbMigrate: Migrating schema "public" to version "33 - index lineage events run id"
INFO  [2024-02-09 04:42:35,455] org.flywaydb.core.internal.command.DbMigrate: Migrating schema "public" to version "34 - drop not null constraint on field type"
INFO  [2024-02-09 04:42:35,463] org.flywaydb.core.internal.command.DbMigrate: Migrating schema "public" to version "35 - drop io mapping tables"
INFO  [2024-02-09 04:42:35,472] org.flywaydb.core.internal.command.DbMigrate: Migrating schema "public" to version "36 - drop run id column in lineage events"
INFO  [2024-02-09 04:42:35,482] org.flywaydb.core.internal.command.DbMigrate: Migrating schema "public" to version "37 - alter dataset fields to change type"
INFO  [2024-02-09 04:42:35,491] org.flywaydb.core.internal.command.DbMigrate: Migrating schema "public" to version "38 - alter namespaces to resize name"
INFO  [2024-02-09 04:42:35,499] org.flywaydb.core.internal.command.DbMigrate: Migrating schema "public" to version "39 - alter sources to resize name"
INFO  [2024-02-09 04:42:35,514] org.flywaydb.core.internal.command.DbMigrate: Migrating schema "public" to version "40 - alter tables resize namespace and connection url"
INFO  [2024-02-09 04:42:35,527] org.flywaydb.core.internal.command.DbMigrate: Migrating schema "public" to version "41 - add operation to dataset versions"
INFO  [2024-02-09 04:42:35,535] org.flywaydb.core.internal.command.DbMigrate: Migrating schema "public" to version "42 - add job symlink target"
INFO  [2024-02-09 04:42:35,544] org.flywaydb.core.internal.command.DbMigrate: Migrating schema "public" to version "43 - alter jobs add job parent uuid"
INFO  [2024-02-09 04:42:35,548] org.flywaydb.core.internal.sqlscript.DefaultSqlScriptExecutor: DB: index "jobs_namespace_uuid_name_key" does not exist, skipping
INFO  [2024-02-09 04:42:35,550] org.flywaydb.core.internal.sqlscript.DefaultSqlScriptExecutor: DB: ALTER TABLE / ADD CONSTRAINT USING INDEX will rename index "jobs_namespace_uuid_name_parent" to "unique_jobs_namespace_uuid_name_parent"
INFO  [2024-02-09 04:42:35,558] org.flywaydb.core.internal.command.DbMigrate: Migrating schema "public" to version "44 - runs job versions add job uuid"
INFO  [2024-02-09 04:42:35,562] org.flywaydb.core.internal.sqlscript.DefaultSqlScriptExecutor: DB: trigger "runs_insert_job_uuid" for relation "runs" does not exist, skipping
INFO  [2024-02-09 04:42:35,570] org.flywaydb.core.internal.command.DbMigrate: Migrating schema "public" to version "44.1 - UpdateRunsWithJobUUID" [non-transactional]
INFO  [2024-02-09 04:42:35,577] org.flywaydb.core.internal.command.DbMigrate: Migrating schema "public" to version "44.2 - BackfillAirflowParentRuns" [non-transactional]
INFO  [2024-02-09 04:42:35,586] org.flywaydb.core.internal.command.DbMigrate: Migrating schema "public" to version "44.3 - BackfillJobsWithParents" [non-transactional]
INFO  [2024-02-09 04:42:35,597] org.flywaydb.core.internal.command.DbMigrate: Migrating schema "public" to version "45 - update jobs view rule"
INFO  [2024-02-09 04:42:35,598] org.flywaydb.core.internal.sqlscript.DefaultSqlScriptExecutor: DB: constraint "jobs_namespace_uuid_name_key" of relation "jobs" does not exist, skipping
INFO  [2024-02-09 04:42:35,599] org.flywaydb.core.internal.sqlscript.DefaultSqlScriptExecutor: DB: index "jobs_namespace_uuid_name_key" does not exist, skipping
INFO  [2024-02-09 04:42:35,599] org.flywaydb.core.internal.sqlscript.DefaultSqlScriptExecutor: DB: constraint "jobs_namespace_uuid_name_null_parent" of relation "jobs" does not exist, skipping
INFO  [2024-02-09 04:42:35,603] org.flywaydb.core.internal.sqlscript.DefaultSqlScriptExecutor: DB: index "jobs_namespace_uuid_name_parent" does not exist, skipping
INFO  [2024-02-09 04:42:35,604] org.flywaydb.core.internal.sqlscript.DefaultSqlScriptExecutor: DB: index "unique_jobs_namespace_uuid_name_parent" does not exist, skipping
INFO  [2024-02-09 04:42:35,615] org.flywaydb.core.internal.command.DbMigrate: Migrating schema "public" to version "46 - add hidden column to jobs and datasets"
INFO  [2024-02-09 04:42:35,623] org.flywaydb.core.internal.command.DbMigrate: Migrating schema "public" to version "47 - add lineage event indexes" [non-transactional]
INFO  [2024-02-09 04:42:35,631] org.flywaydb.core.internal.command.DbMigrate: Migrating schema "public" to version "48 - dataset symlinks"
INFO  [2024-02-09 04:42:35,634] org.flywaydb.core.internal.sqlscript.DefaultSqlScriptExecutor: DB: type "dataset_name" does not exist, skipping
INFO  [2024-02-09 04:42:35,642] org.flywaydb.core.internal.command.DbMigrate: Migrating schema "public" to version "49 - column lineage"
INFO  [2024-02-09 04:42:35,652] org.flywaydb.core.internal.command.DbMigrate: Migrating schema "public" to version "50 - index dataset fields"
INFO  [2024-02-09 04:42:35,660] org.flywaydb.core.internal.command.DbMigrate: Migrating schema "public" to version "51 - job indices for lineage"
INFO  [2024-02-09 04:42:35,669] org.flywaydb.core.internal.command.DbMigrate: Migrating schema "public" to version "52 - alter dataset symlinks"
INFO  [2024-02-09 04:42:35,678] org.flywaydb.core.internal.command.DbMigrate: Migrating schema "public" to version "53 - add hidden namespace"
INFO  [2024-02-09 04:42:35,685] org.flywaydb.core.internal.command.DbMigrate: Migrating schema "public" to version "54 - lineage events created at indexed"
INFO  [2024-02-09 04:42:35,694] org.flywaydb.core.internal.command.DbMigrate: Migrating schema "public" to version "55.1 - add dataset facets"
INFO  [2024-02-09 04:42:35,702] org.flywaydb.core.internal.command.DbMigrate: Migrating schema "public" to version "55.2 - add job facets"
INFO  [2024-02-09 04:42:35,712] org.flywaydb.core.internal.command.DbMigrate: Migrating schema "public" to version "55.3 - add run facets"
INFO  [2024-02-09 04:42:35,722] org.flywaydb.core.internal.command.DbMigrate: Migrating schema "public" to version "56.1 - CreateFacetViews" [non-transactional]
INFO  [2024-02-09 04:42:35,752] org.flywaydb.core.internal.command.DbMigrate: Migrating schema "public" to version "57.1 - add migration lock"
INFO  [2024-02-09 04:42:35,762] org.flywaydb.core.internal.command.DbMigrate: Migrating schema "public" to version "57.2 - BackFillFacets" [non-transactional]
INFO  [2024-02-09 04:42:35,765] marquez.db.migrations.V57_1__BackfillFacets: Vacuuming lineage_events table
INFO  [2024-02-09 04:42:35,776] marquez.db.migrations.V57_1__BackfillFacets: Vacuuming lineage_events table finished
INFO  [2024-02-09 04:42:35,777] marquez.db.migrations.V57_1__BackfillFacets: Estimating 0 events in lineage_events table
INFO  [2024-02-09 04:42:35,792] org.flywaydb.core.internal.command.DbMigrate: Migrating schema "public" to version "58 - job fqn name index"
INFO  [2024-02-09 04:42:35,800] org.flywaydb.core.internal.command.DbMigrate: Migrating schema "public" to version "59.1 - column lineage add indexes"
INFO  [2024-02-09 04:42:35,809] org.flywaydb.core.internal.command.DbMigrate: Migrating schema "public" to version "59.2 - facet tables indexes"
INFO  [2024-02-09 04:42:35,820] org.flywaydb.core.internal.command.DbMigrate: Migrating schema "public" to version "60 - alter job versions to drop job context uuid"
INFO  [2024-02-09 04:42:35,827] org.flywaydb.core.internal.command.DbMigrate: Migrating schema "public" to version "61 - unique job fqn index"
INFO  [2024-02-09 04:42:35,840] org.flywaydb.core.internal.command.DbMigrate: Migrating schema "public" to version "62 - index run states and parent run"
INFO  [2024-02-09 04:42:35,851] org.flywaydb.core.internal.command.DbMigrate: Migrating schema "public" to version "63 - alter tables add on cascade delete"
INFO  [2024-02-09 04:42:35,888] org.flywaydb.core.internal.command.DbMigrate: Migrating schema "public" to version "64 - drop job contexts"
INFO  [2024-02-09 04:42:35,896] org.flywaydb.core.internal.command.DbMigrate: Migrating schema "public" to version "65 - alter dataset facets to change lineage event type as nullable"
INFO  [2024-02-09 04:42:35,903] org.flywaydb.core.internal.command.DbMigrate: Migrating schema "public" to version "66.1 - alter job facets"
INFO  [2024-02-09 04:42:35,911] org.flywaydb.core.internal.command.DbMigrate: Migrating schema "public" to version "66.2 - alter lineage events add event type"
INFO  [2024-02-09 04:42:35,919] org.flywaydb.core.internal.command.DbMigrate: Migrating schema "public" to version "66.3 - BackfillJobFacetsWithJobVersion" [non-transactional]
INFO  [2024-02-09 04:42:35,927] org.flywaydb.core.internal.command.DbMigrate: Migrating schema "public" to version "67.1 - job versions io mapping add job reference"
INFO  [2024-02-09 04:42:35,938] org.flywaydb.core.internal.command.DbMigrate: Migrating schema "public" to version "67.2 - Back fill job_uuid and is_current_job_version in job_versions_io_mapping table" [non-transactional]
INFO  [2024-02-09 04:42:35,947] org.flywaydb.core.internal.command.DbMigrate: Migrating schema "public" with repeatable migration "1 Jobs view and rewrite function"
INFO  [2024-02-09 04:42:35,951] org.flywaydb.core.internal.sqlscript.DefaultSqlScriptExecutor: DB: trigger "update_symlinks" for relation "jobs_view" does not exist, skipping
INFO  [2024-02-09 04:42:35,959] org.flywaydb.core.internal.command.DbMigrate: Migrating schema "public" with repeatable migration "2 Runs view"
INFO  [2024-02-09 04:42:35,967] org.flywaydb.core.internal.command.DbMigrate: Migrating schema "public" with repeatable migration "3 Datasets view"
INFO  [2024-02-09 04:42:35,969] org.flywaydb.core.internal.sqlscript.DefaultSqlScriptExecutor: DB: view "datasets_view" does not exist, skipping
INFO  [2024-02-09 04:42:35,975] org.flywaydb.core.internal.command.DbMigrate: Successfully applied 82 migrations to schema "public", now at version v67.2 (execution time 00:00.904s)
INFO  [2024-02-09 04:42:35,977] marquez.db.DbMigration: Successfully applied '82' migrations to database.
INFO  [2024-02-09 04:42:36,013] io.dropwizard.server.ServerFactory: Starting MarquezApp
    __  ___
   /  |/  /___ __________ ___  _____  ____
  / /|_/ / __ `/ ___/ __ `/ / / / _ \/_  /
 / /  / / /_/ / /  / /_/ / /_/ /  __/ / /_
/_/  /_/\__,_/_/   \__, /\__,_/\___/ /___/
                     /_/
INFO  [2024-02-09 04:42:36,015] org.eclipse.jetty.setuid.SetUIDListener: Opened application@254b2da{HTTP/1.1, (http/1.1)}{0.0.0.0:8080}
INFO  [2024-02-09 04:42:36,015] org.eclipse.jetty.setuid.SetUIDListener: Opened admin@6412084c{HTTP/1.1, (http/1.1)}{0.0.0.0:8081}
INFO  [2024-02-09 04:42:36,015] org.eclipse.jetty.server.Server: jetty-9.4.53.v20231009; built: 2023-10-09T12:29:09.265Z; git: 27bde00a0b95a1d5bbee0eae7984f891d2d0f8c9; jvm 20.0.1

INFO  [2024-02-09 04:42:36,076] io.dropwizard.jersey.DropwizardResourceConfig: The following paths were found for the configured resources:

    GET     /api/v1/column-lineage (marquez.api.ColumnLineageResource)
    GET     /api/v1/events/lineage (marquez.api.OpenLineageResource)
    GET     /api/v1/jobs/runs/{id}/ (marquez.api.RunResource)
    POST    /api/v1/jobs/runs/{id}/abort (marquez.api.RunResource)
    POST    /api/v1/jobs/runs/{id}/complete (marquez.api.RunResource)
    GET     /api/v1/jobs/runs/{id}/facets (marquez.api.JobResource)
    POST    /api/v1/jobs/runs/{id}/fail (marquez.api.RunResource)
    POST    /api/v1/jobs/runs/{id}/start (marquez.api.RunResource)
    GET     /api/v1/lineage (marquez.api.OpenLineageResource)
    POST    /api/v1/lineage (marquez.api.OpenLineageResource)
    GET     /api/v1/namespaces (marquez.api.NamespaceResource)
    DELETE  /api/v1/namespaces/{namespace} (marquez.api.NamespaceResource)
    GET     /api/v1/namespaces/{namespace} (marquez.api.NamespaceResource)
    PUT     /api/v1/namespaces/{namespace} (marquez.api.NamespaceResource)
    GET     /api/v1/namespaces/{namespace}/datasets (marquez.api.DatasetResource)
    DELETE  /api/v1/namespaces/{namespace}/datasets/{dataset} (marquez.api.DatasetResource)
    GET     /api/v1/namespaces/{namespace}/datasets/{dataset} (marquez.api.DatasetResource)
    PUT     /api/v1/namespaces/{namespace}/datasets/{dataset} (marquez.api.DatasetResource)
    DELETE  /api/v1/namespaces/{namespace}/datasets/{dataset}/fields/{field}/tags/{tag} (marquez.api.DatasetResource)
    POST    /api/v1/namespaces/{namespace}/datasets/{dataset}/fields/{field}/tags/{tag} (marquez.api.DatasetResource)
    DELETE  /api/v1/namespaces/{namespace}/datasets/{dataset}/tags/{tag} (marquez.api.DatasetResource)
    POST    /api/v1/namespaces/{namespace}/datasets/{dataset}/tags/{tag} (marquez.api.DatasetResource)
    GET     /api/v1/namespaces/{namespace}/datasets/{dataset}/versions (marquez.api.DatasetResource)
    GET     /api/v1/namespaces/{namespace}/datasets/{dataset}/versions/{version} (marquez.api.DatasetResource)
    GET     /api/v1/namespaces/{namespace}/jobs (marquez.api.JobResource)
    DELETE  /api/v1/namespaces/{namespace}/jobs/{job} (marquez.api.JobResource)
    GET     /api/v1/namespaces/{namespace}/jobs/{job} (marquez.api.JobResource)
    PUT     /api/v1/namespaces/{namespace}/jobs/{job} (marquez.api.JobResource)
    GET     /api/v1/namespaces/{namespace}/jobs/{job}/runs (marquez.api.JobResource)
    POST    /api/v1/namespaces/{namespace}/jobs/{job}/runs (marquez.api.JobResource)
    GET     /api/v1/namespaces/{namespace}/jobs/{job}/versions (marquez.api.JobResource)
    GET     /api/v1/namespaces/{namespace}/jobs/{job}/versions/{version} (marquez.api.JobResource)
    GET     /api/v1/runlineage/upstream (marquez.api.OpenLineageResource)
    GET     /api/v1/search (marquez.api.SearchResource)
    GET     /api/v1/sources (marquez.api.SourceResource)
    GET     /api/v1/sources/{source} (marquez.api.SourceResource)
    PUT     /api/v1/sources/{source} (marquez.api.SourceResource)
    GET     /api/v1/tags (marquez.api.TagResource)
    PUT     /api/v1/tags/{name} (marquez.api.TagResource)

INFO  [2024-02-09 04:42:36,077] org.eclipse.jetty.server.handler.ContextHandler: Started i.d.j.MutableServletContextHandler@6bde588{/,null,AVAILABLE}
INFO  [2024-02-09 04:42:36,077] io.dropwizard.setup.AdminEnvironment: tasks = 

    POST    /tasks/log-level (io.dropwizard.servlets.tasks.LogConfigurationTask)
    POST    /tasks/gc (io.dropwizard.servlets.tasks.GarbageCollectionTask)

INFO  [2024-02-09 04:42:36,078] org.eclipse.jetty.server.handler.ContextHandler: Started i.d.j.MutableServletContextHandler@28123dc7{/,null,AVAILABLE}
INFO  [2024-02-09 04:42:36,078] org.eclipse.jetty.server.AbstractConnector: Started application@254b2da{HTTP/1.1, (http/1.1)}{0.0.0.0:8080}
INFO  [2024-02-09 04:42:36,079] org.eclipse.jetty.server.AbstractConnector: Started admin@6412084c{HTTP/1.1, (http/1.1)}{0.0.0.0:8081}
INFO  [2024-02-09 04:42:36,079] org.eclipse.jetty.server.Server: Started @101684ms
INFO  [2024-02-09 04:42:36,091] marquez.logging.LoggingMdcFilter: status: 200
127.0.0.1 - - [09/Feb/2024:04:42:36 +0000] "PUT /api/v1/namespaces/s3:%2F%2Ftest_namespace2119728376 HTTP/1.1" 200 218 "-" "marquez-java/0.45.0-SNAPSHOT" 11
INFO  [2024-02-09 04:42:36,097] marquez.service.SourceService: Create/upsert source 'test_source337497322' with meta: SourceMeta(type=SourceType(value=POSTGRESQL), connectionUrl=postgresql://localhost:5432/test1945714517, description=Optional[test_description578921916])
INFO  [2024-02-09 04:42:36,103] marquez.logging.LoggingMdcFilter: status: 200
127.0.0.1 - - [09/Feb/2024:04:42:36 +0000] "PUT /api/v1/sources/test_source337497322 HTTP/1.1" 200 238 "-" "marquez-java/0.45.0-SNAPSHOT" 11
INFO  [2024-02-09 04:42:36,106] marquez.service.SourceService: Create/upsert source 'test_source1245905449' with meta: SourceMeta(type=SourceType(value=POSTGRESQL), connectionUrl=postgresql://localhost:5432/test1945714517, description=Optional[test_description578921916])
INFO  [2024-02-09 04:42:36,111] marquez.logging.LoggingMdcFilter: status: 200
127.0.0.1 - - [09/Feb/2024:04:42:36 +0000] "PUT /api/v1/sources/test_source1245905449 HTTP/1.1" 200 239 "-" "marquez-java/0.45.0-SNAPSHOT" 5
INFO  [2024-02-09 04:42:36,120] marquez.service.DatasetService: Creating or updating dataset 'test-same-io-dataset' for namespace 's3://test_namespace2119728376' with meta: DbTableMeta(super=DatasetMeta(type=DB_TABLE, physicalName=DatasetName(value=test_dataset1075295920), sourceName=SourceName(value=test_source337497322), fields=[Field(name=FieldName(value=test_field1), type=BOOL, tags=[TagName(value=SENSITIVE)], description=Optional[test_description])], tags=[TagName(value=PII)], description=Optional[test_description1036247276], runId=Optional.empty))
INFO  [2024-02-09 04:42:36,156] marquez.logging.LoggingMdcFilter: status: 200
127.0.0.1 - - [09/Feb/2024:04:42:36 +0000] "PUT /api/v1/namespaces/s3:%2F%2Ftest_namespace2119728376/datasets/test-same-io-dataset HTTP/1.1" 200 647 "-" "marquez-java/0.45.0-SNAPSHOT" 47
INFO  [2024-02-09 04:42:36,188] marquez.logging.LoggingMdcFilter: status: 200
127.0.0.1 - - [09/Feb/2024:04:42:36 +0000] "PUT /api/v1/namespaces/s3:%2F%2Ftest_namespace2119728376/jobs/test_job501765130 HTTP/1.1" 200 568 "-" "marquez-java/0.45.0-SNAPSHOT" 31
INFO  [2024-02-09 04:42:36,201] marquez.service.RunService: Creating run for job 'test_job501765130'...
INFO  [2024-02-09 04:42:36,221] marquez.logging.LoggingMdcFilter: status: 201
127.0.0.1 - - [09/Feb/2024:04:42:36 +0000] "POST /api/v1/namespaces/s3:%2F%2Ftest_namespace2119728376/jobs/test_job501765130/runs HTTP/1.1" 201 489 "-" "marquez-java/0.45.0-SNAPSHOT" 30
INFO  [2024-02-09 04:42:36,241] marquez.service.DatasetService: Creating or updating dataset 'test-same-io-dataset' for namespace 's3://test_namespace2119728376' with meta: DbTableMeta(super=DatasetMeta(type=DB_TABLE, physicalName=DatasetName(value=test_dataset1075295920), sourceName=SourceName(value=test_source337497322), fields=[Field(name=FieldName(value=test_field1), type=BOOL, tags=[TagName(value=SENSITIVE)], description=Optional[test_description])], tags=[TagName(value=PII)], description=Optional[test_description1036247276], runId=Optional[RunId(value=1bb1a3f2-9712-49f7-86a5-3fd756f96857)]))
INFO  [2024-02-09 04:42:36,270] marquez.logging.LoggingMdcFilter: status: 200
127.0.0.1 - - [09/Feb/2024:04:42:36 +0000] "PUT /api/v1/namespaces/s3:%2F%2Ftest_namespace2119728376/datasets/test-same-io-dataset HTTP/1.1" 200 647 "-" "marquez-java/0.45.0-SNAPSHOT" 47
INFO  [2024-02-09 04:42:36,310] marquez.logging.LoggingMdcFilter: status: 200
WARN  [2024-02-09 04:42:36,312] org.glassfish.jersey.internal.Errors: The following warnings have been detected: WARNING: The (sub)resource method getRun in marquez.api.RunResource contains empty path annotation.

127.0.0.1 - - [09/Feb/2024:04:42:36 +0000] "POST /api/v1/jobs/runs/1bb1a3f2-9712-49f7-86a5-3fd756f96857/complete HTTP/1.1" 200 794 "-" "marquez-java/0.45.0-SNAPSHOT" 40
INFO  [2024-02-09 04:42:36,317] marquez.logging.LoggingMdcFilter: status: 200
127.0.0.1 - - [09/Feb/2024:04:42:36 +0000] "GET /api/v1/jobs/runs/1bb1a3f2-9712-49f7-86a5-3fd756f96857 HTTP/1.1" 200 372 "-" "Apache-HttpClient/4.5.14 (Java/20.0.1)" 5
INFO  [2024-02-09 04:42:36,326] marquez.logging.LoggingMdcFilter: status: 200
127.0.0.1 - - [09/Feb/2024:04:42:36 +0000] "PUT /api/v1/namespaces/s3:%2F%2Ftest_namespace2119728376 HTTP/1.1" 200 218 "-" "marquez-java/0.45.0-SNAPSHOT" 5
INFO  [2024-02-09 04:42:36,328] marquez.service.SourceService: Create/upsert source 'test_source337497322' with meta: SourceMeta(type=SourceType(value=POSTGRESQL), connectionUrl=postgresql://localhost:5432/test1945714517, description=Optional[test_description578921916])
INFO  [2024-02-09 04:42:36,332] marquez.logging.LoggingMdcFilter: status: 200
127.0.0.1 - - [09/Feb/2024:04:42:36 +0000] "PUT /api/v1/sources/test_source337497322 HTTP/1.1" 200 238 "-" "marquez-java/0.45.0-SNAPSHOT" 5
INFO  [2024-02-09 04:42:36,333] marquez.service.SourceService: Create/upsert source 'test_source1245905449' with meta: SourceMeta(type=SourceType(value=POSTGRESQL), connectionUrl=postgresql://localhost:5432/test1945714517, description=Optional[test_description578921916])
INFO  [2024-02-09 04:42:36,338] marquez.logging.LoggingMdcFilter: status: 200
127.0.0.1 - - [09/Feb/2024:04:42:36 +0000] "PUT /api/v1/sources/test_source1245905449 HTTP/1.1" 200 239 "-" "marquez-java/0.45.0-SNAPSHOT" 5
INFO  [2024-02-09 04:42:36,342] marquez.service.DatasetService: Creating or updating dataset 'test-same-io-dataset' for namespace 's3://test_namespace2119728376' with meta: DbTableMeta(super=DatasetMeta(type=DB_TABLE, physicalName=DatasetName(value=test_dataset1075295920), sourceName=SourceName(value=test_source337497322), fields=[Field(name=FieldName(value=test_field1), type=BOOL, tags=[TagName(value=SENSITIVE)], description=Optional[test_description])], tags=[TagName(value=PII)], description=Optional[test_description1036247276], runId=Optional.empty))
INFO  [2024-02-09 04:42:36,361] marquez.logging.LoggingMdcFilter: status: 200
127.0.0.1 - - [09/Feb/2024:04:42:36 +0000] "PUT /api/v1/namespaces/s3:%2F%2Ftest_namespace2119728376/datasets/test-same-io-dataset HTTP/1.1" 200 672 "-" "marquez-java/0.45.0-SNAPSHOT" 23
INFO  [2024-02-09 04:42:36,377] marquez.logging.LoggingMdcFilter: status: 200
127.0.0.1 - - [09/Feb/2024:04:42:36 +0000] "PUT /api/v1/namespaces/s3:%2F%2Ftest_namespace2119728376/jobs/test_job501765130 HTTP/1.1" 200 1467 "-" "marquez-java/0.45.0-SNAPSHOT" 16
INFO  [2024-02-09 04:42:36,384] marquez.service.RunService: Creating run for job 'test_job501765130'...
INFO  [2024-02-09 04:42:36,397] marquez.logging.LoggingMdcFilter: status: 201
127.0.0.1 - - [09/Feb/2024:04:42:36 +0000] "POST /api/v1/namespaces/s3:%2F%2Ftest_namespace2119728376/jobs/test_job501765130/runs HTTP/1.1" 201 489 "-" "marquez-java/0.45.0-SNAPSHOT" 19
INFO  [2024-02-09 04:42:36,409] marquez.logging.LoggingMdcFilter: status: 200
127.0.0.1 - - [09/Feb/2024:04:42:36 +0000] "POST /api/v1/jobs/runs/b7e3f2e9-1598-4d84-a07c-e869138cbfb6/start HTTP/1.1" 200 518 "-" "marquez-java/0.45.0-SNAPSHOT" 12
INFO  [2024-02-09 04:42:36,434] marquez.logging.LoggingMdcFilter: status: 200
127.0.0.1 - - [09/Feb/2024:04:42:36 +0000] "POST /api/v1/jobs/runs/b7e3f2e9-1598-4d84-a07c-e869138cbfb6/complete HTTP/1.1" 200 660 "-" "marquez-java/0.45.0-SNAPSHOT" 23
INFO  [2024-02-09 04:42:36,463] marquez.logging.LoggingMdcFilter: status: 200
127.0.0.1 - - [09/Feb/2024:04:42:36 +0000] "PUT /api/v1/namespaces/s3:%2F%2Ftest_namespace2119728376/jobs/test_job501765130 HTTP/1.1" 200 1490 "-" "marquez-java/0.45.0-SNAPSHOT" 29
INFO  [2024-02-09 04:42:36,469] marquez.logging.LoggingMdcFilter: status: 200
127.0.0.1 - - [09/Feb/2024:04:42:36 +0000] "GET /api/v1/jobs/runs/b7e3f2e9-1598-4d84-a07c-e869138cbfb6 HTTP/1.1" 200 377 "-" "Apache-HttpClient/4.5.14 (Java/20.0.1)" 5
INFO  [2024-02-09 04:42:36,478] marquez.logging.LoggingMdcFilter: status: 200
127.0.0.1 - - [09/Feb/2024:04:42:36 +0000] "PUT /api/v1/namespaces/s3:%2F%2Ftest_namespace2119728376 HTTP/1.1" 200 218 "-" "marquez-java/0.45.0-SNAPSHOT" 5
INFO  [2024-02-09 04:42:36,480] marquez.service.SourceService: Create/upsert source 'test_source337497322' with meta: SourceMeta(type=SourceType(value=POSTGRESQL), connectionUrl=postgresql://localhost:5432/test1945714517, description=Optional[test_description578921916])
INFO  [2024-02-09 04:42:36,484] marquez.logging.LoggingMdcFilter: status: 200
127.0.0.1 - - [09/Feb/2024:04:42:36 +0000] "PUT /api/v1/sources/test_source337497322 HTTP/1.1" 200 238 "-" "marquez-java/0.45.0-SNAPSHOT" 5
INFO  [2024-02-09 04:42:36,486] marquez.service.SourceService: Create/upsert source 'test_source1245905449' with meta: SourceMeta(type=SourceType(value=POSTGRESQL), connectionUrl=postgresql://localhost:5432/test1945714517, description=Optional[test_description578921916])
INFO  [2024-02-09 04:42:36,490] marquez.logging.LoggingMdcFilter: status: 200
127.0.0.1 - - [09/Feb/2024:04:42:36 +0000] "PUT /api/v1/sources/test_source1245905449 HTTP/1.1" 200 239 "-" "marquez-java/0.45.0-SNAPSHOT" 6
INFO  [2024-02-09 04:42:36,494] marquez.service.DatasetService: Creating or updating dataset 'test-same-io-dataset' for namespace 's3://test_namespace2119728376' with meta: DbTableMeta(super=DatasetMeta(type=DB_TABLE, physicalName=DatasetName(value=test_dataset1075295920), sourceName=SourceName(value=test_source337497322), fields=[Field(name=FieldName(value=test_field1), type=BOOL, tags=[TagName(value=SENSITIVE)], description=Optional[test_description])], tags=[TagName(value=PII)], description=Optional[test_description1036247276], runId=Optional.empty))
INFO  [2024-02-09 04:42:36,510] marquez.logging.LoggingMdcFilter: status: 200
127.0.0.1 - - [09/Feb/2024:04:42:36 +0000] "PUT /api/v1/namespaces/s3:%2F%2Ftest_namespace2119728376/datasets/test-same-io-dataset HTTP/1.1" 200 672 "-" "marquez-java/0.45.0-SNAPSHOT" 19
INFO  [2024-02-09 04:42:36,526] marquez.logging.LoggingMdcFilter: status: 200
127.0.0.1 - - [09/Feb/2024:04:42:36 +0000] "PUT /api/v1/namespaces/s3:%2F%2Ftest_namespace2119728376/jobs/test_job501765130 HTTP/1.1" 200 1490 "-" "marquez-java/0.45.0-SNAPSHOT" 15
INFO  [2024-02-09 04:42:36,533] marquez.service.RunService: Creating run for job 'test_job501765130'...
INFO  [2024-02-09 04:42:36,545] marquez.logging.LoggingMdcFilter: status: 201
127.0.0.1 - - [09/Feb/2024:04:42:36 +0000] "POST /api/v1/namespaces/s3:%2F%2Ftest_namespace2119728376/jobs/test_job501765130/runs HTTP/1.1" 201 489 "-" "marquez-java/0.45.0-SNAPSHOT" 18
INFO  [2024-02-09 04:42:36,572] marquez.logging.LoggingMdcFilter: status: 200
127.0.0.1 - - [09/Feb/2024:04:42:36 +0000] "PUT /api/v1/namespaces/s3:%2F%2Ftest_namespace2119728376/jobs/test_job501765130 HTTP/1.1" 200 1319 "-" "marquez-java/0.45.0-SNAPSHOT" 26
INFO  [2024-02-09 04:42:36,580] marquez.service.DatasetService: Creating or updating dataset 'test-same-io-dataset' for namespace 's3://test_namespace2119728376' with meta: DbTableMeta(super=DatasetMeta(type=DB_TABLE, physicalName=DatasetName(value=test_dataset1075295920), sourceName=SourceName(value=test_source337497322), fields=[Field(name=FieldName(value=test_field1), type=BOOL, tags=[TagName(value=SENSITIVE)], description=Optional[test_description])], tags=[TagName(value=PII)], description=Optional[test_description1036247276], runId=Optional[RunId(value=5fc552ad-f811-4bb3-b7c6-43b7777f6838)]))
INFO  [2024-02-09 04:42:36,599] marquez.logging.LoggingMdcFilter: status: 200
127.0.0.1 - - [09/Feb/2024:04:42:36 +0000] "PUT /api/v1/namespaces/s3:%2F%2Ftest_namespace2119728376/datasets/test-same-io-dataset HTTP/1.1" 200 672 "-" "marquez-java/0.45.0-SNAPSHOT" 25
INFO  [2024-02-09 04:42:36,604] marquez.logging.LoggingMdcFilter: status: 200
127.0.0.1 - - [09/Feb/2024:04:42:36 +0000] "GET /api/v1/jobs/runs/5fc552ad-f811-4bb3-b7c6-43b7777f6838 HTTP/1.1" 200 317 "-" "Apache-HttpClient/4.5.14 (Java/20.0.1)" 4
INFO  [2024-02-09 04:42:36,631] marquez.logging.LoggingMdcFilter: status: 200
127.0.0.1 - - [09/Feb/2024:04:42:36 +0000] "POST /api/v1/jobs/runs/5fc552ad-f811-4bb3-b7c6-43b7777f6838/complete HTTP/1.1" 200 794 "-" "marquez-java/0.45.0-SNAPSHOT" 27
INFO  [2024-02-09 04:42:36,636] marquez.logging.LoggingMdcFilter: status: 200
127.0.0.1 - - [09/Feb/2024:04:42:36 +0000] "GET /api/v1/jobs/runs/5fc552ad-f811-4bb3-b7c6-43b7777f6838 HTTP/1.1" 200 370 "-" "Apache-HttpClient/4.5.14 (Java/20.0.1)" 4
INFO  [2024-02-09 04:42:36,645] marquez.logging.LoggingMdcFilter: status: 200
127.0.0.1 - - [09/Feb/2024:04:42:36 +0000] "PUT /api/v1/namespaces/s3:%2F%2Ftest_namespace2119728376 HTTP/1.1" 200 218 "-" "marquez-java/0.45.0-SNAPSHOT" 6
INFO  [2024-02-09 04:42:36,647] marquez.service.SourceService: Create/upsert source 'test_source337497322' with meta: SourceMeta(type=SourceType(value=POSTGRESQL), connectionUrl=postgresql://localhost:5432/test1945714517, description=Optional[test_description578921916])
INFO  [2024-02-09 04:42:36,652] marquez.logging.LoggingMdcFilter: status: 200
127.0.0.1 - - [09/Feb/2024:04:42:36 +0000] "PUT /api/v1/sources/test_source337497322 HTTP/1.1" 200 238 "-" "marquez-java/0.45.0-SNAPSHOT" 6
INFO  [2024-02-09 04:42:36,654] marquez.service.SourceService: Create/upsert source 'test_source1245905449' with meta: SourceMeta(type=SourceType(value=POSTGRESQL), connectionUrl=postgresql://localhost:5432/test1945714517, description=Optional[test_description578921916])
INFO  [2024-02-09 04:42:36,658] marquez.logging.LoggingMdcFilter: status: 200
127.0.0.1 - - [09/Feb/2024:04:42:36 +0000] "PUT /api/v1/sources/test_source1245905449 HTTP/1.1" 200 239 "-" "marquez-java/0.45.0-SNAPSHOT" 6
INFO  [2024-02-09 04:42:36,663] marquez.service.DatasetService: Creating or updating dataset 'test-same-io-dataset' for namespace 's3://test_namespace2119728376' with meta: DbTableMeta(super=DatasetMeta(type=DB_TABLE, physicalName=DatasetName(value=test_dataset1075295920), sourceName=SourceName(value=test_source337497322), fields=[Field(name=FieldName(value=test_field1), type=BOOL, tags=[TagName(value=SENSITIVE)], description=Optional[test_description])], tags=[TagName(value=PII)], description=Optional[test_description1036247276], runId=Optional.empty))
INFO  [2024-02-09 04:42:36,683] marquez.logging.LoggingMdcFilter: status: 200
127.0.0.1 - - [09/Feb/2024:04:42:36 +0000] "PUT /api/v1/namespaces/s3:%2F%2Ftest_namespace2119728376/datasets/test-same-io-dataset HTTP/1.1" 200 672 "-" "marquez-java/0.45.0-SNAPSHOT" 25
INFO  [2024-02-09 04:42:36,698] marquez.logging.LoggingMdcFilter: status: 200
127.0.0.1 - - [09/Feb/2024:04:42:36 +0000] "PUT /api/v1/namespaces/s3:%2F%2Ftest_namespace2119728376/jobs/test_job501765130 HTTP/1.1" 200 1467 "-" "marquez-java/0.45.0-SNAPSHOT" 14
INFO  [2024-02-09 04:42:36,704] marquez.service.RunService: Creating run for job 'test_job501765130'...
INFO  [2024-02-09 04:42:36,715] marquez.logging.LoggingMdcFilter: status: 201
127.0.0.1 - - [09/Feb/2024:04:42:36 +0000] "POST /api/v1/namespaces/s3:%2F%2Ftest_namespace2119728376/jobs/test_job501765130/runs HTTP/1.1" 201 489 "-" "marquez-java/0.45.0-SNAPSHOT" 16
INFO  [2024-02-09 04:42:36,726] marquez.logging.LoggingMdcFilter: status: 200
127.0.0.1 - - [09/Feb/2024:04:42:36 +0000] "POST /api/v1/jobs/runs/b8cce623-2e34-485e-ac1e-45ce4be13724/start HTTP/1.1" 200 518 "-" "marquez-java/0.45.0-SNAPSHOT" 11
INFO  [2024-02-09 04:42:36,750] marquez.logging.LoggingMdcFilter: status: 200
127.0.0.1 - - [09/Feb/2024:04:42:36 +0000] "PUT /api/v1/namespaces/s3:%2F%2Ftest_namespace2119728376/jobs/test_job501765130 HTTP/1.1" 200 1348 "-" "marquez-java/0.45.0-SNAPSHOT" 23
INFO  [2024-02-09 04:42:36,757] marquez.service.DatasetService: Creating or updating dataset 'test-same-io-dataset' for namespace 's3://test_namespace2119728376' with meta: DbTableMeta(super=DatasetMeta(type=DB_TABLE, physicalName=DatasetName(value=test_dataset1075295920), sourceName=SourceName(value=test_source337497322), fields=[Field(name=FieldName(value=test_field1), type=BOOL, tags=[TagName(value=SENSITIVE)], description=Optional[test_description])], tags=[TagName(value=PII)], description=Optional[test_description1036247276], runId=Optional[RunId(value=b8cce623-2e34-485e-ac1e-45ce4be13724)]))
INFO  [2024-02-09 04:42:36,775] marquez.logging.LoggingMdcFilter: status: 200
127.0.0.1 - - [09/Feb/2024:04:42:36 +0000] "PUT /api/v1/namespaces/s3:%2F%2Ftest_namespace2119728376/datasets/test-same-io-dataset HTTP/1.1" 200 672 "-" "marquez-java/0.45.0-SNAPSHOT" 24
INFO  [2024-02-09 04:42:36,797] marquez.logging.LoggingMdcFilter: status: 200
127.0.0.1 - - [09/Feb/2024:04:42:36 +0000] "POST /api/v1/jobs/runs/b8cce623-2e34-485e-ac1e-45ce4be13724/complete HTTP/1.1" 200 817 "-" "marquez-java/0.45.0-SNAPSHOT" 21
INFO  [2024-02-09 04:42:36,802] marquez.logging.LoggingMdcFilter: status: 200
127.0.0.1 - - [09/Feb/2024:04:42:36 +0000] "GET /api/v1/jobs/runs/b8cce623-2e34-485e-ac1e-45ce4be13724 HTTP/1.1" 200 376 "-" "Apache-HttpClient/4.5.14 (Java/20.0.1)" 3
INFO  [2024-02-09 04:42:36,804] org.eclipse.jetty.server.AbstractConnector: Stopped application@254b2da{HTTP/1.1, (http/1.1)}{0.0.0.0:8080}
INFO  [2024-02-09 04:42:36,804] org.eclipse.jetty.server.AbstractConnector: Stopped admin@6412084c{HTTP/1.1, (http/1.1)}{0.0.0.0:8081}
INFO  [2024-02-09 04:42:36,804] org.eclipse.jetty.server.handler.ContextHandler: Stopped i.d.j.MutableServletContextHandler@28123dc7{/,null,STOPPED}
INFO  [2024-02-09 04:42:36,805] org.eclipse.jetty.server.handler.ContextHandler: Stopped i.d.j.MutableServletContextHandler@6bde588{/,null,STOPPED}
]]></system-out>
  <system-err><![CDATA[]]></system-err>
</testsuite>
