<?xml version="1.0" encoding="UTF-8"?>
<testsuite name="marquez.client.models.JobMetaTest" tests="2" skipped="0" failures="0" errors="0" timestamp="2024-02-09T04:44:23" hostname="MacBook-Air.local" time="0.002">
  <properties/>
  <testcase name="testBuilder_inputsAndOutputsSameNamespace()" classname="marquez.client.models.JobMetaTest" time="0.001"/>
  <testcase name="testToJson()" classname="marquez.client.models.JobMetaTest" time="0.0"/>
  <system-out><![CDATA[]]></system-out>
  <system-err><![CDATA[]]></system-err>
</testsuite>
