<?xml version="1.0" encoding="UTF-8"?>
<testsuite name="marquez.client.MarquezUrlTest" tests="4" skipped="0" failures="0" errors="0" timestamp="2024-02-09T04:44:23" hostname="MacBook-Air.local" time="0.005">
  <properties/>
  <testcase name="testToColumnLineageUrl()" classname="marquez.client.MarquezUrlTest" time="0.002"/>
  <testcase name="testToLineageUrl()" classname="marquez.client.MarquezUrlTest" time="0.001"/>
  <testcase name="testBasicMarquezUrl()" classname="marquez.client.MarquezUrlTest" time="0.0"/>
  <testcase name="testEncodedMarquezUrl()" classname="marquez.client.MarquezUrlTest" time="0.0"/>
  <system-out><![CDATA[]]></system-out>
  <system-err><![CDATA[]]></system-err>
</testsuite>
