<?xml version="1.0" encoding="UTF-8"?>
<testsuite name="marquez.client.models.ColumnLineageInputFieldTest" tests="1" skipped="0" failures="0" errors="0" timestamp="2024-02-09T04:44:23" hostname="MacBook-Air.local" time="0.001">
  <properties/>
  <testcase name="testToleratesNullTransformationTypeAndDescription()" classname="marquez.client.models.ColumnLineageInputFieldTest" time="0.001"/>
  <system-out><![CDATA[]]></system-out>
  <system-err><![CDATA[]]></system-err>
</testsuite>
