<?xml version="1.0" encoding="UTF-8"?>
<testsuite name="marquez.client.models.NodeTest" tests="4" skipped="0" failures="0" errors="0" timestamp="2024-02-09T04:44:23" hostname="MacBook-Air.local" time="0.02">
  <properties/>
  <testcase name="testResolvesCorrectNodeDataTypeFromJsonJob()" classname="marquez.client.models.NodeTest" time="0.014"/>
  <testcase name="testResolvesCorrectNodeDataTypeFromJsonLegacyDatasetField()" classname="marquez.client.models.NodeTest" time="0.002"/>
  <testcase name="testResolvesCorrectNodeDataTypeFromJsonDataset()" classname="marquez.client.models.NodeTest" time="0.002"/>
  <testcase name="testResolvesCorrectNodeDataTypeFromJsonDatasetField()" classname="marquez.client.models.NodeTest" time="0.0"/>
  <system-out><![CDATA[]]></system-out>
  <system-err><![CDATA[]]></system-err>
</testsuite>
