<?xml version="1.0" encoding="UTF-8"?>
<testsuite name="marquez.client.UtilsTest" tests="13" skipped="0" failures="0" errors="0" timestamp="2024-02-09T04:44:23" hostname="MacBook-Air.local" time="0.016">
  <properties/>
  <testcase name="testNotBlank()" classname="marquez.client.UtilsTest" time="0.0"/>
  <testcase name="testCheckNotBlank_throwsOnEmptyString_noErrorMessage()" classname="marquez.client.UtilsTest" time="0.0"/>
  <testcase name="testToUrl()" classname="marquez.client.UtilsTest" time="0.001"/>
  <testcase name="testToJson_throwsOnNull()" classname="marquez.client.UtilsTest" time="0.0"/>
  <testcase name="testFromJson()" classname="marquez.client.UtilsTest" time="0.006"/>
  <testcase name="testFromJson_throwsOnNull()" classname="marquez.client.UtilsTest" time="0.001"/>
  <testcase name="testCheckNotBlank_throwsOnNullString_noErrorMessage()" classname="marquez.client.UtilsTest" time="0.001"/>
  <testcase name="testToUrl_throwsOnNull()" classname="marquez.client.UtilsTest" time="0.001"/>
  <testcase name="testAddAuthTo()" classname="marquez.client.UtilsTest" time="0.001"/>
  <testcase name="testCheckNotBlank_throwsOnBlankString_noErrorMessage()" classname="marquez.client.UtilsTest" time="0.0"/>
  <testcase name="testAddAuthTo_throwsOnNull()" classname="marquez.client.UtilsTest" time="0.0"/>
  <testcase name="testToUrl_stripsTrailingSlash()" classname="marquez.client.UtilsTest" time="0.0"/>
  <testcase name="testToJson()" classname="marquez.client.UtilsTest" time="0.0"/>
  <system-out><![CDATA[]]></system-out>
  <system-err><![CDATA[]]></system-err>
</testsuite>
